#-----------------------------------------------------------
# Vivado v2018.1 (64-bit)
# SW Build 2188600 on Wed Apr  4 18:39:19 MDT 2018
# IP Build 2185939 on Wed Apr  4 20:55:05 MDT 2018
# Start of session at: Mon Jun 27 21:31:01 2022
# Process ID: 27334
# Current directory: /media/nguyenvietthi/DATA/nam4/HTN/embedded_system_20212/fpga/dht11_controller
# Command line: vivado .
# Log file: /media/nguyenvietthi/DATA/nam4/HTN/embedded_system_20212/fpga/dht11_controller/vivado.log
# Journal file: /media/nguyenvietthi/DATA/nam4/HTN/embedded_system_20212/fpga/dht11_controller/vivado.jou
#-----------------------------------------------------------
start_gui
WARNING: [Board 49-26] cannot add Board Part em.avnet.com:ultrazed_7ev_cc_es2:part0:1.1 available at /media/nguyenvietthi/DATA/linux_tools/Xilinx/Vivado/2018.1/data/boards/board_files/bdf-master/ultrazed_7ev_cc_es2/1.1/board.xml as part xczu7ev-fbvb900-1-i-es2 specified in board_part file is either invalid or not available
WARNING: [Board 49-26] cannot add Board Part em.avnet.com:ultrazed_eg_iocc:part0:1.0 available at /media/nguyenvietthi/DATA/linux_tools/Xilinx/Vivado/2018.1/data/boards/board_files/bdf-master/ultrazed_3eg_iocc_es1/1.0/board.xml as part xczu3eg-sfva625-1-i-es1 specified in board_part file is either invalid or not available
WARNING: [Board 49-26] cannot add Board Part em.avnet.com:ultrazed_eg_pciecc:part0:1.0 available at /media/nguyenvietthi/DATA/linux_tools/Xilinx/Vivado/2018.1/data/boards/board_files/bdf-master/ultrazed_3eg_pciecc_es1/1.0/board.xml as part xczu3eg-sfva625-1-i-es1 specified in board_part file is either invalid or not available
WARNING: [Board 49-26] cannot add Board Part em.avnet.com:ultrazed_eg_som:part0:1.0 available at /media/nguyenvietthi/DATA/linux_tools/Xilinx/Vivado/2018.1/data/boards/board_files/bdf-master/ultrazed_3eg_som_es1/1.0/board.xml as part xczu3eg-sfva625-1-i-es1 specified in board_part file is either invalid or not available
WARNING: [Board 49-26] cannot add Board Part em.avnet.com:ultrazed_ev_som_es2:part0:1.1 available at /media/nguyenvietthi/DATA/linux_tools/Xilinx/Vivado/2018.1/data/boards/board_files/bdf-master/ultrazed_7ev_som_es2/1.1/board.xml as part xczu7ev-fbvb900-1-i-es2 specified in board_part file is either invalid or not available
WARNING: [Board 49-26] cannot add Board Part em.avnet.com:ultrazed_7ev_cc_es2:part0:1.1 available at /media/nguyenvietthi/DATA/linux_tools/Xilinx/Vivado/2018.1/data/boards/board_files/bdf-master/ultrazed_7ev_cc_es2/1.1/board.xml as part xczu7ev-fbvb900-1-i-es2 specified in board_part file is either invalid or not available
WARNING: [Board 49-26] cannot add Board Part em.avnet.com:ultrazed_eg_iocc:part0:1.0 available at /media/nguyenvietthi/DATA/linux_tools/Xilinx/Vivado/2018.1/data/boards/board_files/bdf-master/ultrazed_3eg_iocc_es1/1.0/board.xml as part xczu3eg-sfva625-1-i-es1 specified in board_part file is either invalid or not available
WARNING: [Board 49-26] cannot add Board Part em.avnet.com:ultrazed_eg_pciecc:part0:1.0 available at /media/nguyenvietthi/DATA/linux_tools/Xilinx/Vivado/2018.1/data/boards/board_files/bdf-master/ultrazed_3eg_pciecc_es1/1.0/board.xml as part xczu3eg-sfva625-1-i-es1 specified in board_part file is either invalid or not available
WARNING: [Board 49-26] cannot add Board Part em.avnet.com:ultrazed_eg_som:part0:1.0 available at /media/nguyenvietthi/DATA/linux_tools/Xilinx/Vivado/2018.1/data/boards/board_files/bdf-master/ultrazed_3eg_som_es1/1.0/board.xml as part xczu3eg-sfva625-1-i-es1 specified in board_part file is either invalid or not available
WARNING: [Board 49-26] cannot add Board Part em.avnet.com:ultrazed_ev_som_es2:part0:1.1 available at /media/nguyenvietthi/DATA/linux_tools/Xilinx/Vivado/2018.1/data/boards/board_files/bdf-master/ultrazed_7ev_som_es2/1.1/board.xml as part xczu7ev-fbvb900-1-i-es2 specified in board_part file is either invalid or not available
WARNING: [Board 49-26] cannot add Board Part em.avnet.com:ultrazed_7ev_cc_es2:part0:1.1 available at /media/nguyenvietthi/DATA/linux_tools/Xilinx/Vivado/2018.1/data/boards/board_files/bdf-master/ultrazed_7ev_cc_es2/1.1/board.xml as part xczu7ev-fbvb900-1-i-es2 specified in board_part file is either invalid or not available
WARNING: [Board 49-26] cannot add Board Part em.avnet.com:ultrazed_eg_iocc:part0:1.0 available at /media/nguyenvietthi/DATA/linux_tools/Xilinx/Vivado/2018.1/data/boards/board_files/bdf-master/ultrazed_3eg_iocc_es1/1.0/board.xml as part xczu3eg-sfva625-1-i-es1 specified in board_part file is either invalid or not available
WARNING: [Board 49-26] cannot add Board Part em.avnet.com:ultrazed_eg_pciecc:part0:1.0 available at /media/nguyenvietthi/DATA/linux_tools/Xilinx/Vivado/2018.1/data/boards/board_files/bdf-master/ultrazed_3eg_pciecc_es1/1.0/board.xml as part xczu3eg-sfva625-1-i-es1 specified in board_part file is either invalid or not available
WARNING: [Board 49-26] cannot add Board Part em.avnet.com:ultrazed_eg_som:part0:1.0 available at /media/nguyenvietthi/DATA/linux_tools/Xilinx/Vivado/2018.1/data/boards/board_files/bdf-master/ultrazed_3eg_som_es1/1.0/board.xml as part xczu3eg-sfva625-1-i-es1 specified in board_part file is either invalid or not available
WARNING: [Board 49-26] cannot add Board Part em.avnet.com:ultrazed_ev_som_es2:part0:1.1 available at /media/nguyenvietthi/DATA/linux_tools/Xilinx/Vivado/2018.1/data/boards/board_files/bdf-master/ultrazed_7ev_som_es2/1.1/board.xml as part xczu7ev-fbvb900-1-i-es2 specified in board_part file is either invalid or not available
WARNING: [Board 49-26] cannot add Board Part em.avnet.com:ultrazed_7ev_cc_es2:part0:1.1 available at /media/nguyenvietthi/DATA/linux_tools/Xilinx/Vivado/2018.1/data/boards/board_files/bdf-master/ultrazed_7ev_cc_es2/1.1/board.xml as part xczu7ev-fbvb900-1-i-es2 specified in board_part file is either invalid or not available
WARNING: [Board 49-26] cannot add Board Part em.avnet.com:ultrazed_eg_iocc:part0:1.0 available at /media/nguyenvietthi/DATA/linux_tools/Xilinx/Vivado/2018.1/data/boards/board_files/bdf-master/ultrazed_3eg_iocc_es1/1.0/board.xml as part xczu3eg-sfva625-1-i-es1 specified in board_part file is either invalid or not available
WARNING: [Board 49-26] cannot add Board Part em.avnet.com:ultrazed_eg_pciecc:part0:1.0 available at /media/nguyenvietthi/DATA/linux_tools/Xilinx/Vivado/2018.1/data/boards/board_files/bdf-master/ultrazed_3eg_pciecc_es1/1.0/board.xml as part xczu3eg-sfva625-1-i-es1 specified in board_part file is either invalid or not available
WARNING: [Board 49-26] cannot add Board Part em.avnet.com:ultrazed_eg_som:part0:1.0 available at /media/nguyenvietthi/DATA/linux_tools/Xilinx/Vivado/2018.1/data/boards/board_files/bdf-master/ultrazed_3eg_som_es1/1.0/board.xml as part xczu3eg-sfva625-1-i-es1 specified in board_part file is either invalid or not available
WARNING: [Board 49-26] cannot add Board Part em.avnet.com:ultrazed_ev_som_es2:part0:1.1 available at /media/nguyenvietthi/DATA/linux_tools/Xilinx/Vivado/2018.1/data/boards/board_files/bdf-master/ultrazed_7ev_som_es2/1.1/board.xml as part xczu7ev-fbvb900-1-i-es2 specified in board_part file is either invalid or not available
WARNING: [Board 49-26] cannot add Board Part em.avnet.com:ultrazed_7ev_cc_es2:part0:1.1 available at /media/nguyenvietthi/DATA/linux_tools/Xilinx/Vivado/2018.1/data/boards/board_files/bdf-master/ultrazed_7ev_cc_es2/1.1/board.xml as part xczu7ev-fbvb900-1-i-es2 specified in board_part file is either invalid or not available
WARNING: [Board 49-26] cannot add Board Part em.avnet.com:ultrazed_eg_iocc:part0:1.0 available at /media/nguyenvietthi/DATA/linux_tools/Xilinx/Vivado/2018.1/data/boards/board_files/bdf-master/ultrazed_3eg_iocc_es1/1.0/board.xml as part xczu3eg-sfva625-1-i-es1 specified in board_part file is either invalid or not available
WARNING: [Board 49-26] cannot add Board Part em.avnet.com:ultrazed_eg_pciecc:part0:1.0 available at /media/nguyenvietthi/DATA/linux_tools/Xilinx/Vivado/2018.1/data/boards/board_files/bdf-master/ultrazed_3eg_pciecc_es1/1.0/board.xml as part xczu3eg-sfva625-1-i-es1 specified in board_part file is either invalid or not available
WARNING: [Board 49-26] cannot add Board Part em.avnet.com:ultrazed_eg_som:part0:1.0 available at /media/nguyenvietthi/DATA/linux_tools/Xilinx/Vivado/2018.1/data/boards/board_files/bdf-master/ultrazed_3eg_som_es1/1.0/board.xml as part xczu3eg-sfva625-1-i-es1 specified in board_part file is either invalid or not available
WARNING: [Board 49-26] cannot add Board Part em.avnet.com:ultrazed_ev_som_es2:part0:1.1 available at /media/nguyenvietthi/DATA/linux_tools/Xilinx/Vivado/2018.1/data/boards/board_files/bdf-master/ultrazed_7ev_som_es2/1.1/board.xml as part xczu7ev-fbvb900-1-i-es2 specified in board_part file is either invalid or not available
WARNING: [Board 49-26] cannot add Board Part em.avnet.com:ultrazed_7ev_cc_es2:part0:1.1 available at /media/nguyenvietthi/DATA/linux_tools/Xilinx/Vivado/2018.1/data/boards/board_files/bdf-master/ultrazed_7ev_cc_es2/1.1/board.xml as part xczu7ev-fbvb900-1-i-es2 specified in board_part file is either invalid or not available
WARNING: [Board 49-26] cannot add Board Part em.avnet.com:ultrazed_eg_iocc:part0:1.0 available at /media/nguyenvietthi/DATA/linux_tools/Xilinx/Vivado/2018.1/data/boards/board_files/bdf-master/ultrazed_3eg_iocc_es1/1.0/board.xml as part xczu3eg-sfva625-1-i-es1 specified in board_part file is either invalid or not available
WARNING: [Board 49-26] cannot add Board Part em.avnet.com:ultrazed_eg_pciecc:part0:1.0 available at /media/nguyenvietthi/DATA/linux_tools/Xilinx/Vivado/2018.1/data/boards/board_files/bdf-master/ultrazed_3eg_pciecc_es1/1.0/board.xml as part xczu3eg-sfva625-1-i-es1 specified in board_part file is either invalid or not available
WARNING: [Board 49-26] cannot add Board Part em.avnet.com:ultrazed_eg_som:part0:1.0 available at /media/nguyenvietthi/DATA/linux_tools/Xilinx/Vivado/2018.1/data/boards/board_files/bdf-master/ultrazed_3eg_som_es1/1.0/board.xml as part xczu3eg-sfva625-1-i-es1 specified in board_part file is either invalid or not available
WARNING: [Board 49-26] cannot add Board Part em.avnet.com:ultrazed_ev_som_es2:part0:1.1 available at /media/nguyenvietthi/DATA/linux_tools/Xilinx/Vivado/2018.1/data/boards/board_files/bdf-master/ultrazed_7ev_som_es2/1.1/board.xml as part xczu7ev-fbvb900-1-i-es2 specified in board_part file is either invalid or not available
WARNING: [Board 49-26] cannot add Board Part em.avnet.com:ultrazed_7ev_cc_es2:part0:1.1 available at /media/nguyenvietthi/DATA/linux_tools/Xilinx/Vivado/2018.1/data/boards/board_files/bdf-master/ultrazed_7ev_cc_es2/1.1/board.xml as part xczu7ev-fbvb900-1-i-es2 specified in board_part file is either invalid or not available
WARNING: [Board 49-26] cannot add Board Part em.avnet.com:ultrazed_eg_iocc:part0:1.0 available at /media/nguyenvietthi/DATA/linux_tools/Xilinx/Vivado/2018.1/data/boards/board_files/bdf-master/ultrazed_3eg_iocc_es1/1.0/board.xml as part xczu3eg-sfva625-1-i-es1 specified in board_part file is either invalid or not available
WARNING: [Board 49-26] cannot add Board Part em.avnet.com:ultrazed_eg_pciecc:part0:1.0 available at /media/nguyenvietthi/DATA/linux_tools/Xilinx/Vivado/2018.1/data/boards/board_files/bdf-master/ultrazed_3eg_pciecc_es1/1.0/board.xml as part xczu3eg-sfva625-1-i-es1 specified in board_part file is either invalid or not available
WARNING: [Board 49-26] cannot add Board Part em.avnet.com:ultrazed_eg_som:part0:1.0 available at /media/nguyenvietthi/DATA/linux_tools/Xilinx/Vivado/2018.1/data/boards/board_files/bdf-master/ultrazed_3eg_som_es1/1.0/board.xml as part xczu3eg-sfva625-1-i-es1 specified in board_part file is either invalid or not available
WARNING: [Board 49-26] cannot add Board Part em.avnet.com:ultrazed_ev_som_es2:part0:1.1 available at /media/nguyenvietthi/DATA/linux_tools/Xilinx/Vivado/2018.1/data/boards/board_files/bdf-master/ultrazed_7ev_som_es2/1.1/board.xml as part xczu7ev-fbvb900-1-i-es2 specified in board_part file is either invalid or not available
WARNING: [Board 49-26] cannot add Board Part em.avnet.com:ultrazed_7ev_cc_es2:part0:1.1 available at /media/nguyenvietthi/DATA/linux_tools/Xilinx/Vivado/2018.1/data/boards/board_files/bdf-master/ultrazed_7ev_cc_es2/1.1/board.xml as part xczu7ev-fbvb900-1-i-es2 specified in board_part file is either invalid or not available
WARNING: [Board 49-26] cannot add Board Part em.avnet.com:ultrazed_eg_iocc:part0:1.0 available at /media/nguyenvietthi/DATA/linux_tools/Xilinx/Vivado/2018.1/data/boards/board_files/bdf-master/ultrazed_3eg_iocc_es1/1.0/board.xml as part xczu3eg-sfva625-1-i-es1 specified in board_part file is either invalid or not available
WARNING: [Board 49-26] cannot add Board Part em.avnet.com:ultrazed_eg_pciecc:part0:1.0 available at /media/nguyenvietthi/DATA/linux_tools/Xilinx/Vivado/2018.1/data/boards/board_files/bdf-master/ultrazed_3eg_pciecc_es1/1.0/board.xml as part xczu3eg-sfva625-1-i-es1 specified in board_part file is either invalid or not available
WARNING: [Board 49-26] cannot add Board Part em.avnet.com:ultrazed_eg_som:part0:1.0 available at /media/nguyenvietthi/DATA/linux_tools/Xilinx/Vivado/2018.1/data/boards/board_files/bdf-master/ultrazed_3eg_som_es1/1.0/board.xml as part xczu3eg-sfva625-1-i-es1 specified in board_part file is either invalid or not available
WARNING: [Board 49-26] cannot add Board Part em.avnet.com:ultrazed_ev_som_es2:part0:1.1 available at /media/nguyenvietthi/DATA/linux_tools/Xilinx/Vivado/2018.1/data/boards/board_files/bdf-master/ultrazed_7ev_som_es2/1.1/board.xml as part xczu7ev-fbvb900-1-i-es2 specified in board_part file is either invalid or not available
WARNING: [Board 49-26] cannot add Board Part em.avnet.com:ultrazed_7ev_cc_es2:part0:1.1 available at /media/nguyenvietthi/DATA/linux_tools/Xilinx/Vivado/2018.1/data/boards/board_files/bdf-master/ultrazed_7ev_cc_es2/1.1/board.xml as part xczu7ev-fbvb900-1-i-es2 specified in board_part file is either invalid or not available
WARNING: [Board 49-26] cannot add Board Part em.avnet.com:ultrazed_eg_iocc:part0:1.0 available at /media/nguyenvietthi/DATA/linux_tools/Xilinx/Vivado/2018.1/data/boards/board_files/bdf-master/ultrazed_3eg_iocc_es1/1.0/board.xml as part xczu3eg-sfva625-1-i-es1 specified in board_part file is either invalid or not available
WARNING: [Board 49-26] cannot add Board Part em.avnet.com:ultrazed_eg_pciecc:part0:1.0 available at /media/nguyenvietthi/DATA/linux_tools/Xilinx/Vivado/2018.1/data/boards/board_files/bdf-master/ultrazed_3eg_pciecc_es1/1.0/board.xml as part xczu3eg-sfva625-1-i-es1 specified in board_part file is either invalid or not available
WARNING: [Board 49-26] cannot add Board Part em.avnet.com:ultrazed_eg_som:part0:1.0 available at /media/nguyenvietthi/DATA/linux_tools/Xilinx/Vivado/2018.1/data/boards/board_files/bdf-master/ultrazed_3eg_som_es1/1.0/board.xml as part xczu3eg-sfva625-1-i-es1 specified in board_part file is either invalid or not available
WARNING: [Board 49-26] cannot add Board Part em.avnet.com:ultrazed_ev_som_es2:part0:1.1 available at /media/nguyenvietthi/DATA/linux_tools/Xilinx/Vivado/2018.1/data/boards/board_files/bdf-master/ultrazed_7ev_som_es2/1.1/board.xml as part xczu7ev-fbvb900-1-i-es2 specified in board_part file is either invalid or not available
WARNING: [Board 49-26] cannot add Board Part em.avnet.com:ultrazed_7ev_cc_es2:part0:1.1 available at /media/nguyenvietthi/DATA/linux_tools/Xilinx/Vivado/2018.1/data/boards/board_files/bdf-master/ultrazed_7ev_cc_es2/1.1/board.xml as part xczu7ev-fbvb900-1-i-es2 specified in board_part file is either invalid or not available
WARNING: [Board 49-26] cannot add Board Part em.avnet.com:ultrazed_eg_iocc:part0:1.0 available at /media/nguyenvietthi/DATA/linux_tools/Xilinx/Vivado/2018.1/data/boards/board_files/bdf-master/ultrazed_3eg_iocc_es1/1.0/board.xml as part xczu3eg-sfva625-1-i-es1 specified in board_part file is either invalid or not available
WARNING: [Board 49-26] cannot add Board Part em.avnet.com:ultrazed_eg_pciecc:part0:1.0 available at /media/nguyenvietthi/DATA/linux_tools/Xilinx/Vivado/2018.1/data/boards/board_files/bdf-master/ultrazed_3eg_pciecc_es1/1.0/board.xml as part xczu3eg-sfva625-1-i-es1 specified in board_part file is either invalid or not available
WARNING: [Board 49-26] cannot add Board Part em.avnet.com:ultrazed_eg_som:part0:1.0 available at /media/nguyenvietthi/DATA/linux_tools/Xilinx/Vivado/2018.1/data/boards/board_files/bdf-master/ultrazed_3eg_som_es1/1.0/board.xml as part xczu3eg-sfva625-1-i-es1 specified in board_part file is either invalid or not available
WARNING: [Board 49-26] cannot add Board Part em.avnet.com:ultrazed_ev_som_es2:part0:1.1 available at /media/nguyenvietthi/DATA/linux_tools/Xilinx/Vivado/2018.1/data/boards/board_files/bdf-master/ultrazed_7ev_som_es2/1.1/board.xml as part xczu7ev-fbvb900-1-i-es2 specified in board_part file is either invalid or not available
WARNING: [Board 49-26] cannot add Board Part em.avnet.com:ultrazed_7ev_cc_es2:part0:1.1 available at /media/nguyenvietthi/DATA/linux_tools/Xilinx/Vivado/2018.1/data/boards/board_files/bdf-master/ultrazed_7ev_cc_es2/1.1/board.xml as part xczu7ev-fbvb900-1-i-es2 specified in board_part file is either invalid or not available
WARNING: [Board 49-26] cannot add Board Part em.avnet.com:ultrazed_eg_iocc:part0:1.0 available at /media/nguyenvietthi/DATA/linux_tools/Xilinx/Vivado/2018.1/data/boards/board_files/bdf-master/ultrazed_3eg_iocc_es1/1.0/board.xml as part xczu3eg-sfva625-1-i-es1 specified in board_part file is either invalid or not available
WARNING: [Board 49-26] cannot add Board Part em.avnet.com:ultrazed_eg_pciecc:part0:1.0 available at /media/nguyenvietthi/DATA/linux_tools/Xilinx/Vivado/2018.1/data/boards/board_files/bdf-master/ultrazed_3eg_pciecc_es1/1.0/board.xml as part xczu3eg-sfva625-1-i-es1 specified in board_part file is either invalid or not available
WARNING: [Board 49-26] cannot add Board Part em.avnet.com:ultrazed_eg_som:part0:1.0 available at /media/nguyenvietthi/DATA/linux_tools/Xilinx/Vivado/2018.1/data/boards/board_files/bdf-master/ultrazed_3eg_som_es1/1.0/board.xml as part xczu3eg-sfva625-1-i-es1 specified in board_part file is either invalid or not available
WARNING: [Board 49-26] cannot add Board Part em.avnet.com:ultrazed_ev_som_es2:part0:1.1 available at /media/nguyenvietthi/DATA/linux_tools/Xilinx/Vivado/2018.1/data/boards/board_files/bdf-master/ultrazed_7ev_som_es2/1.1/board.xml as part xczu7ev-fbvb900-1-i-es2 specified in board_part file is either invalid or not available
WARNING: [Board 49-26] cannot add Board Part em.avnet.com:ultrazed_7ev_cc_es2:part0:1.1 available at /media/nguyenvietthi/DATA/linux_tools/Xilinx/Vivado/2018.1/data/boards/board_files/bdf-master/ultrazed_7ev_cc_es2/1.1/board.xml as part xczu7ev-fbvb900-1-i-es2 specified in board_part file is either invalid or not available
WARNING: [Board 49-26] cannot add Board Part em.avnet.com:ultrazed_eg_iocc:part0:1.0 available at /media/nguyenvietthi/DATA/linux_tools/Xilinx/Vivado/2018.1/data/boards/board_files/bdf-master/ultrazed_3eg_iocc_es1/1.0/board.xml as part xczu3eg-sfva625-1-i-es1 specified in board_part file is either invalid or not available
WARNING: [Board 49-26] cannot add Board Part em.avnet.com:ultrazed_eg_pciecc:part0:1.0 available at /media/nguyenvietthi/DATA/linux_tools/Xilinx/Vivado/2018.1/data/boards/board_files/bdf-master/ultrazed_3eg_pciecc_es1/1.0/board.xml as part xczu3eg-sfva625-1-i-es1 specified in board_part file is either invalid or not available
WARNING: [Board 49-26] cannot add Board Part em.avnet.com:ultrazed_eg_som:part0:1.0 available at /media/nguyenvietthi/DATA/linux_tools/Xilinx/Vivado/2018.1/data/boards/board_files/bdf-master/ultrazed_3eg_som_es1/1.0/board.xml as part xczu3eg-sfva625-1-i-es1 specified in board_part file is either invalid or not available
WARNING: [Board 49-26] cannot add Board Part em.avnet.com:ultrazed_ev_som_es2:part0:1.1 available at /media/nguyenvietthi/DATA/linux_tools/Xilinx/Vivado/2018.1/data/boards/board_files/bdf-master/ultrazed_7ev_som_es2/1.1/board.xml as part xczu7ev-fbvb900-1-i-es2 specified in board_part file is either invalid or not available
create_project dht11_controller . -part xc7z020clg484-1
INFO: [IP_Flow 19-234] Refreshing IP repositories
INFO: [IP_Flow 19-1704] No user IP repositories specified
INFO: [IP_Flow 19-2313] Loaded Vivado IP repository '/media/nguyenvietthi/DATA/linux_tools/Xilinx/Vivado/2018.1/data/ip'.
create_project: Time (s): cpu = 00:00:12 ; elapsed = 00:00:25 . Memory (MB): peak = 6142.062 ; gain = 29.543 ; free physical = 1214 ; free virtual = 20505
set_property board_part em.avnet.com:zed:part0:1.4 [current_project]
add_files -norecurse {/media/nguyenvietthi/DATA/nam4/HTN/embedded_system_20212/fpga/dht11_controller/src/CU.vhd /media/nguyenvietthi/DATA/nam4/HTN/embedded_system_20212/fpga/dht11_controller/src/dht11_sa.vhd /media/nguyenvietthi/DATA/nam4/HTN/embedded_system_20212/fpga/dht11_controller/src/dht11_axi.vhd /media/nguyenvietthi/DATA/nam4/HTN/embedded_system_20212/fpga/dht11_controller/src/dht11_pkg_syn.vhd /media/nguyenvietthi/DATA/nam4/HTN/embedded_system_20212/fpga/dht11_controller/src/datapath.vhd /media/nguyenvietthi/DATA/nam4/HTN/embedded_system_20212/fpga/dht11_controller/src/dht11_ctrl.vhd /media/nguyenvietthi/DATA/nam4/HTN/embedded_system_20212/fpga/dht11_controller/src/dht11_sa_top.vhd /media/nguyenvietthi/DATA/nam4/HTN/embedded_system_20212/fpga/dht11_controller/src/axi_pkg.vhd /media/nguyenvietthi/DATA/nam4/HTN/embedded_system_20212/fpga/dht11_controller/src/debouncer.vhd /media/nguyenvietthi/DATA/nam4/HTN/embedded_system_20212/fpga/dht11_controller/src/dht11_axi_top.vhd}
update_compile_order -fileset sources_1
update_compile_order -fileset sources_1
WARNING: [IP_Flow 19-3899] Cannot get the environment domain name variable for the component vendor name. Setting the vendor name to 'user.org'.
ipx::package_project -root_dir /media/nguyenvietthi/DATA/nam4/HTN/embedded_system_20212/fpga/dht11_controller -vendor user.org -library user -taxonomy /UserIP
WARNING: [IP_Flow 19-3833] Unreferenced file from the top module is not packaged: '/media/nguyenvietthi/DATA/nam4/HTN/embedded_system_20212/fpga/dht11_controller/src/debouncer.vhd'.
WARNING: [IP_Flow 19-3833] Unreferenced file from the top module is not packaged: '/media/nguyenvietthi/DATA/nam4/HTN/embedded_system_20212/fpga/dht11_controller/src/dht11_sa.vhd'.
WARNING: [IP_Flow 19-3833] Unreferenced file from the top module is not packaged: '/media/nguyenvietthi/DATA/nam4/HTN/embedded_system_20212/fpga/dht11_controller/src/dht11_sa_top.vhd'.
WARNING: [IP_Flow 19-3833] Unreferenced file from the top module is not packaged: '/media/nguyenvietthi/DATA/nam4/HTN/embedded_system_20212/fpga/dht11_controller/src/dht11_pkg_syn.vhd'.
INFO: [IP_Flow 19-5107] Inferred bus interface 's0_axi' of definition 'xilinx.com:interface:aximm:1.0' (from Xilinx Repository).
INFO: [IP_Flow 19-5107] Inferred bus interface 'aresetn' of definition 'xilinx.com:signal:reset:1.0' (from Xilinx Repository).
INFO: [IP_Flow 19-5107] Inferred bus interface 'aclk' of definition 'xilinx.com:signal:clock:1.0' (from Xilinx Repository).
INFO: [IP_Flow 19-4728] Bus Interface 'aresetn': Added interface parameter 'POLARITY' with value 'ACTIVE_LOW'.
INFO: [IP_Flow 19-4728] Bus Interface 'aclk': Added interface parameter 'ASSOCIATED_BUSIF' with value 's0_axi'.
INFO: [IP_Flow 19-4728] Bus Interface 'aclk': Added interface parameter 'ASSOCIATED_RESET' with value 'aresetn'.
INFO: [IP_Flow 19-2181] Payment Required is not set for this core.
INFO: [IP_Flow 19-2187] The Product Guide file is missing.
set_property widget {textEdit} [ipgui::get_guiparamspec -name "freq" -component [ipx::current_core] ]
set_property value 100 [ipx::get_user_parameters freq -of_objects [ipx::current_core]]
set_property value 100 [ipx::get_hdl_parameters freq -of_objects [ipx::current_core]]
set_property core_revision 2 [ipx::current_core]
ipx::create_xgui_files [ipx::current_core]
ipx::update_checksums [ipx::current_core]
ipx::save_core [ipx::current_core]
set_property  ip_repo_paths  /media/nguyenvietthi/DATA/nam4/HTN/embedded_system_20212/fpga/dht11_controller [current_project]
update_ip_catalog
INFO: [IP_Flow 19-234] Refreshing IP repositories
INFO: [IP_Flow 19-1700] Loaded user IP repository '/media/nguyenvietthi/DATA/nam4/HTN/embedded_system_20212/fpga/dht11_controller'.
exit
INFO: [Common 17-206] Exiting Vivado at Mon Jun 27 21:33:50 2022...
