Copyright 1986-2018 Xilinx, Inc. All Rights Reserved.
---------------------------------------------------------------------------------------------
| Tool Version : Vivado v.2018.1 (lin64) Build 2188600 Wed Apr  4 18:39:19 MDT 2018
| Date         : Tue Jun 28 13:47:22 2022
| Host         : nguyenvietthi running 64-bit Ubuntu 20.04.4 LTS
| Command      : report_control_sets -verbose -file design_1_wrapper_control_sets_placed.rpt
| Design       : design_1_wrapper
| Device       : xc7z020
---------------------------------------------------------------------------------------------

Control Set Information

Table of Contents
-----------------
1. Summary
2. Histogram
3. Flip-Flop Distribution
4. Detailed Control Set Information

1. Summary
----------

+----------------------------------------------------------+-------+
|                          Status                          | Count |
+----------------------------------------------------------+-------+
| Number of unique control sets                            |   185 |
| Unused register locations in slices containing registers |   198 |
+----------------------------------------------------------+-------+


2. Histogram
------------

+--------+--------------+
| Fanout | Control Sets |
+--------+--------------+
|      1 |            7 |
|      2 |            1 |
|      3 |            1 |
|      4 |            7 |
|      5 |           10 |
|      6 |            3 |
|      8 |          124 |
|      9 |            1 |
|     13 |            2 |
|     14 |            5 |
|    16+ |           24 |
+--------+--------------+


3. Flip-Flop Distribution
-------------------------

+--------------+-----------------------+------------------------+-----------------+--------------+
| Clock Enable | Synchronous Set/Reset | Asynchronous Set/Reset | Total Registers | Total Slices |
+--------------+-----------------------+------------------------+-----------------+--------------+
| No           | No                    | No                     |             210 |           74 |
| No           | No                    | Yes                    |              22 |            9 |
| No           | Yes                   | No                     |             172 |           60 |
| Yes          | No                    | No                     |             485 |          121 |
| Yes          | No                    | Yes                    |              38 |           13 |
| Yes          | Yes                   | No                     |            1171 |          357 |
+--------------+-----------------------+------------------------+-----------------+--------------+


4. Detailed Control Set Information
-----------------------------------

+-----------------------------------------------------------------------------------------+----------------------------------------------------------------------------------------------------------------------------------------------------------------+------------------------------------------------------------------------------------------------------------------------------------------+------------------+----------------+
|                                       Clock Signal                                      |                                                                          Enable Signal                                                                         |                                                             Set/Reset Signal                                                             | Slice Load Count | Bel Load Count |
+-----------------------------------------------------------------------------------------+----------------------------------------------------------------------------------------------------------------------------------------------------------------+------------------------------------------------------------------------------------------------------------------------------------------+------------------+----------------+
| ~design_1_i/oled_controller_0/inst/oledControl_v1_0_S00_AXI_inst/oledTop/OC/SC/clock_10 | design_1_i/oled_controller_0/inst/oledControl_v1_0_S00_AXI_inst/oledTop/OC/SC/FSM_onehot_state_reg_n_1_[1]                                                     | design_1_i/oled_controller_0/inst/oledControl_v1_0_S00_AXI_inst/oledTop/OC/SC/spi_data_reg_0                                             |                1 |              1 |
|  design_1_i/processing_system7_0/inst/FCLK_CLK0                                         | design_1_i/oled_controller_0/inst/oledControl_v1_0_S00_AXI_inst/oledTop/OC/SC/oled_reset_n_reg                                                                 | design_1_i/oled_controller_0/inst/oledControl_v1_0_S00_AXI_inst/oledTop/OC/SC/spi_data_reg_0                                             |                1 |              1 |
|  design_1_i/processing_system7_0/inst/FCLK_CLK1                                         |                                                                                                                                                                |                                                                                                                                          |                1 |              1 |
|  design_1_i/processing_system7_0/inst/FCLK_CLK0                                         | design_1_i/axi_apb_bridge_0/U0/APB_MASTER_IF_MODULE/PWDATA_i[31]_i_1_n_1                                                                                       | design_1_i/axi_apb_bridge_0/U0/AXILITE_SLAVE_IF_MODULE/address_i_reg[0]_0                                                                |                1 |              1 |
|  design_1_i/processing_system7_0/inst/FCLK_CLK0                                         | design_1_i/oled_controller_0/inst/oledControl_v1_0_S00_AXI_inst/oledTop/OC/oled_vdd_i_1_n_1                                                                    | design_1_i/oled_controller_0/inst/oledControl_v1_0_S00_AXI_inst/oledTop/OC/SC/spi_data_reg_0                                             |                1 |              1 |
|  design_1_i/processing_system7_0/inst/FCLK_CLK0                                         | design_1_i/oled_controller_0/inst/oledControl_v1_0_S00_AXI_inst/oledTop/OC/oled_dc_n_i_1_n_1                                                                   | design_1_i/oled_controller_0/inst/oledControl_v1_0_S00_AXI_inst/oledTop/OC/SC/spi_data_reg_0                                             |                1 |              1 |
|  design_1_i/processing_system7_0/inst/FCLK_CLK0                                         | design_1_i/oled_controller_0/inst/oledControl_v1_0_S00_AXI_inst/oledTop/OC/oled_vbat_i_1_n_1                                                                   | design_1_i/oled_controller_0/inst/oledControl_v1_0_S00_AXI_inst/oledTop/OC/SC/spi_data_reg_0                                             |                1 |              1 |
|  design_1_i/processing_system7_0/inst/FCLK_CLK0                                         | design_1_i/ps7_0_axi_periph/s00_couplers/auto_pc/inst/gen_axilite.gen_b2s_conv.axilite_b2s/WR.b_channel_0/bid_fifo_0/bresp_push                                |                                                                                                                                          |                1 |              2 |
| ~design_1_i/oled_controller_0/inst/oledControl_v1_0_S00_AXI_inst/oledTop/OC/SC/clock_10 | design_1_i/oled_controller_0/inst/oledControl_v1_0_S00_AXI_inst/oledTop/OC/SC/FSM_onehot_state[3]_i_1_n_1                                                      | design_1_i/oled_controller_0/inst/oledControl_v1_0_S00_AXI_inst/oledTop/OC/SC/spi_data_reg_0                                             |                1 |              3 |
|  design_1_i/processing_system7_0/inst/FCLK_CLK0                                         |                                                                                                                                                                | design_1_i/ps7_0_axi_periph/s00_couplers/auto_pc/inst/gen_axilite.gen_b2s_conv.axilite_b2s/SI_REG/aw.aw_pipe/s_ready_i_reg_0             |                3 |              4 |
|  design_1_i/processing_system7_0/inst/FCLK_CLK0                                         | design_1_i/axi_apb_bridge_0/U0/AXILITE_SLAVE_IF_MODULE/address_i[31]_i_1_n_1                                                                                   | design_1_i/axi_apb_bridge_0/U0/AXILITE_SLAVE_IF_MODULE/address_i_reg[0]_0                                                                |                1 |              4 |
|  design_1_i/processing_system7_0/inst/FCLK_CLK0                                         | design_1_i/oled_controller_0/inst/oledControl_v1_0_S00_AXI_inst/oledTop/OC/SC/E[0]                                                                             |                                                                                                                                          |                1 |              4 |
|  design_1_i/processing_system7_0/inst/FCLK_CLK0                                         | design_1_i/dht11_controller_v1_0/U0/myperipheral_v1_0_S00_AXI_inst/dht_module/FSM_sequential_curr_state[3]_i_1_n_1                                             | design_1_i/dht11_controller_v1_0/U0/myperipheral_v1_0_S00_AXI_inst/dht_module/p_0_in__0                                                  |                2 |              4 |
|  design_1_i/processing_system7_0/inst/FCLK_CLK0                                         |                                                                                                                                                                | design_1_i/ps7_0_axi_periph/s00_couplers/auto_pc/inst/gen_axilite.gen_b2s_conv.axilite_b2s/SI_REG/ar.ar_pipe/m_valid_i_reg_0             |                3 |              4 |
|  design_1_i/processing_system7_0/inst/FCLK_CLK0                                         | design_1_i/ps7_0_axi_periph/s00_couplers/auto_pc/inst/gen_axilite.gen_b2s_conv.axilite_b2s/RD.ar_channel_0/ar_cmd_fsm_0/axlen_cnt_reg[4][0]                    | design_1_i/ps7_0_axi_periph/s00_couplers/auto_pc/inst/gen_axilite.gen_b2s_conv.axilite_b2s/RD.ar_channel_0/ar_cmd_fsm_0/axlen_cnt_reg[7] |                2 |              4 |
|  design_1_i/processing_system7_0/inst/FCLK_CLK0                                         | design_1_i/ps7_0_axi_periph/s00_couplers/auto_pc/inst/gen_axilite.gen_b2s_conv.axilite_b2s/WR.aw_channel_0/aw_cmd_fsm_0/axlen_cnt_reg[4][0]                    | design_1_i/ps7_0_axi_periph/s00_couplers/auto_pc/inst/gen_axilite.gen_b2s_conv.axilite_b2s/WR.aw_channel_0/aw_cmd_fsm_0/axlen_cnt_reg[7] |                2 |              4 |
| ~design_1_i/oled_controller_0/inst/oledControl_v1_0_S00_AXI_inst/oledTop/OC/SC/clock_10 |                                                                                                                                                                |                                                                                                                                          |                4 |              5 |
|  design_1_i/processing_system7_0/inst/FCLK_CLK0                                         | design_1_i/oled_controller_0/inst/oledControl_v1_0_S00_AXI_inst/oledTop/OC/SC/nextState_reg[0][0]                                                              | design_1_i/oled_controller_0/inst/oledControl_v1_0_S00_AXI_inst/oledTop/OC/SC/spi_data_reg_0                                             |                3 |              5 |
|  design_1_i/processing_system7_0/inst/FCLK_CLK1                                         | design_1_i/system_controller_0/inst/core/controller/counte_dis/count[4]_i_1_n_1                                                                                | design_1_i/system_controller_0/inst/core/controller/counte_dis/count_reg[4]_0                                                            |                2 |              5 |
|  design_1_i/processing_system7_0/inst/FCLK_CLK1                                         | design_1_i/system_controller_0/inst/core/controller/counter_drying/count[4]_i_1__0_n_1                                                                         | design_1_i/system_controller_0/inst/core/controller/counte_dis/count_reg[4]_0                                                            |                3 |              5 |
|  design_1_i/processing_system7_0/inst/FCLK_CLK0                                         | design_1_i/oled_controller_0/inst/oledControl_v1_0_S00_AXI_inst/oledTop/OC/DG/E[0]                                                                             | design_1_i/oled_controller_0/inst/oledControl_v1_0_S00_AXI_inst/oledTop/OC/SC/spi_data_reg_0                                             |                2 |              5 |
|  design_1_i/processing_system7_0/inst/FCLK_CLK0                                         | design_1_i/axi_apb_bridge_0/U0/AXILITE_SLAVE_IF_MODULE/PWRITE_i_reg                                                                                            | design_1_i/axi_apb_bridge_0/U0/AXILITE_SLAVE_IF_MODULE/address_i_reg[0]_0                                                                |                3 |              5 |
|  design_1_i/processing_system7_0/inst/FCLK_CLK0                                         | design_1_i/dht11_controller_v1_0/U0/myperipheral_v1_0_S00_AXI_inst/axi_awready0                                                                                | design_1_i/dht11_controller_v1_0/U0/myperipheral_v1_0_S00_AXI_inst/dht_module/p_0_in__0                                                  |                1 |              5 |
|  design_1_i/processing_system7_0/inst/FCLK_CLK0                                         | design_1_i/dht11_controller_v1_0/U0/myperipheral_v1_0_S00_AXI_inst/axi_arready0                                                                                | design_1_i/dht11_controller_v1_0/U0/myperipheral_v1_0_S00_AXI_inst/dht_module/p_0_in__0                                                  |                1 |              5 |
|  design_1_i/processing_system7_0/inst/FCLK_CLK1                                         | design_1_i/system_controller_0/inst/core/controller/counter_spray/count[4]_i_1__1_n_1                                                                          | design_1_i/system_controller_0/inst/core/controller/counte_dis/count_reg[4]_0                                                            |                2 |              5 |
|  design_1_i/processing_system7_0/inst/FCLK_CLK0                                         |                                                                                                                                                                | design_1_i/rst_ps7_0_100M/U0/EXT_LPF/lpf_int                                                                                             |                1 |              5 |
|  design_1_i/processing_system7_0/inst/FCLK_CLK0                                         | design_1_i/rst_ps7_0_100M/U0/SEQ/seq_cnt_en                                                                                                                    | design_1_i/rst_ps7_0_100M/U0/SEQ/SEQ_COUNTER/clear                                                                                       |                1 |              6 |
|  design_1_i/processing_system7_0/inst/FCLK_CLK0                                         | design_1_i/dht11_controller_v1_0/U0/myperipheral_v1_0_S00_AXI_inst/dht_module/data_count[5]_i_2_n_1                                                            | design_1_i/dht11_controller_v1_0/U0/myperipheral_v1_0_S00_AXI_inst/dht_module/data_count[5]_i_1_n_1                                      |                2 |              6 |
|  design_1_i/processing_system7_0/inst/FCLK_CLK0                                         | design_1_i/axi_apb_bridge_0/U0/AXILITE_SLAVE_IF_MODULE/S_AXI_RDATA[31]_i_1_n_1                                                                                 | design_1_i/axi_apb_bridge_0/U0/AXILITE_SLAVE_IF_MODULE/address_i_reg[0]_0                                                                |                2 |              6 |
|  design_1_i/processing_system7_0/inst/FCLK_CLK0                                         | design_1_i/dht11_controller_v1_0/U0/myperipheral_v1_0_S00_AXI_inst/slv_reg30[7]_i_1_n_1                                                                        | design_1_i/dht11_controller_v1_0/U0/myperipheral_v1_0_S00_AXI_inst/dht_module/p_0_in__0                                                  |                4 |              8 |
|  design_1_i/processing_system7_0/inst/FCLK_CLK0                                         | design_1_i/dht11_controller_v1_0/U0/myperipheral_v1_0_S00_AXI_inst/slv_reg29[23]_i_1_n_1                                                                       | design_1_i/dht11_controller_v1_0/U0/myperipheral_v1_0_S00_AXI_inst/dht_module/p_0_in__0                                                  |                3 |              8 |
|  design_1_i/processing_system7_0/inst/FCLK_CLK0                                         | design_1_i/dht11_controller_v1_0/U0/myperipheral_v1_0_S00_AXI_inst/slv_reg29[31]_i_1_n_1                                                                       | design_1_i/dht11_controller_v1_0/U0/myperipheral_v1_0_S00_AXI_inst/dht_module/p_0_in__0                                                  |                3 |              8 |
|  design_1_i/processing_system7_0/inst/FCLK_CLK0                                         | design_1_i/dht11_controller_v1_0/U0/myperipheral_v1_0_S00_AXI_inst/slv_reg29[7]_i_1_n_1                                                                        | design_1_i/dht11_controller_v1_0/U0/myperipheral_v1_0_S00_AXI_inst/dht_module/p_0_in__0                                                  |                4 |              8 |
|  design_1_i/processing_system7_0/inst/FCLK_CLK0                                         | design_1_i/dht11_controller_v1_0/U0/myperipheral_v1_0_S00_AXI_inst/slv_reg30[15]_i_1_n_1                                                                       | design_1_i/dht11_controller_v1_0/U0/myperipheral_v1_0_S00_AXI_inst/dht_module/p_0_in__0                                                  |                6 |              8 |
|  design_1_i/processing_system7_0/inst/FCLK_CLK0                                         | design_1_i/dht11_controller_v1_0/U0/myperipheral_v1_0_S00_AXI_inst/slv_reg30[23]_i_1_n_1                                                                       | design_1_i/dht11_controller_v1_0/U0/myperipheral_v1_0_S00_AXI_inst/dht_module/p_0_in__0                                                  |                5 |              8 |
|  design_1_i/processing_system7_0/inst/FCLK_CLK0                                         | design_1_i/dht11_controller_v1_0/U0/myperipheral_v1_0_S00_AXI_inst/slv_reg30[31]_i_1_n_1                                                                       | design_1_i/dht11_controller_v1_0/U0/myperipheral_v1_0_S00_AXI_inst/dht_module/p_0_in__0                                                  |                5 |              8 |
|  design_1_i/processing_system7_0/inst/FCLK_CLK0                                         | design_1_i/dht11_controller_v1_0/U0/myperipheral_v1_0_S00_AXI_inst/slv_reg6[23]_i_1_n_1                                                                        | design_1_i/dht11_controller_v1_0/U0/myperipheral_v1_0_S00_AXI_inst/dht_module/p_0_in__0                                                  |                3 |              8 |
|  design_1_i/processing_system7_0/inst/FCLK_CLK0                                         | design_1_i/dht11_controller_v1_0/U0/myperipheral_v1_0_S00_AXI_inst/slv_reg31[15]_i_1_n_1                                                                       | design_1_i/dht11_controller_v1_0/U0/myperipheral_v1_0_S00_AXI_inst/dht_module/p_0_in__0                                                  |                4 |              8 |
|  design_1_i/processing_system7_0/inst/FCLK_CLK0                                         | design_1_i/dht11_controller_v1_0/U0/myperipheral_v1_0_S00_AXI_inst/slv_reg31[23]_i_1_n_1                                                                       | design_1_i/dht11_controller_v1_0/U0/myperipheral_v1_0_S00_AXI_inst/dht_module/p_0_in__0                                                  |                5 |              8 |
|  design_1_i/processing_system7_0/inst/FCLK_CLK0                                         | design_1_i/dht11_controller_v1_0/U0/myperipheral_v1_0_S00_AXI_inst/slv_reg31[31]_i_1_n_1                                                                       | design_1_i/dht11_controller_v1_0/U0/myperipheral_v1_0_S00_AXI_inst/dht_module/p_0_in__0                                                  |                7 |              8 |
|  design_1_i/processing_system7_0/inst/FCLK_CLK0                                         | design_1_i/dht11_controller_v1_0/U0/myperipheral_v1_0_S00_AXI_inst/slv_reg31[7]_i_1_n_1                                                                        | design_1_i/dht11_controller_v1_0/U0/myperipheral_v1_0_S00_AXI_inst/dht_module/p_0_in__0                                                  |                3 |              8 |
|  design_1_i/processing_system7_0/inst/FCLK_CLK0                                         | design_1_i/dht11_controller_v1_0/U0/myperipheral_v1_0_S00_AXI_inst/slv_reg6[15]_i_1_n_1                                                                        | design_1_i/dht11_controller_v1_0/U0/myperipheral_v1_0_S00_AXI_inst/dht_module/p_0_in__0                                                  |                2 |              8 |
|  design_1_i/processing_system7_0/inst/FCLK_CLK0                                         | design_1_i/dht11_controller_v1_0/U0/myperipheral_v1_0_S00_AXI_inst/slv_reg7[15]_i_1_n_1                                                                        | design_1_i/dht11_controller_v1_0/U0/myperipheral_v1_0_S00_AXI_inst/dht_module/p_0_in__0                                                  |                3 |              8 |
|  design_1_i/processing_system7_0/inst/FCLK_CLK0                                         | design_1_i/dht11_controller_v1_0/U0/myperipheral_v1_0_S00_AXI_inst/slv_reg29[15]_i_1_n_1                                                                       | design_1_i/dht11_controller_v1_0/U0/myperipheral_v1_0_S00_AXI_inst/dht_module/p_0_in__0                                                  |                3 |              8 |
|  design_1_i/processing_system7_0/inst/FCLK_CLK0                                         | design_1_i/dht11_controller_v1_0/U0/myperipheral_v1_0_S00_AXI_inst/slv_reg28[7]_i_1_n_1                                                                        | design_1_i/dht11_controller_v1_0/U0/myperipheral_v1_0_S00_AXI_inst/dht_module/p_0_in__0                                                  |                3 |              8 |
|  design_1_i/processing_system7_0/inst/FCLK_CLK0                                         | design_1_i/dht11_controller_v1_0/U0/myperipheral_v1_0_S00_AXI_inst/slv_reg28[31]_i_1_n_1                                                                       | design_1_i/dht11_controller_v1_0/U0/myperipheral_v1_0_S00_AXI_inst/dht_module/p_0_in__0                                                  |                4 |              8 |
|  design_1_i/processing_system7_0/inst/FCLK_CLK0                                         | design_1_i/dht11_controller_v1_0/U0/myperipheral_v1_0_S00_AXI_inst/slv_reg13[23]_i_1_n_1                                                                       | design_1_i/dht11_controller_v1_0/U0/myperipheral_v1_0_S00_AXI_inst/dht_module/p_0_in__0                                                  |                2 |              8 |
|  design_1_i/processing_system7_0/inst/FCLK_CLK0                                         | design_1_i/dht11_controller_v1_0/U0/myperipheral_v1_0_S00_AXI_inst/p_1_in__0[15]                                                                               | design_1_i/dht11_controller_v1_0/U0/myperipheral_v1_0_S00_AXI_inst/dht_module/p_0_in__0                                                  |                1 |              8 |
|  design_1_i/processing_system7_0/inst/FCLK_CLK0                                         | design_1_i/dht11_controller_v1_0/U0/myperipheral_v1_0_S00_AXI_inst/p_1_in__0[0]                                                                                | design_1_i/dht11_controller_v1_0/U0/myperipheral_v1_0_S00_AXI_inst/dht_module/p_0_in__0                                                  |                3 |              8 |
|  design_1_i/processing_system7_0/inst/FCLK_CLK0                                         | design_1_i/dht11_controller_v1_0/U0/myperipheral_v1_0_S00_AXI_inst/slv_reg9[31]_i_1_n_1                                                                        | design_1_i/dht11_controller_v1_0/U0/myperipheral_v1_0_S00_AXI_inst/dht_module/p_0_in__0                                                  |                3 |              8 |
|  design_1_i/processing_system7_0/inst/FCLK_CLK0                                         | design_1_i/dht11_controller_v1_0/U0/myperipheral_v1_0_S00_AXI_inst/slv_reg9[23]_i_1_n_1                                                                        | design_1_i/dht11_controller_v1_0/U0/myperipheral_v1_0_S00_AXI_inst/dht_module/p_0_in__0                                                  |                4 |              8 |
|  design_1_i/processing_system7_0/inst/FCLK_CLK0                                         | design_1_i/dht11_controller_v1_0/U0/myperipheral_v1_0_S00_AXI_inst/slv_reg26[7]_i_1_n_1                                                                        | design_1_i/dht11_controller_v1_0/U0/myperipheral_v1_0_S00_AXI_inst/dht_module/p_0_in__0                                                  |                2 |              8 |
|  design_1_i/processing_system7_0/inst/FCLK_CLK0                                         | design_1_i/dht11_controller_v1_0/U0/myperipheral_v1_0_S00_AXI_inst/slv_reg26[15]_i_1_n_1                                                                       | design_1_i/dht11_controller_v1_0/U0/myperipheral_v1_0_S00_AXI_inst/dht_module/p_0_in__0                                                  |                1 |              8 |
|  design_1_i/processing_system7_0/inst/FCLK_CLK0                                         | design_1_i/dht11_controller_v1_0/U0/myperipheral_v1_0_S00_AXI_inst/slv_reg25[23]_i_1_n_1                                                                       | design_1_i/dht11_controller_v1_0/U0/myperipheral_v1_0_S00_AXI_inst/dht_module/p_0_in__0                                                  |                3 |              8 |
|  design_1_i/processing_system7_0/inst/FCLK_CLK0                                         | design_1_i/dht11_controller_v1_0/U0/myperipheral_v1_0_S00_AXI_inst/slv_reg25[15]_i_1_n_1                                                                       | design_1_i/dht11_controller_v1_0/U0/myperipheral_v1_0_S00_AXI_inst/dht_module/p_0_in__0                                                  |                5 |              8 |
|  design_1_i/processing_system7_0/inst/FCLK_CLK0                                         | design_1_i/dht11_controller_v1_0/U0/myperipheral_v1_0_S00_AXI_inst/slv_reg24[7]_i_1_n_1                                                                        | design_1_i/dht11_controller_v1_0/U0/myperipheral_v1_0_S00_AXI_inst/dht_module/p_0_in__0                                                  |                3 |              8 |
|  design_1_i/processing_system7_0/inst/FCLK_CLK0                                         | design_1_i/dht11_controller_v1_0/U0/myperipheral_v1_0_S00_AXI_inst/slv_reg24[31]_i_1_n_1                                                                       | design_1_i/dht11_controller_v1_0/U0/myperipheral_v1_0_S00_AXI_inst/dht_module/p_0_in__0                                                  |                2 |              8 |
|  design_1_i/processing_system7_0/inst/FCLK_CLK0                                         | design_1_i/dht11_controller_v1_0/U0/myperipheral_v1_0_S00_AXI_inst/slv_reg15[7]_i_1_n_1                                                                        | design_1_i/dht11_controller_v1_0/U0/myperipheral_v1_0_S00_AXI_inst/dht_module/p_0_in__0                                                  |                2 |              8 |
|  design_1_i/processing_system7_0/inst/FCLK_CLK0                                         | design_1_i/dht11_controller_v1_0/U0/myperipheral_v1_0_S00_AXI_inst/slv_reg15[31]_i_1_n_1                                                                       | design_1_i/dht11_controller_v1_0/U0/myperipheral_v1_0_S00_AXI_inst/dht_module/p_0_in__0                                                  |                3 |              8 |
|  design_1_i/processing_system7_0/inst/FCLK_CLK0                                         | design_1_i/oled_controller_0/inst/oledControl_v1_0_S00_AXI_inst/slv_reg2[15]_i_1_n_1                                                                           | design_1_i/oled_controller_0/inst/oledControl_v1_0_S00_AXI_inst/oledTop/OC/SC/spi_data_reg_0                                             |                1 |              8 |
| ~design_1_i/oled_controller_0/inst/oledControl_v1_0_S00_AXI_inst/oledTop/OC/SC/clock_10 | design_1_i/oled_controller_0/inst/oledControl_v1_0_S00_AXI_inst/oledTop/OC/SC/shiftReg[7]_i_1_n_1                                                              |                                                                                                                                          |                2 |              8 |
|  design_1_i/processing_system7_0/inst/FCLK_CLK1                                         |                                                                                                                                                                | design_1_i/system_controller_0/inst/register_block/regs/warm_en_reg_ctrl_i_2_n_1                                                         |                3 |              8 |
|  design_1_i/processing_system7_0/inst/FCLK_CLK0                                         | design_1_i/ps7_0_axi_periph/s00_couplers/auto_pc/inst/gen_axilite.gen_b2s_conv.axilite_b2s/WR.b_channel_0/mhandshake_r                                         | design_1_i/ps7_0_axi_periph/s00_couplers/auto_pc/inst/gen_axilite.gen_b2s_conv.axilite_b2s/WR.b_channel_0/bid_fifo_0/SR[0]               |                2 |              8 |
|  design_1_i/processing_system7_0/inst/FCLK_CLK0                                         | design_1_i/ps7_0_axi_periph/s00_couplers/auto_pc/inst/gen_axilite.gen_b2s_conv.axilite_b2s/WR.aw_channel_0/aw_cmd_fsm_0/E[0]                                   |                                                                                                                                          |                3 |              8 |
|  design_1_i/processing_system7_0/inst/FCLK_CLK0                                         | design_1_i/ps7_0_axi_periph/s00_couplers/auto_pc/inst/gen_axilite.gen_b2s_conv.axilite_b2s/WR.aw_channel_0/cmd_translator_0/incr_cmd_0/axaddr_incr[11]_i_1_n_1 |                                                                                                                                          |                2 |              8 |
|  design_1_i/processing_system7_0/inst/FCLK_CLK0                                         | design_1_i/ps7_0_axi_periph/s00_couplers/auto_pc/inst/gen_axilite.gen_b2s_conv.axilite_b2s/RD.ar_channel_0/ar_cmd_fsm_0/axaddr_incr_reg[0][0]                  |                                                                                                                                          |                3 |              8 |
|  design_1_i/processing_system7_0/inst/FCLK_CLK0                                         | design_1_i/ps7_0_axi_periph/s00_couplers/auto_pc/inst/gen_axilite.gen_b2s_conv.axilite_b2s/RD.ar_channel_0/ar_cmd_fsm_0/E[0]                                   |                                                                                                                                          |                3 |              8 |
|  design_1_i/processing_system7_0/inst/FCLK_CLK0                                         | design_1_i/oled_controller_0/inst/oledControl_v1_0_S00_AXI_inst/slv_reg3[7]_i_1_n_1                                                                            | design_1_i/oled_controller_0/inst/oledControl_v1_0_S00_AXI_inst/oledTop/OC/SC/spi_data_reg_0                                             |                1 |              8 |
|  design_1_i/processing_system7_0/inst/FCLK_CLK0                                         | design_1_i/oled_controller_0/inst/oledControl_v1_0_S00_AXI_inst/slv_reg3[31]_i_1_n_1                                                                           | design_1_i/oled_controller_0/inst/oledControl_v1_0_S00_AXI_inst/oledTop/OC/SC/spi_data_reg_0                                             |                1 |              8 |
|  design_1_i/processing_system7_0/inst/FCLK_CLK0                                         | design_1_i/oled_controller_0/inst/oledControl_v1_0_S00_AXI_inst/slv_reg3[23]_i_1_n_1                                                                           | design_1_i/oled_controller_0/inst/oledControl_v1_0_S00_AXI_inst/oledTop/OC/SC/spi_data_reg_0                                             |                1 |              8 |
|  design_1_i/processing_system7_0/inst/FCLK_CLK0                                         | design_1_i/oled_controller_0/inst/oledControl_v1_0_S00_AXI_inst/slv_reg3[15]_i_1_n_1                                                                           | design_1_i/oled_controller_0/inst/oledControl_v1_0_S00_AXI_inst/oledTop/OC/SC/spi_data_reg_0                                             |                1 |              8 |
|  design_1_i/processing_system7_0/inst/FCLK_CLK0                                         | design_1_i/oled_controller_0/inst/oledControl_v1_0_S00_AXI_inst/slv_reg2[7]_i_1_n_1                                                                            | design_1_i/oled_controller_0/inst/oledControl_v1_0_S00_AXI_inst/oledTop/OC/SC/spi_data_reg_0                                             |                2 |              8 |
|  design_1_i/processing_system7_0/inst/FCLK_CLK0                                         | design_1_i/oled_controller_0/inst/oledControl_v1_0_S00_AXI_inst/slv_reg2[31]_i_1_n_1                                                                           | design_1_i/oled_controller_0/inst/oledControl_v1_0_S00_AXI_inst/oledTop/OC/SC/spi_data_reg_0                                             |                1 |              8 |
|  design_1_i/processing_system7_0/inst/FCLK_CLK0                                         | design_1_i/oled_controller_0/inst/oledControl_v1_0_S00_AXI_inst/slv_reg2[23]_i_1_n_1                                                                           | design_1_i/oled_controller_0/inst/oledControl_v1_0_S00_AXI_inst/oledTop/OC/SC/spi_data_reg_0                                             |                1 |              8 |
|  design_1_i/processing_system7_0/inst/FCLK_CLK0                                         | design_1_i/dht11_controller_v1_0/U0/myperipheral_v1_0_S00_AXI_inst/slv_reg6[31]_i_1_n_1                                                                        | design_1_i/dht11_controller_v1_0/U0/myperipheral_v1_0_S00_AXI_inst/dht_module/p_0_in__0                                                  |                4 |              8 |
|  design_1_i/processing_system7_0/inst/FCLK_CLK0                                         | design_1_i/dht11_controller_v1_0/U0/myperipheral_v1_0_S00_AXI_inst/slv_reg8[23]_i_1_n_1                                                                        | design_1_i/dht11_controller_v1_0/U0/myperipheral_v1_0_S00_AXI_inst/dht_module/p_0_in__0                                                  |                2 |              8 |
|  design_1_i/processing_system7_0/inst/FCLK_CLK0                                         | design_1_i/oled_controller_0/inst/oledControl_v1_0_S00_AXI_inst/oledTop/OC/SC/columnAddr_reg[0][0]                                                             | design_1_i/oled_controller_0/inst/oledControl_v1_0_S00_AXI_inst/oledTop/OC/SC/spi_data_reg_0                                             |                3 |              8 |
|  design_1_i/processing_system7_0/inst/FCLK_CLK0                                         | design_1_i/dht11_controller_v1_0/U0/myperipheral_v1_0_S00_AXI_inst/slv_reg11[15]_i_1_n_1                                                                       | design_1_i/dht11_controller_v1_0/U0/myperipheral_v1_0_S00_AXI_inst/dht_module/p_0_in__0                                                  |                1 |              8 |
|  design_1_i/processing_system7_0/inst/FCLK_CLK0                                         | design_1_i/dht11_controller_v1_0/U0/myperipheral_v1_0_S00_AXI_inst/slv_reg11[23]_i_1_n_1                                                                       | design_1_i/dht11_controller_v1_0/U0/myperipheral_v1_0_S00_AXI_inst/dht_module/p_0_in__0                                                  |                3 |              8 |
|  design_1_i/processing_system7_0/inst/FCLK_CLK0                                         | design_1_i/dht11_controller_v1_0/U0/myperipheral_v1_0_S00_AXI_inst/slv_reg11[31]_i_1_n_1                                                                       | design_1_i/dht11_controller_v1_0/U0/myperipheral_v1_0_S00_AXI_inst/dht_module/p_0_in__0                                                  |                2 |              8 |
|  design_1_i/processing_system7_0/inst/FCLK_CLK0                                         | design_1_i/dht11_controller_v1_0/U0/myperipheral_v1_0_S00_AXI_inst/slv_reg13[15]_i_1_n_1                                                                       | design_1_i/dht11_controller_v1_0/U0/myperipheral_v1_0_S00_AXI_inst/dht_module/p_0_in__0                                                  |                2 |              8 |
|  design_1_i/processing_system7_0/inst/FCLK_CLK0                                         | design_1_i/dht11_controller_v1_0/U0/myperipheral_v1_0_S00_AXI_inst/slv_reg16[15]_i_1_n_1                                                                       | design_1_i/dht11_controller_v1_0/U0/myperipheral_v1_0_S00_AXI_inst/dht_module/p_0_in__0                                                  |                2 |              8 |
|  design_1_i/processing_system7_0/inst/FCLK_CLK0                                         | design_1_i/dht11_controller_v1_0/U0/myperipheral_v1_0_S00_AXI_inst/slv_reg27[31]_i_1_n_1                                                                       | design_1_i/dht11_controller_v1_0/U0/myperipheral_v1_0_S00_AXI_inst/dht_module/p_0_in__0                                                  |                2 |              8 |
|  design_1_i/processing_system7_0/inst/FCLK_CLK0                                         | design_1_i/dht11_controller_v1_0/U0/myperipheral_v1_0_S00_AXI_inst/slv_reg8[15]_i_1_n_1                                                                        | design_1_i/dht11_controller_v1_0/U0/myperipheral_v1_0_S00_AXI_inst/dht_module/p_0_in__0                                                  |                2 |              8 |
|  design_1_i/processing_system7_0/inst/FCLK_CLK0                                         | design_1_i/dht11_controller_v1_0/U0/myperipheral_v1_0_S00_AXI_inst/slv_reg7[7]_i_1_n_1                                                                         | design_1_i/dht11_controller_v1_0/U0/myperipheral_v1_0_S00_AXI_inst/dht_module/p_0_in__0                                                  |                3 |              8 |
|  design_1_i/processing_system7_0/inst/FCLK_CLK0                                         | design_1_i/dht11_controller_v1_0/U0/myperipheral_v1_0_S00_AXI_inst/slv_reg7[31]_i_1_n_1                                                                        | design_1_i/dht11_controller_v1_0/U0/myperipheral_v1_0_S00_AXI_inst/dht_module/p_0_in__0                                                  |                3 |              8 |
|  design_1_i/processing_system7_0/inst/FCLK_CLK0                                         | design_1_i/dht11_controller_v1_0/U0/myperipheral_v1_0_S00_AXI_inst/slv_reg7[23]_i_1_n_1                                                                        | design_1_i/dht11_controller_v1_0/U0/myperipheral_v1_0_S00_AXI_inst/dht_module/p_0_in__0                                                  |                2 |              8 |
|  design_1_i/processing_system7_0/inst/FCLK_CLK0                                         | design_1_i/dht11_controller_v1_0/U0/myperipheral_v1_0_S00_AXI_inst/slv_reg8[7]_i_1_n_1                                                                         | design_1_i/dht11_controller_v1_0/U0/myperipheral_v1_0_S00_AXI_inst/dht_module/p_0_in__0                                                  |                2 |              8 |
|  design_1_i/processing_system7_0/inst/FCLK_CLK0                                         | design_1_i/dht11_controller_v1_0/U0/myperipheral_v1_0_S00_AXI_inst/slv_reg6[7]_i_1_n_1                                                                         | design_1_i/dht11_controller_v1_0/U0/myperipheral_v1_0_S00_AXI_inst/dht_module/p_0_in__0                                                  |                3 |              8 |
|  design_1_i/processing_system7_0/inst/FCLK_CLK0                                         | design_1_i/dht11_controller_v1_0/U0/myperipheral_v1_0_S00_AXI_inst/slv_reg18[7]_i_1_n_1                                                                        | design_1_i/dht11_controller_v1_0/U0/myperipheral_v1_0_S00_AXI_inst/dht_module/p_0_in__0                                                  |                1 |              8 |
|  design_1_i/processing_system7_0/inst/FCLK_CLK0                                         | design_1_i/dht11_controller_v1_0/U0/myperipheral_v1_0_S00_AXI_inst/slv_reg16[7]_i_1_n_1                                                                        | design_1_i/dht11_controller_v1_0/U0/myperipheral_v1_0_S00_AXI_inst/dht_module/p_0_in__0                                                  |                1 |              8 |
|  design_1_i/processing_system7_0/inst/FCLK_CLK0                                         | design_1_i/dht11_controller_v1_0/U0/myperipheral_v1_0_S00_AXI_inst/slv_reg17[15]_i_1_n_1                                                                       | design_1_i/dht11_controller_v1_0/U0/myperipheral_v1_0_S00_AXI_inst/dht_module/p_0_in__0                                                  |                2 |              8 |
|  design_1_i/processing_system7_0/inst/FCLK_CLK0                                         | design_1_i/dht11_controller_v1_0/U0/myperipheral_v1_0_S00_AXI_inst/slv_reg17[23]_i_1_n_1                                                                       | design_1_i/dht11_controller_v1_0/U0/myperipheral_v1_0_S00_AXI_inst/dht_module/p_0_in__0                                                  |                1 |              8 |
|  design_1_i/processing_system7_0/inst/FCLK_CLK0                                         | design_1_i/dht11_controller_v1_0/U0/myperipheral_v1_0_S00_AXI_inst/slv_reg17[31]_i_1_n_1                                                                       | design_1_i/dht11_controller_v1_0/U0/myperipheral_v1_0_S00_AXI_inst/dht_module/p_0_in__0                                                  |                1 |              8 |
|  design_1_i/processing_system7_0/inst/FCLK_CLK0                                         | design_1_i/dht11_controller_v1_0/U0/myperipheral_v1_0_S00_AXI_inst/slv_reg17[7]_i_1_n_1                                                                        | design_1_i/dht11_controller_v1_0/U0/myperipheral_v1_0_S00_AXI_inst/dht_module/p_0_in__0                                                  |                5 |              8 |
|  design_1_i/processing_system7_0/inst/FCLK_CLK0                                         | design_1_i/dht11_controller_v1_0/U0/myperipheral_v1_0_S00_AXI_inst/slv_reg18[15]_i_1_n_1                                                                       | design_1_i/dht11_controller_v1_0/U0/myperipheral_v1_0_S00_AXI_inst/dht_module/p_0_in__0                                                  |                2 |              8 |
|  design_1_i/processing_system7_0/inst/FCLK_CLK0                                         | design_1_i/dht11_controller_v1_0/U0/myperipheral_v1_0_S00_AXI_inst/slv_reg18[23]_i_1_n_1                                                                       | design_1_i/dht11_controller_v1_0/U0/myperipheral_v1_0_S00_AXI_inst/dht_module/p_0_in__0                                                  |                1 |              8 |
|  design_1_i/processing_system7_0/inst/FCLK_CLK0                                         | design_1_i/dht11_controller_v1_0/U0/myperipheral_v1_0_S00_AXI_inst/slv_reg18[31]_i_1_n_1                                                                       | design_1_i/dht11_controller_v1_0/U0/myperipheral_v1_0_S00_AXI_inst/dht_module/p_0_in__0                                                  |                2 |              8 |
|  design_1_i/processing_system7_0/inst/FCLK_CLK0                                         | design_1_i/dht11_controller_v1_0/U0/myperipheral_v1_0_S00_AXI_inst/slv_reg16[31]_i_1_n_1                                                                       | design_1_i/dht11_controller_v1_0/U0/myperipheral_v1_0_S00_AXI_inst/dht_module/p_0_in__0                                                  |                3 |              8 |
|  design_1_i/processing_system7_0/inst/FCLK_CLK0                                         | design_1_i/dht11_controller_v1_0/U0/myperipheral_v1_0_S00_AXI_inst/slv_reg19[15]_i_1_n_1                                                                       | design_1_i/dht11_controller_v1_0/U0/myperipheral_v1_0_S00_AXI_inst/dht_module/p_0_in__0                                                  |                1 |              8 |
|  design_1_i/processing_system7_0/inst/FCLK_CLK0                                         | design_1_i/dht11_controller_v1_0/U0/myperipheral_v1_0_S00_AXI_inst/slv_reg19[23]_i_1_n_1                                                                       | design_1_i/dht11_controller_v1_0/U0/myperipheral_v1_0_S00_AXI_inst/dht_module/p_0_in__0                                                  |                1 |              8 |
|  design_1_i/processing_system7_0/inst/FCLK_CLK0                                         | design_1_i/dht11_controller_v1_0/U0/myperipheral_v1_0_S00_AXI_inst/slv_reg19[31]_i_1_n_1                                                                       | design_1_i/dht11_controller_v1_0/U0/myperipheral_v1_0_S00_AXI_inst/dht_module/p_0_in__0                                                  |                1 |              8 |
|  design_1_i/processing_system7_0/inst/FCLK_CLK0                                         | design_1_i/dht11_controller_v1_0/U0/myperipheral_v1_0_S00_AXI_inst/slv_reg19[7]_i_1_n_1                                                                        | design_1_i/dht11_controller_v1_0/U0/myperipheral_v1_0_S00_AXI_inst/dht_module/p_0_in__0                                                  |                2 |              8 |
|  design_1_i/processing_system7_0/inst/FCLK_CLK0                                         | design_1_i/dht11_controller_v1_0/U0/myperipheral_v1_0_S00_AXI_inst/slv_reg20[15]_i_1_n_1                                                                       | design_1_i/dht11_controller_v1_0/U0/myperipheral_v1_0_S00_AXI_inst/dht_module/p_0_in__0                                                  |                2 |              8 |
|  design_1_i/processing_system7_0/inst/FCLK_CLK0                                         | design_1_i/dht11_controller_v1_0/U0/myperipheral_v1_0_S00_AXI_inst/slv_reg20[23]_i_1_n_1                                                                       | design_1_i/dht11_controller_v1_0/U0/myperipheral_v1_0_S00_AXI_inst/dht_module/p_0_in__0                                                  |                1 |              8 |
|  design_1_i/processing_system7_0/inst/FCLK_CLK0                                         | design_1_i/dht11_controller_v1_0/U0/myperipheral_v1_0_S00_AXI_inst/slv_reg20[31]_i_1_n_1                                                                       | design_1_i/dht11_controller_v1_0/U0/myperipheral_v1_0_S00_AXI_inst/dht_module/p_0_in__0                                                  |                2 |              8 |
|  design_1_i/processing_system7_0/inst/FCLK_CLK0                                         | design_1_i/dht11_controller_v1_0/U0/myperipheral_v1_0_S00_AXI_inst/slv_reg15[15]_i_1_n_1                                                                       | design_1_i/dht11_controller_v1_0/U0/myperipheral_v1_0_S00_AXI_inst/dht_module/p_0_in__0                                                  |                5 |              8 |
|  design_1_i/processing_system7_0/inst/FCLK_CLK0                                         | design_1_i/dht11_controller_v1_0/U0/myperipheral_v1_0_S00_AXI_inst/slv_reg16[23]_i_1_n_1                                                                       | design_1_i/dht11_controller_v1_0/U0/myperipheral_v1_0_S00_AXI_inst/dht_module/p_0_in__0                                                  |                2 |              8 |
|  design_1_i/processing_system7_0/inst/FCLK_CLK0                                         | design_1_i/dht11_controller_v1_0/U0/myperipheral_v1_0_S00_AXI_inst/slv_reg14[15]_i_1_n_1                                                                       | design_1_i/dht11_controller_v1_0/U0/myperipheral_v1_0_S00_AXI_inst/dht_module/p_0_in__0                                                  |                3 |              8 |
|  design_1_i/processing_system7_0/inst/FCLK_CLK0                                         | design_1_i/dht11_controller_v1_0/U0/myperipheral_v1_0_S00_AXI_inst/slv_reg13[7]_i_1_n_1                                                                        | design_1_i/dht11_controller_v1_0/U0/myperipheral_v1_0_S00_AXI_inst/dht_module/p_0_in__0                                                  |                1 |              8 |
|  design_1_i/processing_system7_0/inst/FCLK_CLK0                                         | design_1_i/dht11_controller_v1_0/U0/myperipheral_v1_0_S00_AXI_inst/slv_reg13[31]_i_1_n_1                                                                       | design_1_i/dht11_controller_v1_0/U0/myperipheral_v1_0_S00_AXI_inst/dht_module/p_0_in__0                                                  |                3 |              8 |
|  design_1_i/processing_system7_0/inst/FCLK_CLK0                                         | design_1_i/dht11_controller_v1_0/U0/myperipheral_v1_0_S00_AXI_inst/slv_reg12[23]_i_1_n_1                                                                       | design_1_i/dht11_controller_v1_0/U0/myperipheral_v1_0_S00_AXI_inst/dht_module/p_0_in__0                                                  |                1 |              8 |
|  design_1_i/processing_system7_0/inst/FCLK_CLK0                                         | design_1_i/dht11_controller_v1_0/U0/myperipheral_v1_0_S00_AXI_inst/slv_reg12[15]_i_1_n_1                                                                       | design_1_i/dht11_controller_v1_0/U0/myperipheral_v1_0_S00_AXI_inst/dht_module/p_0_in__0                                                  |                1 |              8 |
|  design_1_i/processing_system7_0/inst/FCLK_CLK0                                         | design_1_i/dht11_controller_v1_0/U0/myperipheral_v1_0_S00_AXI_inst/slv_reg11[7]_i_1_n_1                                                                        | design_1_i/dht11_controller_v1_0/U0/myperipheral_v1_0_S00_AXI_inst/dht_module/p_0_in__0                                                  |                2 |              8 |
|  design_1_i/processing_system7_0/inst/FCLK_CLK0                                         | design_1_i/dht11_controller_v1_0/U0/myperipheral_v1_0_S00_AXI_inst/slv_reg10[7]_i_1_n_1                                                                        | design_1_i/dht11_controller_v1_0/U0/myperipheral_v1_0_S00_AXI_inst/dht_module/p_0_in__0                                                  |                1 |              8 |
|  design_1_i/processing_system7_0/inst/FCLK_CLK0                                         | design_1_i/dht11_controller_v1_0/U0/myperipheral_v1_0_S00_AXI_inst/slv_reg10[31]_i_1_n_1                                                                       | design_1_i/dht11_controller_v1_0/U0/myperipheral_v1_0_S00_AXI_inst/dht_module/p_0_in__0                                                  |                2 |              8 |
|  design_1_i/processing_system7_0/inst/FCLK_CLK0                                         | design_1_i/dht11_controller_v1_0/U0/myperipheral_v1_0_S00_AXI_inst/slv_reg10[23]_i_1_n_1                                                                       | design_1_i/dht11_controller_v1_0/U0/myperipheral_v1_0_S00_AXI_inst/dht_module/p_0_in__0                                                  |                2 |              8 |
|  design_1_i/processing_system7_0/inst/FCLK_CLK0                                         | design_1_i/dht11_controller_v1_0/U0/myperipheral_v1_0_S00_AXI_inst/slv_reg10[15]_i_1_n_1                                                                       | design_1_i/dht11_controller_v1_0/U0/myperipheral_v1_0_S00_AXI_inst/dht_module/p_0_in__0                                                  |                2 |              8 |
|  design_1_i/processing_system7_0/inst/FCLK_CLK0                                         | design_1_i/dht11_controller_v1_0/U0/myperipheral_v1_0_S00_AXI_inst/slv_reg27[7]_i_1_n_1                                                                        | design_1_i/dht11_controller_v1_0/U0/myperipheral_v1_0_S00_AXI_inst/dht_module/p_0_in__0                                                  |                2 |              8 |
|  design_1_i/processing_system7_0/inst/FCLK_CLK0                                         | design_1_i/dht11_controller_v1_0/U0/myperipheral_v1_0_S00_AXI_inst/p_1_in__0[31]                                                                               | design_1_i/dht11_controller_v1_0/U0/myperipheral_v1_0_S00_AXI_inst/dht_module/p_0_in__0                                                  |                2 |              8 |
|  design_1_i/processing_system7_0/inst/FCLK_CLK0                                         | design_1_i/dht11_controller_v1_0/U0/myperipheral_v1_0_S00_AXI_inst/slv_reg9[15]_i_1_n_1                                                                        | design_1_i/dht11_controller_v1_0/U0/myperipheral_v1_0_S00_AXI_inst/dht_module/p_0_in__0                                                  |                3 |              8 |
|  design_1_i/processing_system7_0/inst/FCLK_CLK0                                         | design_1_i/dht11_controller_v1_0/U0/myperipheral_v1_0_S00_AXI_inst/slv_reg28[15]_i_1_n_1                                                                       | design_1_i/dht11_controller_v1_0/U0/myperipheral_v1_0_S00_AXI_inst/dht_module/p_0_in__0                                                  |                2 |              8 |
|  design_1_i/processing_system7_0/inst/FCLK_CLK0                                         | design_1_i/dht11_controller_v1_0/U0/myperipheral_v1_0_S00_AXI_inst/slv_reg25[7]_i_1_n_1                                                                        | design_1_i/dht11_controller_v1_0/U0/myperipheral_v1_0_S00_AXI_inst/dht_module/p_0_in__0                                                  |                2 |              8 |
|  design_1_i/processing_system7_0/inst/FCLK_CLK0                                         | design_1_i/dht11_controller_v1_0/U0/myperipheral_v1_0_S00_AXI_inst/slv_reg14[23]_i_1_n_1                                                                       | design_1_i/dht11_controller_v1_0/U0/myperipheral_v1_0_S00_AXI_inst/dht_module/p_0_in__0                                                  |                1 |              8 |
|  design_1_i/processing_system7_0/inst/FCLK_CLK0                                         | design_1_i/dht11_controller_v1_0/U0/myperipheral_v1_0_S00_AXI_inst/slv_reg12[7]_i_1_n_1                                                                        | design_1_i/dht11_controller_v1_0/U0/myperipheral_v1_0_S00_AXI_inst/dht_module/p_0_in__0                                                  |                2 |              8 |
|  design_1_i/processing_system7_0/inst/FCLK_CLK0                                         | design_1_i/dht11_controller_v1_0/U0/myperipheral_v1_0_S00_AXI_inst/slv_reg12[31]_i_1_n_1                                                                       | design_1_i/dht11_controller_v1_0/U0/myperipheral_v1_0_S00_AXI_inst/dht_module/p_0_in__0                                                  |                2 |              8 |
|  design_1_i/processing_system7_0/inst/FCLK_CLK0                                         | design_1_i/dht11_controller_v1_0/U0/myperipheral_v1_0_S00_AXI_inst/p_1_in__0[23]                                                                               | design_1_i/dht11_controller_v1_0/U0/myperipheral_v1_0_S00_AXI_inst/dht_module/p_0_in__0                                                  |                4 |              8 |
|  design_1_i/processing_system7_0/inst/FCLK_CLK0                                         | design_1_i/dht11_controller_v1_0/U0/myperipheral_v1_0_S00_AXI_inst/slv_reg9[7]_i_1_n_1                                                                         | design_1_i/dht11_controller_v1_0/U0/myperipheral_v1_0_S00_AXI_inst/dht_module/p_0_in__0                                                  |                3 |              8 |
|  design_1_i/processing_system7_0/inst/FCLK_CLK0                                         | design_1_i/dht11_controller_v1_0/U0/myperipheral_v1_0_S00_AXI_inst/slv_reg20[7]_i_1_n_1                                                                        | design_1_i/dht11_controller_v1_0/U0/myperipheral_v1_0_S00_AXI_inst/dht_module/p_0_in__0                                                  |                2 |              8 |
|  design_1_i/processing_system7_0/inst/FCLK_CLK0                                         | design_1_i/dht11_controller_v1_0/U0/myperipheral_v1_0_S00_AXI_inst/slv_reg14[31]_i_1_n_1                                                                       | design_1_i/dht11_controller_v1_0/U0/myperipheral_v1_0_S00_AXI_inst/dht_module/p_0_in__0                                                  |                2 |              8 |
|  design_1_i/processing_system7_0/inst/FCLK_CLK0                                         | design_1_i/dht11_controller_v1_0/U0/myperipheral_v1_0_S00_AXI_inst/slv_reg8[31]_i_1_n_1                                                                        | design_1_i/dht11_controller_v1_0/U0/myperipheral_v1_0_S00_AXI_inst/dht_module/p_0_in__0                                                  |                2 |              8 |
|  design_1_i/processing_system7_0/inst/FCLK_CLK0                                         | design_1_i/dht11_controller_v1_0/U0/myperipheral_v1_0_S00_AXI_inst/slv_reg28[23]_i_1_n_1                                                                       | design_1_i/dht11_controller_v1_0/U0/myperipheral_v1_0_S00_AXI_inst/dht_module/p_0_in__0                                                  |                3 |              8 |
|  design_1_i/processing_system7_0/inst/FCLK_CLK0                                         | design_1_i/dht11_controller_v1_0/U0/myperipheral_v1_0_S00_AXI_inst/slv_reg27[23]_i_1_n_1                                                                       | design_1_i/dht11_controller_v1_0/U0/myperipheral_v1_0_S00_AXI_inst/dht_module/p_0_in__0                                                  |                2 |              8 |
|  design_1_i/processing_system7_0/inst/FCLK_CLK0                                         | design_1_i/dht11_controller_v1_0/U0/myperipheral_v1_0_S00_AXI_inst/slv_reg27[15]_i_1_n_1                                                                       | design_1_i/dht11_controller_v1_0/U0/myperipheral_v1_0_S00_AXI_inst/dht_module/p_0_in__0                                                  |                3 |              8 |
|  design_1_i/processing_system7_0/inst/FCLK_CLK0                                         | design_1_i/dht11_controller_v1_0/U0/myperipheral_v1_0_S00_AXI_inst/slv_reg26[31]_i_1_n_1                                                                       | design_1_i/dht11_controller_v1_0/U0/myperipheral_v1_0_S00_AXI_inst/dht_module/p_0_in__0                                                  |                2 |              8 |
|  design_1_i/processing_system7_0/inst/FCLK_CLK0                                         | design_1_i/dht11_controller_v1_0/U0/myperipheral_v1_0_S00_AXI_inst/slv_reg26[23]_i_1_n_1                                                                       | design_1_i/dht11_controller_v1_0/U0/myperipheral_v1_0_S00_AXI_inst/dht_module/p_0_in__0                                                  |                2 |              8 |
|  design_1_i/processing_system7_0/inst/FCLK_CLK0                                         | design_1_i/dht11_controller_v1_0/U0/myperipheral_v1_0_S00_AXI_inst/slv_reg14[7]_i_1_n_1                                                                        | design_1_i/dht11_controller_v1_0/U0/myperipheral_v1_0_S00_AXI_inst/dht_module/p_0_in__0                                                  |                2 |              8 |
|  design_1_i/processing_system7_0/inst/FCLK_CLK0                                         | design_1_i/dht11_controller_v1_0/U0/myperipheral_v1_0_S00_AXI_inst/slv_reg25[31]_i_1_n_1                                                                       | design_1_i/dht11_controller_v1_0/U0/myperipheral_v1_0_S00_AXI_inst/dht_module/p_0_in__0                                                  |                2 |              8 |
|  design_1_i/processing_system7_0/inst/FCLK_CLK0                                         | design_1_i/dht11_controller_v1_0/U0/myperipheral_v1_0_S00_AXI_inst/slv_reg22[23]_i_1_n_1                                                                       | design_1_i/dht11_controller_v1_0/U0/myperipheral_v1_0_S00_AXI_inst/dht_module/p_0_in__0                                                  |                1 |              8 |
|  design_1_i/processing_system7_0/inst/FCLK_CLK0                                         | design_1_i/dht11_controller_v1_0/U0/myperipheral_v1_0_S00_AXI_inst/slv_reg21[15]_i_1_n_1                                                                       | design_1_i/dht11_controller_v1_0/U0/myperipheral_v1_0_S00_AXI_inst/dht_module/p_0_in__0                                                  |                2 |              8 |
|  design_1_i/processing_system7_0/inst/FCLK_CLK0                                         | design_1_i/dht11_controller_v1_0/U0/myperipheral_v1_0_S00_AXI_inst/slv_reg21[23]_i_1_n_1                                                                       | design_1_i/dht11_controller_v1_0/U0/myperipheral_v1_0_S00_AXI_inst/dht_module/p_0_in__0                                                  |                2 |              8 |
|  design_1_i/processing_system7_0/inst/FCLK_CLK0                                         | design_1_i/dht11_controller_v1_0/U0/myperipheral_v1_0_S00_AXI_inst/slv_reg21[31]_i_1_n_1                                                                       | design_1_i/dht11_controller_v1_0/U0/myperipheral_v1_0_S00_AXI_inst/dht_module/p_0_in__0                                                  |                1 |              8 |
|  design_1_i/processing_system7_0/inst/FCLK_CLK0                                         | design_1_i/dht11_controller_v1_0/U0/myperipheral_v1_0_S00_AXI_inst/slv_reg21[7]_i_1_n_1                                                                        | design_1_i/dht11_controller_v1_0/U0/myperipheral_v1_0_S00_AXI_inst/dht_module/p_0_in__0                                                  |                2 |              8 |
|  design_1_i/processing_system7_0/inst/FCLK_CLK0                                         | design_1_i/dht11_controller_v1_0/U0/myperipheral_v1_0_S00_AXI_inst/slv_reg22[15]_i_1_n_1                                                                       | design_1_i/dht11_controller_v1_0/U0/myperipheral_v1_0_S00_AXI_inst/dht_module/p_0_in__0                                                  |                2 |              8 |
|  design_1_i/processing_system7_0/inst/FCLK_CLK0                                         | design_1_i/dht11_controller_v1_0/U0/myperipheral_v1_0_S00_AXI_inst/slv_reg15[23]_i_1_n_1                                                                       | design_1_i/dht11_controller_v1_0/U0/myperipheral_v1_0_S00_AXI_inst/dht_module/p_0_in__0                                                  |                2 |              8 |
|  design_1_i/processing_system7_0/inst/FCLK_CLK0                                         | design_1_i/dht11_controller_v1_0/U0/myperipheral_v1_0_S00_AXI_inst/slv_reg22[31]_i_1_n_1                                                                       | design_1_i/dht11_controller_v1_0/U0/myperipheral_v1_0_S00_AXI_inst/dht_module/p_0_in__0                                                  |                3 |              8 |
|  design_1_i/processing_system7_0/inst/FCLK_CLK0                                         | design_1_i/dht11_controller_v1_0/U0/myperipheral_v1_0_S00_AXI_inst/slv_reg22[7]_i_1_n_1                                                                        | design_1_i/dht11_controller_v1_0/U0/myperipheral_v1_0_S00_AXI_inst/dht_module/p_0_in__0                                                  |                2 |              8 |
|  design_1_i/processing_system7_0/inst/FCLK_CLK0                                         | design_1_i/dht11_controller_v1_0/U0/myperipheral_v1_0_S00_AXI_inst/slv_reg23[15]_i_1_n_1                                                                       | design_1_i/dht11_controller_v1_0/U0/myperipheral_v1_0_S00_AXI_inst/dht_module/p_0_in__0                                                  |                3 |              8 |
|  design_1_i/processing_system7_0/inst/FCLK_CLK0                                         | design_1_i/dht11_controller_v1_0/U0/myperipheral_v1_0_S00_AXI_inst/slv_reg24[15]_i_1_n_1                                                                       | design_1_i/dht11_controller_v1_0/U0/myperipheral_v1_0_S00_AXI_inst/dht_module/p_0_in__0                                                  |                1 |              8 |
|  design_1_i/processing_system7_0/inst/FCLK_CLK0                                         | design_1_i/dht11_controller_v1_0/U0/myperipheral_v1_0_S00_AXI_inst/slv_reg24[23]_i_1_n_1                                                                       | design_1_i/dht11_controller_v1_0/U0/myperipheral_v1_0_S00_AXI_inst/dht_module/p_0_in__0                                                  |                4 |              8 |
|  design_1_i/processing_system7_0/inst/FCLK_CLK0                                         | design_1_i/dht11_controller_v1_0/U0/myperipheral_v1_0_S00_AXI_inst/slv_reg23[23]_i_1_n_1                                                                       | design_1_i/dht11_controller_v1_0/U0/myperipheral_v1_0_S00_AXI_inst/dht_module/p_0_in__0                                                  |                2 |              8 |
|  design_1_i/processing_system7_0/inst/FCLK_CLK0                                         | design_1_i/dht11_controller_v1_0/U0/myperipheral_v1_0_S00_AXI_inst/slv_reg23[7]_i_1_n_1                                                                        | design_1_i/dht11_controller_v1_0/U0/myperipheral_v1_0_S00_AXI_inst/dht_module/p_0_in__0                                                  |                3 |              8 |
|  design_1_i/processing_system7_0/inst/FCLK_CLK0                                         | design_1_i/dht11_controller_v1_0/U0/myperipheral_v1_0_S00_AXI_inst/slv_reg23[31]_i_1_n_1                                                                       | design_1_i/dht11_controller_v1_0/U0/myperipheral_v1_0_S00_AXI_inst/dht_module/p_0_in__0                                                  |                3 |              8 |
|  design_1_i/processing_system7_0/inst/FCLK_CLK0                                         | design_1_i/oled_controller_0/inst/oledControl_v1_0_S00_AXI_inst/oledTop/OC/g0_b0_n_1                                                                           | design_1_i/oled_controller_0/inst/oledControl_v1_0_S00_AXI_inst/oledTop/OC/SC/spi_data_reg_0                                             |                5 |              9 |
|  design_1_i/processing_system7_0/inst/FCLK_CLK0                                         | design_1_i/ps7_0_axi_periph/s00_couplers/auto_pc/inst/gen_axilite.gen_b2s_conv.axilite_b2s/RD.r_channel_0/r_push_r                                             |                                                                                                                                          |                4 |             13 |
|  design_1_i/processing_system7_0/inst/FCLK_CLK0                                         |                                                                                                                                                                | design_1_i/ps7_0_axi_periph/xbar/inst/gen_sasd.crossbar_sasd_0/addr_arbiter_inst/SR[0]                                                   |                6 |             13 |
|  design_1_i/processing_system7_0/inst/FCLK_CLK0                                         | design_1_i/ps7_0_axi_periph/s00_couplers/auto_pc/inst/gen_axilite.gen_b2s_conv.axilite_b2s/SI_REG/b.b_pipe/skid_buffer_reg[0]_0                                |                                                                                                                                          |                2 |             14 |
|  design_1_i/processing_system7_0/inst/FCLK_CLK0                                         | design_1_i/ps7_0_axi_periph/s00_couplers/auto_pc/inst/gen_axilite.gen_b2s_conv.axilite_b2s/SI_REG/b.b_pipe/p_1_in                                              |                                                                                                                                          |                2 |             14 |
|  design_1_i/processing_system7_0/inst/FCLK_CLK1                                         |                                                                                                                                                                | design_1_i/system_controller_0/inst/core/controller/counte_dis/count_reg[4]_0                                                            |                6 |             14 |
|  design_1_i/processing_system7_0/inst/FCLK_CLK0                                         |                                                                                                                                                                | design_1_i/oled_controller_0/inst/oledControl_v1_0_S00_AXI_inst/oledTop/OC/SC/spi_data_reg_0                                             |                7 |             14 |
|  design_1_i/processing_system7_0/inst/FCLK_CLK0                                         |                                                                                                                                                                | design_1_i/axi_apb_bridge_0/U0/AXILITE_SLAVE_IF_MODULE/address_i_reg[0]_0                                                                |                5 |             14 |
|  design_1_i/processing_system7_0/inst/FCLK_CLK0                                         | design_1_i/ps7_0_axi_periph/s00_couplers/auto_pc/inst/gen_axilite.gen_b2s_conv.axilite_b2s/WR.aw_channel_0/aw_cmd_fsm_0/b_push                                 |                                                                                                                                          |                3 |             16 |
|  design_1_i/processing_system7_0/inst/FCLK_CLK0                                         | design_1_i/ps7_0_axi_periph/s00_couplers/auto_pc/inst/gen_axilite.gen_b2s_conv.axilite_b2s/RD.ar_channel_0/ar_cmd_fsm_0/axlen_cnt_reg[4][0]                    |                                                                                                                                          |                7 |             17 |
|  design_1_i/processing_system7_0/inst/FCLK_CLK0                                         | design_1_i/ps7_0_axi_periph/s00_couplers/auto_pc/inst/gen_axilite.gen_b2s_conv.axilite_b2s/WR.aw_channel_0/aw_cmd_fsm_0/axlen_cnt_reg[4][0]                    |                                                                                                                                          |                7 |             17 |
|  design_1_i/processing_system7_0/inst/FCLK_CLK0                                         |                                                                                                                                                                | design_1_i/oled_controller_0/inst/oledControl_v1_0_S00_AXI_inst/oledTop/OC/DG/counter[0]_i_1_n_1                                         |                5 |             18 |
|  design_1_i/processing_system7_0/inst/FCLK_CLK0                                         | design_1_i/ps7_0_axi_periph/xbar/inst/gen_sasd.crossbar_sasd_0/addr_arbiter_inst/p_0_in1_in                                                                    | design_1_i/ps7_0_axi_periph/xbar/inst/gen_sasd.crossbar_sasd_0/addr_arbiter_inst/SR[0]                                                   |                7 |             23 |
|  design_1_i/processing_system7_0/inst/FCLK_CLK1                                         | design_1_i/system_controller_0/inst/core/controller/counte_dis/E[0]                                                                                            | design_1_i/system_controller_0/inst/core/controller/counte_dis/count_reg[4]_0                                                            |                6 |             23 |
|  design_1_i/processing_system7_0/inst/FCLK_CLK0                                         | design_1_i/oled_controller_0/inst/oledControl_v1_0_S00_AXI_inst/oledTop/OC/slv_reg1_reg[1]_0                                                                   | design_1_i/oled_controller_0/inst/oledControl_v1_0_S00_AXI_inst/oledTop/OC/slv_reg1_reg[1]                                               |                9 |             31 |
|  design_1_i/dht11_controller_v1_0/n_0_331_BUFG                                          |                                                                                                                                                                |                                                                                                                                          |               14 |             32 |
|  design_1_i/processing_system7_0/inst/FCLK_CLK0                                         | design_1_i/oled_controller_0/inst/oledControl_v1_0_S00_AXI_inst/slv_reg00                                                                                      | design_1_i/oled_controller_0/inst/oledControl_v1_0_S00_AXI_inst/oledTop/OC/slv_reg0_reg[0][0]                                            |                9 |             32 |
|  design_1_i/processing_system7_0/inst/FCLK_CLK0                                         | design_1_i/dht11_controller_v1_0/U0/myperipheral_v1_0_S00_AXI_inst/slv_reg_rden                                                                                | design_1_i/dht11_controller_v1_0/U0/myperipheral_v1_0_S00_AXI_inst/dht_module/p_0_in__0                                                  |                6 |             32 |
|  design_1_i/processing_system7_0/inst/FCLK_CLK0                                         | design_1_i/oled_controller_0/inst/oledControl_v1_0_S00_AXI_inst/slv_reg_rden__0                                                                                | design_1_i/oled_controller_0/inst/oledControl_v1_0_S00_AXI_inst/oledTop/OC/SC/spi_data_reg_0                                             |               12 |             32 |
|  design_1_i/processing_system7_0/inst/FCLK_CLK0                                         | design_1_i/ps7_0_axi_periph/s00_couplers/auto_pc/inst/gen_axilite.gen_b2s_conv.axilite_b2s/RD.r_channel_0/rd_data_fifo_0/wr_en0                                |                                                                                                                                          |                9 |             34 |
|  design_1_i/processing_system7_0/inst/FCLK_CLK0                                         | design_1_i/ps7_0_axi_periph/xbar/inst/gen_sasd.crossbar_sasd_0/reg_slice_r/aa_rready                                                                           |                                                                                                                                          |                7 |             34 |
|  design_1_i/processing_system7_0/inst/FCLK_CLK0                                         | design_1_i/ps7_0_axi_periph/xbar/inst/gen_sasd.crossbar_sasd_0/addr_arbiter_inst/E[0]                                                                          |                                                                                                                                          |                9 |             35 |
|  design_1_i/processing_system7_0/inst/FCLK_CLK0                                         |                                                                                                                                                                | design_1_i/dht11_controller_v1_0/U0/myperipheral_v1_0_S00_AXI_inst/dht_module/p_0_in__0                                                  |               13 |             39 |
|  design_1_i/processing_system7_0/inst/FCLK_CLK0                                         | design_1_i/dht11_controller_v1_0/U0/myperipheral_v1_0_S00_AXI_inst/dht_module/debug[23]_i_1_n_1                                                                |                                                                                                                                          |                9 |             40 |
|  design_1_i/processing_system7_0/inst/FCLK_CLK0                                         | design_1_i/ps7_0_axi_periph/s00_couplers/auto_pc/inst/gen_axilite.gen_b2s_conv.axilite_b2s/WR.aw_channel_0/aw_cmd_fsm_0/m_payload_i_reg[0][0]                  |                                                                                                                                          |               10 |             44 |
|  design_1_i/processing_system7_0/inst/FCLK_CLK0                                         | design_1_i/ps7_0_axi_periph/s00_couplers/auto_pc/inst/gen_axilite.gen_b2s_conv.axilite_b2s/SI_REG/aw.aw_pipe/skid_buffer_reg[0]_0                              |                                                                                                                                          |                9 |             44 |
|  design_1_i/processing_system7_0/inst/FCLK_CLK0                                         | design_1_i/ps7_0_axi_periph/s00_couplers/auto_pc/inst/gen_axilite.gen_b2s_conv.axilite_b2s/SI_REG/ar.ar_pipe/skid_buffer_reg[0]_0                              |                                                                                                                                          |               12 |             44 |
|  design_1_i/processing_system7_0/inst/FCLK_CLK0                                         | design_1_i/ps7_0_axi_periph/s00_couplers/auto_pc/inst/gen_axilite.gen_b2s_conv.axilite_b2s/RD.ar_channel_0/ar_cmd_fsm_0/m_payload_i_reg[0]_1[0]                |                                                                                                                                          |               13 |             44 |
|  design_1_i/processing_system7_0/inst/FCLK_CLK0                                         | design_1_i/ps7_0_axi_periph/s00_couplers/auto_pc/inst/gen_axilite.gen_b2s_conv.axilite_b2s/SI_REG/r.r_pipe/skid_buffer_reg[0]_0                                |                                                                                                                                          |               11 |             47 |
|  design_1_i/processing_system7_0/inst/FCLK_CLK0                                         | design_1_i/ps7_0_axi_periph/s00_couplers/auto_pc/inst/gen_axilite.gen_b2s_conv.axilite_b2s/SI_REG/r.r_pipe/p_1_in                                              |                                                                                                                                          |                9 |             47 |
|  design_1_i/processing_system7_0/inst/FCLK_CLK0                                         |                                                                                                                                                                | design_1_i/ps7_0_axi_periph/s00_couplers/auto_pc/inst/gen_axilite.gen_b2s_conv.axilite_b2s/areset_d1                                     |               17 |             61 |
|  design_1_i/processing_system7_0/inst/FCLK_CLK0                                         |                                                                                                                                                                |                                                                                                                                          |               56 |            173 |
+-----------------------------------------------------------------------------------------+----------------------------------------------------------------------------------------------------------------------------------------------------------------+------------------------------------------------------------------------------------------------------------------------------------------+------------------+----------------+


