#-----------------------------------------------------------
# Vivado v2018.1 (64-bit)
# SW Build 2188600 on Wed Apr  4 18:39:19 MDT 2018
# IP Build 2185939 on Wed Apr  4 20:55:05 MDT 2018
# Start of session at: Tue Jun 28 14:03:30 2022
# Process ID: 4158
# Current directory: /media/nguyenvietthi/DATA/nam4/HTN/embedded_system_20212/fpga/smart_toilet_system_top
# Command line: vivado smart_toilet_system_top.xpr
# Log file: /media/nguyenvietthi/DATA/nam4/HTN/embedded_system_20212/fpga/smart_toilet_system_top/vivado.log
# Journal file: /media/nguyenvietthi/DATA/nam4/HTN/embedded_system_20212/fpga/smart_toilet_system_top/vivado.jou
#-----------------------------------------------------------
start_gui
open_project smart_toilet_system_top.xpr
Scanning sources...
Finished scanning sources
INFO: [IP_Flow 19-234] Refreshing IP repositories
INFO: [IP_Flow 19-1700] Loaded user IP repository '/media/nguyenvietthi/DATA/nam4/HTN/embedded_system_20212/fpga/smart_toilet_system_controller'.
INFO: [IP_Flow 19-1700] Loaded user IP repository '/media/nguyenvietthi/DATA/nam4/HTN/embedded_system_20212/fpga/dht11_controller_v2'.
INFO: [IP_Flow 19-1700] Loaded user IP repository '/media/nguyenvietthi/DATA/nam4/HTN/embedded_system_20212/fpga/oled_controller'.
INFO: [IP_Flow 19-2313] Loaded Vivado IP repository '/media/nguyenvietthi/DATA/linux_tools/Xilinx/Vivado/2018.1/data/ip'.
open_project: Time (s): cpu = 00:00:19 ; elapsed = 00:00:38 . Memory (MB): peak = 6204.086 ; gain = 188.027 ; free physical = 3236 ; free virtual = 21402
update_compile_order -fileset sources_1
file copy -force /media/nguyenvietthi/DATA/nam4/HTN/embedded_system_20212/fpga/smart_toilet_system_top/smart_toilet_system_top.runs/impl_1/design_1_wrapper.sysdef /media/nguyenvietthi/DATA/nam4/HTN/embedded_system_20212/fpga/smart_toilet_system_top/smart_toilet_system_top.sdk/design_1_wrapper.hdf

launch_sdk -workspace /media/nguyenvietthi/DATA/nam4/HTN/embedded_system_20212/fpga/smart_toilet_system_top/smart_toilet_system_top.sdk -hwspec /media/nguyenvietthi/DATA/nam4/HTN/embedded_system_20212/fpga/smart_toilet_system_top/smart_toilet_system_top.sdk/design_1_wrapper.hdf
INFO: [Vivado 12-393] Launching SDK...
INFO: [Vivado 12-417] Running xsdk -workspace /media/nguyenvietthi/DATA/nam4/HTN/embedded_system_20212/fpga/smart_toilet_system_top/smart_toilet_system_top.sdk -hwspec /media/nguyenvietthi/DATA/nam4/HTN/embedded_system_20212/fpga/smart_toilet_system_top/smart_toilet_system_top.sdk/design_1_wrapper.hdf
INFO: [Vivado 12-3157] SDK launch initiated. Please check console for any further messages.
file copy -force /media/nguyenvietthi/DATA/nam4/HTN/embedded_system_20212/fpga/smart_toilet_system_top/smart_toilet_system_top.runs/impl_1/design_1_wrapper.sysdef /media/nguyenvietthi/DATA/nam4/HTN/embedded_system_20212/fpga/smart_toilet_system_top/smart_toilet_system_top.sdk/design_1_wrapper.hdf

launch_sdk -workspace /media/nguyenvietthi/DATA/nam4/HTN/embedded_system_20212/fpga/smart_toilet_system_top/smart_toilet_system_top.sdk -hwspec /media/nguyenvietthi/DATA/nam4/HTN/embedded_system_20212/fpga/smart_toilet_system_top/smart_toilet_system_top.sdk/design_1_wrapper.hdf
INFO: [Vivado 12-393] Launching SDK...
INFO: [Vivado 12-417] Running xsdk -workspace /media/nguyenvietthi/DATA/nam4/HTN/embedded_system_20212/fpga/smart_toilet_system_top/smart_toilet_system_top.sdk -hwspec /media/nguyenvietthi/DATA/nam4/HTN/embedded_system_20212/fpga/smart_toilet_system_top/smart_toilet_system_top.sdk/design_1_wrapper.hdf
INFO: [Vivado 12-3157] SDK launch initiated. Please check console for any further messages.
file mkdir /media/nguyenvietthi/DATA/nam4/HTN/embedded_system_20212/fpga/smart_toilet_system_top/smart_toilet_system_top.sdk
file copy -force /media/nguyenvietthi/DATA/nam4/HTN/embedded_system_20212/fpga/smart_toilet_system_top/smart_toilet_system_top.runs/impl_1/design_1_wrapper.sysdef /media/nguyenvietthi/DATA/nam4/HTN/embedded_system_20212/fpga/smart_toilet_system_top/smart_toilet_system_top.sdk/design_1_wrapper.hdf

launch_sdk -workspace /media/nguyenvietthi/DATA/nam4/HTN/embedded_system_20212/fpga/smart_toilet_system_top/smart_toilet_system_top.sdk -hwspec /media/nguyenvietthi/DATA/nam4/HTN/embedded_system_20212/fpga/smart_toilet_system_top/smart_toilet_system_top.sdk/design_1_wrapper.hdf
INFO: [Vivado 12-393] Launching SDK...
INFO: [Vivado 12-417] Running xsdk -workspace /media/nguyenvietthi/DATA/nam4/HTN/embedded_system_20212/fpga/smart_toilet_system_top/smart_toilet_system_top.sdk -hwspec /media/nguyenvietthi/DATA/nam4/HTN/embedded_system_20212/fpga/smart_toilet_system_top/smart_toilet_system_top.sdk/design_1_wrapper.hdf
INFO: [Vivado 12-3157] SDK launch initiated. Please check console for any further messages.
open_run impl_1
INFO: [Netlist 29-17] Analyzing 200 Unisim elements for replacement
INFO: [Netlist 29-28] Unisim Transformation completed in 0 CPU seconds
INFO: [Project 1-479] Netlist was created with Vivado 2018.1
INFO: [Device 21-403] Loading part xc7z020clg484-1
INFO: [Project 1-570] Preparing netlist for logic optimization
INFO: [Timing 38-478] Restoring timing data from binary archive.
INFO: [Timing 38-479] Binary timing data restore complete.
INFO: [Project 1-856] Restoring constraints from binary archive.
INFO: [Project 1-853] Binary constraint restore complete.
Reading XDEF placement.
Reading placer database...
Reading XDEF routing.
Read XDEF File: Time (s): cpu = 00:00:00.29 ; elapsed = 00:00:00.29 . Memory (MB): peak = 6912.844 ; gain = 0.000 ; free physical = 487 ; free virtual = 19858
Restored from archive | CPU: 0.290000 secs | Memory: 3.993713 MB |
Finished XDEF File Restore: Time (s): cpu = 00:00:00.29 ; elapsed = 00:00:00.29 . Memory (MB): peak = 6912.844 ; gain = 0.000 ; free physical = 487 ; free virtual = 19858
INFO: [Project 1-111] Unisim Transformation Summary:
  A total of 1 instances were transformed.
  IOBUF => IOBUF (IBUF, OBUFT): 1 instances

open_run: Time (s): cpu = 00:00:29 ; elapsed = 00:00:47 . Memory (MB): peak = 7075.672 ; gain = 614.227 ; free physical = 387 ; free virtual = 19767
