14:09:29 INFO  : Registering command handlers for SDK TCF services
14:09:35 INFO  : Launching XSCT server: xsct -n -interactive /media/nguyenvietthi/DATA/nam4/HTN/embedded_system_20212/fpga/smart_toilet_system_top/smart_toilet_system_top.sdk/temp_xsdb_launch_script.tcl
14:09:40 INFO  : XSCT server has started successfully.
14:09:40 INFO  : Successfully done setting XSCT server connection channel  
14:09:54 INFO  : Successfully done setting SDK workspace  
14:09:54 INFO  : Processing command line option -hwspec /media/nguyenvietthi/DATA/nam4/HTN/embedded_system_20212/fpga/smart_toilet_system_top/smart_toilet_system_top.sdk/design_1_wrapper.hdf.
14:12:10 INFO  : Connected to target on host '127.0.0.1' and port '3121'.
14:12:19 INFO  : ----------------XSDB Script----------------
connect -url tcp:127.0.0.1:3121
----------------End of Script----------------

14:12:29 INFO  : Connected to target on host '127.0.0.1' and port '3121'.
14:12:29 INFO  : Jtag cable 'Digilent Zed 210248AC888E' is selected.
14:12:29 INFO  : 'jtag frequency' command is executed.
14:12:29 INFO  : Sourcing of '/media/nguyenvietthi/DATA/nam4/HTN/embedded_system_20212/fpga/smart_toilet_system_top/smart_toilet_system_top.sdk/design_1_wrapper_hw_platform_0/ps7_init.tcl' is done.
14:12:29 INFO  : Context for 'APU' is selected.
14:12:29 INFO  : System reset is completed.
14:12:32 INFO  : 'after 3000' command is executed.
14:12:32 INFO  : 'targets -set -filter {jtag_cable_name =~ "Digilent Zed 210248AC888E" && level==0} -index 1' command is executed.
14:12:35 INFO  : FPGA configured successfully with bitstream "/media/nguyenvietthi/DATA/nam4/HTN/embedded_system_20212/fpga/smart_toilet_system_top/smart_toilet_system_top.sdk/design_1_wrapper_hw_platform_0/design_1_wrapper.bit"
14:12:35 INFO  : Context for 'APU' is selected.
14:12:35 INFO  : Hardware design information is loaded from '/media/nguyenvietthi/DATA/nam4/HTN/embedded_system_20212/fpga/smart_toilet_system_top/smart_toilet_system_top.sdk/design_1_wrapper_hw_platform_0/system.hdf'.
14:12:35 INFO  : 'configparams force-mem-access 1' command is executed.
14:12:35 INFO  : Context for 'APU' is selected.
14:12:35 INFO  : 'ps7_init' command is executed.
14:12:36 INFO  : 'ps7_post_config' command is executed.
14:12:36 INFO  : Context for processor 'ps7_cortexa9_0' is selected.
14:12:36 INFO  : The application '/media/nguyenvietthi/DATA/nam4/HTN/embedded_system_20212/fpga/smart_toilet_system_top/smart_toilet_system_top.sdk/smart_toilet_system_sw/Debug/smart_toilet_system_sw.elf' is downloaded to processor 'ps7_cortexa9_0'.
14:12:36 INFO  : 'configparams force-mem-access 0' command is executed.
14:12:36 INFO  : ----------------XSDB Script----------------
connect -url tcp:127.0.0.1:3121
source /media/nguyenvietthi/DATA/nam4/HTN/embedded_system_20212/fpga/smart_toilet_system_top/smart_toilet_system_top.sdk/design_1_wrapper_hw_platform_0/ps7_init.tcl
targets -set -nocase -filter {name =~"APU*" && jtag_cable_name =~ "Digilent Zed 210248AC888E"} -index 0
rst -system
after 3000
targets -set -filter {jtag_cable_name =~ "Digilent Zed 210248AC888E" && level==0} -index 1
fpga -file /media/nguyenvietthi/DATA/nam4/HTN/embedded_system_20212/fpga/smart_toilet_system_top/smart_toilet_system_top.sdk/design_1_wrapper_hw_platform_0/design_1_wrapper.bit
targets -set -nocase -filter {name =~"APU*" && jtag_cable_name =~ "Digilent Zed 210248AC888E"} -index 0
loadhw -hw /media/nguyenvietthi/DATA/nam4/HTN/embedded_system_20212/fpga/smart_toilet_system_top/smart_toilet_system_top.sdk/design_1_wrapper_hw_platform_0/system.hdf -mem-ranges [list {0x40000000 0xbfffffff}]
configparams force-mem-access 1
targets -set -nocase -filter {name =~"APU*" && jtag_cable_name =~ "Digilent Zed 210248AC888E"} -index 0
ps7_init
ps7_post_config
targets -set -nocase -filter {name =~ "ARM*#0" && jtag_cable_name =~ "Digilent Zed 210248AC888E"} -index 0
dow /media/nguyenvietthi/DATA/nam4/HTN/embedded_system_20212/fpga/smart_toilet_system_top/smart_toilet_system_top.sdk/smart_toilet_system_sw/Debug/smart_toilet_system_sw.elf
configparams force-mem-access 0
----------------End of Script----------------

14:12:36 INFO  : Memory regions updated for context APU
14:12:36 INFO  : Context for processor 'ps7_cortexa9_0' is selected.
14:12:36 INFO  : 'con' command is executed.
14:12:36 INFO  : ----------------XSDB Script (After Launch)----------------
targets -set -nocase -filter {name =~ "ARM*#0" && jtag_cable_name =~ "Digilent Zed 210248AC888E"} -index 0
con
----------------End of Script----------------

14:12:36 INFO  : Launch script is exported to file '/media/nguyenvietthi/DATA/nam4/HTN/embedded_system_20212/fpga/smart_toilet_system_top/smart_toilet_system_top.sdk/.sdk/launch_scripts/xilinx_c-c++_application_(system_debugger)/system_debugger_using_debug_smart_toilet_system_sw.elf_on_local.tcl'
14:14:34 INFO  : Disconnected from the channel tcfchan#1.
14:14:35 INFO  : Connected to target on host '127.0.0.1' and port '3121'.
14:14:35 INFO  : Jtag cable 'Digilent Zed 210248AC888E' is selected.
14:14:35 INFO  : 'jtag frequency' command is executed.
14:14:35 INFO  : Sourcing of '/media/nguyenvietthi/DATA/nam4/HTN/embedded_system_20212/fpga/smart_toilet_system_top/smart_toilet_system_top.sdk/design_1_wrapper_hw_platform_0/ps7_init.tcl' is done.
14:14:35 INFO  : Context for 'APU' is selected.
14:14:35 INFO  : System reset is completed.
14:14:38 INFO  : 'after 3000' command is executed.
14:14:38 INFO  : 'targets -set -filter {jtag_cable_name =~ "Digilent Zed 210248AC888E" && level==0} -index 1' command is executed.
14:14:41 INFO  : FPGA configured successfully with bitstream "/media/nguyenvietthi/DATA/nam4/HTN/embedded_system_20212/fpga/smart_toilet_system_top/smart_toilet_system_top.sdk/design_1_wrapper_hw_platform_0/design_1_wrapper.bit"
14:14:41 INFO  : Context for 'APU' is selected.
14:14:42 INFO  : Hardware design information is loaded from '/media/nguyenvietthi/DATA/nam4/HTN/embedded_system_20212/fpga/smart_toilet_system_top/smart_toilet_system_top.sdk/design_1_wrapper_hw_platform_0/system.hdf'.
14:14:42 INFO  : 'configparams force-mem-access 1' command is executed.
14:14:42 INFO  : Context for 'APU' is selected.
14:14:42 INFO  : 'ps7_init' command is executed.
14:14:42 INFO  : 'ps7_post_config' command is executed.
14:14:42 INFO  : Context for processor 'ps7_cortexa9_0' is selected.
14:14:43 INFO  : The application '/media/nguyenvietthi/DATA/nam4/HTN/embedded_system_20212/fpga/smart_toilet_system_top/smart_toilet_system_top.sdk/smart_toilet_system_sw/Debug/smart_toilet_system_sw.elf' is downloaded to processor 'ps7_cortexa9_0'.
14:14:43 INFO  : 'configparams force-mem-access 0' command is executed.
14:14:43 INFO  : ----------------XSDB Script----------------
connect -url tcp:127.0.0.1:3121
source /media/nguyenvietthi/DATA/nam4/HTN/embedded_system_20212/fpga/smart_toilet_system_top/smart_toilet_system_top.sdk/design_1_wrapper_hw_platform_0/ps7_init.tcl
targets -set -nocase -filter {name =~"APU*" && jtag_cable_name =~ "Digilent Zed 210248AC888E"} -index 0
rst -system
after 3000
targets -set -filter {jtag_cable_name =~ "Digilent Zed 210248AC888E" && level==0} -index 1
fpga -file /media/nguyenvietthi/DATA/nam4/HTN/embedded_system_20212/fpga/smart_toilet_system_top/smart_toilet_system_top.sdk/design_1_wrapper_hw_platform_0/design_1_wrapper.bit
targets -set -nocase -filter {name =~"APU*" && jtag_cable_name =~ "Digilent Zed 210248AC888E"} -index 0
loadhw -hw /media/nguyenvietthi/DATA/nam4/HTN/embedded_system_20212/fpga/smart_toilet_system_top/smart_toilet_system_top.sdk/design_1_wrapper_hw_platform_0/system.hdf -mem-ranges [list {0x40000000 0xbfffffff}]
configparams force-mem-access 1
targets -set -nocase -filter {name =~"APU*" && jtag_cable_name =~ "Digilent Zed 210248AC888E"} -index 0
ps7_init
ps7_post_config
targets -set -nocase -filter {name =~ "ARM*#0" && jtag_cable_name =~ "Digilent Zed 210248AC888E"} -index 0
dow /media/nguyenvietthi/DATA/nam4/HTN/embedded_system_20212/fpga/smart_toilet_system_top/smart_toilet_system_top.sdk/smart_toilet_system_sw/Debug/smart_toilet_system_sw.elf
configparams force-mem-access 0
----------------End of Script----------------

14:14:43 INFO  : Memory regions updated for context APU
14:14:43 INFO  : Context for processor 'ps7_cortexa9_0' is selected.
14:14:43 INFO  : 'con' command is executed.
14:14:43 INFO  : ----------------XSDB Script (After Launch)----------------
targets -set -nocase -filter {name =~ "ARM*#0" && jtag_cable_name =~ "Digilent Zed 210248AC888E"} -index 0
con
----------------End of Script----------------

14:14:43 INFO  : Launch script is exported to file '/media/nguyenvietthi/DATA/nam4/HTN/embedded_system_20212/fpga/smart_toilet_system_top/smart_toilet_system_top.sdk/.sdk/launch_scripts/xilinx_c-c++_application_(system_debugger)/system_debugger_using_debug_smart_toilet_system_sw.elf_on_local.tcl'
14:16:23 INFO  : Disconnected from the channel tcfchan#2.
14:16:24 INFO  : Connected to target on host '127.0.0.1' and port '3121'.
14:16:24 INFO  : Jtag cable 'Digilent Zed 210248AC888E' is selected.
14:16:24 INFO  : 'jtag frequency' command is executed.
14:16:24 INFO  : Sourcing of '/media/nguyenvietthi/DATA/nam4/HTN/embedded_system_20212/fpga/smart_toilet_system_top/smart_toilet_system_top.sdk/design_1_wrapper_hw_platform_0/ps7_init.tcl' is done.
14:16:24 INFO  : Context for 'APU' is selected.
14:16:24 INFO  : System reset is completed.
14:16:27 INFO  : 'after 3000' command is executed.
14:16:27 INFO  : 'targets -set -filter {jtag_cable_name =~ "Digilent Zed 210248AC888E" && level==0} -index 1' command is executed.
14:16:30 INFO  : FPGA configured successfully with bitstream "/media/nguyenvietthi/DATA/nam4/HTN/embedded_system_20212/fpga/smart_toilet_system_top/smart_toilet_system_top.sdk/design_1_wrapper_hw_platform_0/design_1_wrapper.bit"
14:16:30 INFO  : Context for 'APU' is selected.
14:16:31 INFO  : Hardware design information is loaded from '/media/nguyenvietthi/DATA/nam4/HTN/embedded_system_20212/fpga/smart_toilet_system_top/smart_toilet_system_top.sdk/design_1_wrapper_hw_platform_0/system.hdf'.
14:16:31 INFO  : 'configparams force-mem-access 1' command is executed.
14:16:31 INFO  : Context for 'APU' is selected.
14:16:32 INFO  : 'ps7_init' command is executed.
14:16:32 INFO  : 'ps7_post_config' command is executed.
14:16:32 INFO  : Context for processor 'ps7_cortexa9_0' is selected.
14:16:32 INFO  : The application '/media/nguyenvietthi/DATA/nam4/HTN/embedded_system_20212/fpga/smart_toilet_system_top/smart_toilet_system_top.sdk/smart_toilet_system_sw/Debug/smart_toilet_system_sw.elf' is downloaded to processor 'ps7_cortexa9_0'.
14:16:32 INFO  : 'configparams force-mem-access 0' command is executed.
14:16:32 INFO  : ----------------XSDB Script----------------
connect -url tcp:127.0.0.1:3121
source /media/nguyenvietthi/DATA/nam4/HTN/embedded_system_20212/fpga/smart_toilet_system_top/smart_toilet_system_top.sdk/design_1_wrapper_hw_platform_0/ps7_init.tcl
targets -set -nocase -filter {name =~"APU*" && jtag_cable_name =~ "Digilent Zed 210248AC888E"} -index 0
rst -system
after 3000
targets -set -filter {jtag_cable_name =~ "Digilent Zed 210248AC888E" && level==0} -index 1
fpga -file /media/nguyenvietthi/DATA/nam4/HTN/embedded_system_20212/fpga/smart_toilet_system_top/smart_toilet_system_top.sdk/design_1_wrapper_hw_platform_0/design_1_wrapper.bit
targets -set -nocase -filter {name =~"APU*" && jtag_cable_name =~ "Digilent Zed 210248AC888E"} -index 0
loadhw -hw /media/nguyenvietthi/DATA/nam4/HTN/embedded_system_20212/fpga/smart_toilet_system_top/smart_toilet_system_top.sdk/design_1_wrapper_hw_platform_0/system.hdf -mem-ranges [list {0x40000000 0xbfffffff}]
configparams force-mem-access 1
targets -set -nocase -filter {name =~"APU*" && jtag_cable_name =~ "Digilent Zed 210248AC888E"} -index 0
ps7_init
ps7_post_config
targets -set -nocase -filter {name =~ "ARM*#0" && jtag_cable_name =~ "Digilent Zed 210248AC888E"} -index 0
dow /media/nguyenvietthi/DATA/nam4/HTN/embedded_system_20212/fpga/smart_toilet_system_top/smart_toilet_system_top.sdk/smart_toilet_system_sw/Debug/smart_toilet_system_sw.elf
configparams force-mem-access 0
----------------End of Script----------------

14:16:32 INFO  : Memory regions updated for context APU
14:16:32 INFO  : Context for processor 'ps7_cortexa9_0' is selected.
14:16:32 INFO  : 'con' command is executed.
14:16:32 INFO  : ----------------XSDB Script (After Launch)----------------
targets -set -nocase -filter {name =~ "ARM*#0" && jtag_cable_name =~ "Digilent Zed 210248AC888E"} -index 0
con
----------------End of Script----------------

14:16:32 INFO  : Launch script is exported to file '/media/nguyenvietthi/DATA/nam4/HTN/embedded_system_20212/fpga/smart_toilet_system_top/smart_toilet_system_top.sdk/.sdk/launch_scripts/xilinx_c-c++_application_(system_debugger)/system_debugger_using_debug_smart_toilet_system_sw.elf_on_local.tcl'
14:20:40 INFO  : Disconnected from the channel tcfchan#3.
14:20:41 INFO  : Connected to target on host '127.0.0.1' and port '3121'.
14:20:41 INFO  : Jtag cable 'Digilent Zed 210248AC888E' is selected.
14:20:41 INFO  : 'jtag frequency' command is executed.
14:20:41 INFO  : Sourcing of '/media/nguyenvietthi/DATA/nam4/HTN/embedded_system_20212/fpga/smart_toilet_system_top/smart_toilet_system_top.sdk/design_1_wrapper_hw_platform_0/ps7_init.tcl' is done.
14:20:41 INFO  : Context for 'APU' is selected.
14:20:41 INFO  : System reset is completed.
14:20:44 INFO  : 'after 3000' command is executed.
14:20:44 INFO  : 'targets -set -filter {jtag_cable_name =~ "Digilent Zed 210248AC888E" && level==0} -index 1' command is executed.
14:20:46 INFO  : FPGA configured successfully with bitstream "/media/nguyenvietthi/DATA/nam4/HTN/embedded_system_20212/fpga/smart_toilet_system_top/smart_toilet_system_top.sdk/design_1_wrapper_hw_platform_0/design_1_wrapper.bit"
14:20:46 INFO  : Context for 'APU' is selected.
14:20:48 INFO  : Hardware design information is loaded from '/media/nguyenvietthi/DATA/nam4/HTN/embedded_system_20212/fpga/smart_toilet_system_top/smart_toilet_system_top.sdk/design_1_wrapper_hw_platform_0/system.hdf'.
14:20:48 INFO  : 'configparams force-mem-access 1' command is executed.
14:20:48 INFO  : Context for 'APU' is selected.
14:20:48 INFO  : 'ps7_init' command is executed.
14:20:48 INFO  : 'ps7_post_config' command is executed.
14:20:48 INFO  : Context for processor 'ps7_cortexa9_0' is selected.
14:20:49 INFO  : The application '/media/nguyenvietthi/DATA/nam4/HTN/embedded_system_20212/fpga/smart_toilet_system_top/smart_toilet_system_top.sdk/smart_toilet_system_sw/Debug/smart_toilet_system_sw.elf' is downloaded to processor 'ps7_cortexa9_0'.
14:20:49 INFO  : 'configparams force-mem-access 0' command is executed.
14:20:49 INFO  : ----------------XSDB Script----------------
connect -url tcp:127.0.0.1:3121
source /media/nguyenvietthi/DATA/nam4/HTN/embedded_system_20212/fpga/smart_toilet_system_top/smart_toilet_system_top.sdk/design_1_wrapper_hw_platform_0/ps7_init.tcl
targets -set -nocase -filter {name =~"APU*" && jtag_cable_name =~ "Digilent Zed 210248AC888E"} -index 0
rst -system
after 3000
targets -set -filter {jtag_cable_name =~ "Digilent Zed 210248AC888E" && level==0} -index 1
fpga -file /media/nguyenvietthi/DATA/nam4/HTN/embedded_system_20212/fpga/smart_toilet_system_top/smart_toilet_system_top.sdk/design_1_wrapper_hw_platform_0/design_1_wrapper.bit
targets -set -nocase -filter {name =~"APU*" && jtag_cable_name =~ "Digilent Zed 210248AC888E"} -index 0
loadhw -hw /media/nguyenvietthi/DATA/nam4/HTN/embedded_system_20212/fpga/smart_toilet_system_top/smart_toilet_system_top.sdk/design_1_wrapper_hw_platform_0/system.hdf -mem-ranges [list {0x40000000 0xbfffffff}]
configparams force-mem-access 1
targets -set -nocase -filter {name =~"APU*" && jtag_cable_name =~ "Digilent Zed 210248AC888E"} -index 0
ps7_init
ps7_post_config
targets -set -nocase -filter {name =~ "ARM*#0" && jtag_cable_name =~ "Digilent Zed 210248AC888E"} -index 0
dow /media/nguyenvietthi/DATA/nam4/HTN/embedded_system_20212/fpga/smart_toilet_system_top/smart_toilet_system_top.sdk/smart_toilet_system_sw/Debug/smart_toilet_system_sw.elf
configparams force-mem-access 0
----------------End of Script----------------

14:20:49 INFO  : Memory regions updated for context APU
14:20:49 INFO  : Context for processor 'ps7_cortexa9_0' is selected.
14:20:49 INFO  : 'con' command is executed.
14:20:49 INFO  : ----------------XSDB Script (After Launch)----------------
targets -set -nocase -filter {name =~ "ARM*#0" && jtag_cable_name =~ "Digilent Zed 210248AC888E"} -index 0
con
----------------End of Script----------------

14:20:49 INFO  : Launch script is exported to file '/media/nguyenvietthi/DATA/nam4/HTN/embedded_system_20212/fpga/smart_toilet_system_top/smart_toilet_system_top.sdk/.sdk/launch_scripts/xilinx_c-c++_application_(system_debugger)/system_debugger_using_debug_smart_toilet_system_sw.elf_on_local.tcl'
14:22:46 INFO  : Disconnected from the channel tcfchan#4.
14:22:47 INFO  : Connected to target on host '127.0.0.1' and port '3121'.
14:22:48 INFO  : Jtag cable 'Digilent Zed 210248AC888E' is selected.
14:22:48 INFO  : 'jtag frequency' command is executed.
14:22:48 INFO  : Sourcing of '/media/nguyenvietthi/DATA/nam4/HTN/embedded_system_20212/fpga/smart_toilet_system_top/smart_toilet_system_top.sdk/design_1_wrapper_hw_platform_0/ps7_init.tcl' is done.
14:22:48 INFO  : Context for 'APU' is selected.
14:22:48 INFO  : System reset is completed.
14:22:51 INFO  : 'after 3000' command is executed.
14:22:51 INFO  : 'targets -set -filter {jtag_cable_name =~ "Digilent Zed 210248AC888E" && level==0} -index 1' command is executed.
14:22:53 INFO  : FPGA configured successfully with bitstream "/media/nguyenvietthi/DATA/nam4/HTN/embedded_system_20212/fpga/smart_toilet_system_top/smart_toilet_system_top.sdk/design_1_wrapper_hw_platform_0/design_1_wrapper.bit"
14:22:53 INFO  : Context for 'APU' is selected.
14:22:55 INFO  : Hardware design information is loaded from '/media/nguyenvietthi/DATA/nam4/HTN/embedded_system_20212/fpga/smart_toilet_system_top/smart_toilet_system_top.sdk/design_1_wrapper_hw_platform_0/system.hdf'.
14:22:55 INFO  : 'configparams force-mem-access 1' command is executed.
14:22:55 INFO  : Context for 'APU' is selected.
14:22:55 INFO  : 'ps7_init' command is executed.
14:22:55 INFO  : 'ps7_post_config' command is executed.
14:22:55 INFO  : Context for processor 'ps7_cortexa9_0' is selected.
14:22:55 INFO  : The application '/media/nguyenvietthi/DATA/nam4/HTN/embedded_system_20212/fpga/smart_toilet_system_top/smart_toilet_system_top.sdk/smart_toilet_system_sw/Debug/smart_toilet_system_sw.elf' is downloaded to processor 'ps7_cortexa9_0'.
14:22:55 INFO  : 'configparams force-mem-access 0' command is executed.
14:22:55 INFO  : ----------------XSDB Script----------------
connect -url tcp:127.0.0.1:3121
source /media/nguyenvietthi/DATA/nam4/HTN/embedded_system_20212/fpga/smart_toilet_system_top/smart_toilet_system_top.sdk/design_1_wrapper_hw_platform_0/ps7_init.tcl
targets -set -nocase -filter {name =~"APU*" && jtag_cable_name =~ "Digilent Zed 210248AC888E"} -index 0
rst -system
after 3000
targets -set -filter {jtag_cable_name =~ "Digilent Zed 210248AC888E" && level==0} -index 1
fpga -file /media/nguyenvietthi/DATA/nam4/HTN/embedded_system_20212/fpga/smart_toilet_system_top/smart_toilet_system_top.sdk/design_1_wrapper_hw_platform_0/design_1_wrapper.bit
targets -set -nocase -filter {name =~"APU*" && jtag_cable_name =~ "Digilent Zed 210248AC888E"} -index 0
loadhw -hw /media/nguyenvietthi/DATA/nam4/HTN/embedded_system_20212/fpga/smart_toilet_system_top/smart_toilet_system_top.sdk/design_1_wrapper_hw_platform_0/system.hdf -mem-ranges [list {0x40000000 0xbfffffff}]
configparams force-mem-access 1
targets -set -nocase -filter {name =~"APU*" && jtag_cable_name =~ "Digilent Zed 210248AC888E"} -index 0
ps7_init
ps7_post_config
targets -set -nocase -filter {name =~ "ARM*#0" && jtag_cable_name =~ "Digilent Zed 210248AC888E"} -index 0
dow /media/nguyenvietthi/DATA/nam4/HTN/embedded_system_20212/fpga/smart_toilet_system_top/smart_toilet_system_top.sdk/smart_toilet_system_sw/Debug/smart_toilet_system_sw.elf
configparams force-mem-access 0
----------------End of Script----------------

14:22:55 INFO  : Memory regions updated for context APU
14:22:55 INFO  : Context for processor 'ps7_cortexa9_0' is selected.
14:22:55 INFO  : 'con' command is executed.
14:22:55 INFO  : ----------------XSDB Script (After Launch)----------------
targets -set -nocase -filter {name =~ "ARM*#0" && jtag_cable_name =~ "Digilent Zed 210248AC888E"} -index 0
con
----------------End of Script----------------

14:22:55 INFO  : Launch script is exported to file '/media/nguyenvietthi/DATA/nam4/HTN/embedded_system_20212/fpga/smart_toilet_system_top/smart_toilet_system_top.sdk/.sdk/launch_scripts/xilinx_c-c++_application_(system_debugger)/system_debugger_using_debug_smart_toilet_system_sw.elf_on_local.tcl'
14:23:34 INFO  : Disconnected from the channel tcfchan#5.
14:23:35 INFO  : Connected to target on host '127.0.0.1' and port '3121'.
14:23:35 INFO  : Jtag cable 'Digilent Zed 210248AC888E' is selected.
14:23:35 INFO  : 'jtag frequency' command is executed.
14:23:35 INFO  : Sourcing of '/media/nguyenvietthi/DATA/nam4/HTN/embedded_system_20212/fpga/smart_toilet_system_top/smart_toilet_system_top.sdk/design_1_wrapper_hw_platform_0/ps7_init.tcl' is done.
14:23:35 INFO  : Context for 'APU' is selected.
14:23:35 INFO  : System reset is completed.
14:23:38 INFO  : 'after 3000' command is executed.
14:23:38 INFO  : 'targets -set -filter {jtag_cable_name =~ "Digilent Zed 210248AC888E" && level==0} -index 1' command is executed.
14:23:48 INFO  : FPGA configured successfully with bitstream "/media/nguyenvietthi/DATA/nam4/HTN/embedded_system_20212/fpga/smart_toilet_system_top/smart_toilet_system_top.sdk/design_1_wrapper_hw_platform_0/design_1_wrapper.bit"
14:23:48 INFO  : Context for 'APU' is selected.
14:23:49 INFO  : Hardware design information is loaded from '/media/nguyenvietthi/DATA/nam4/HTN/embedded_system_20212/fpga/smart_toilet_system_top/smart_toilet_system_top.sdk/design_1_wrapper_hw_platform_0/system.hdf'.
14:23:49 INFO  : 'configparams force-mem-access 1' command is executed.
14:23:49 INFO  : Context for 'APU' is selected.
14:23:50 INFO  : 'ps7_init' command is executed.
14:23:50 INFO  : 'ps7_post_config' command is executed.
14:23:50 INFO  : Context for processor 'ps7_cortexa9_0' is selected.
14:23:50 INFO  : The application '/media/nguyenvietthi/DATA/nam4/HTN/embedded_system_20212/fpga/smart_toilet_system_top/smart_toilet_system_top.sdk/smart_toilet_system_sw/Debug/smart_toilet_system_sw.elf' is downloaded to processor 'ps7_cortexa9_0'.
14:23:50 INFO  : 'configparams force-mem-access 0' command is executed.
14:23:50 INFO  : ----------------XSDB Script----------------
connect -url tcp:127.0.0.1:3121
source /media/nguyenvietthi/DATA/nam4/HTN/embedded_system_20212/fpga/smart_toilet_system_top/smart_toilet_system_top.sdk/design_1_wrapper_hw_platform_0/ps7_init.tcl
targets -set -nocase -filter {name =~"APU*" && jtag_cable_name =~ "Digilent Zed 210248AC888E"} -index 0
rst -system
after 3000
targets -set -filter {jtag_cable_name =~ "Digilent Zed 210248AC888E" && level==0} -index 1
fpga -file /media/nguyenvietthi/DATA/nam4/HTN/embedded_system_20212/fpga/smart_toilet_system_top/smart_toilet_system_top.sdk/design_1_wrapper_hw_platform_0/design_1_wrapper.bit
targets -set -nocase -filter {name =~"APU*" && jtag_cable_name =~ "Digilent Zed 210248AC888E"} -index 0
loadhw -hw /media/nguyenvietthi/DATA/nam4/HTN/embedded_system_20212/fpga/smart_toilet_system_top/smart_toilet_system_top.sdk/design_1_wrapper_hw_platform_0/system.hdf -mem-ranges [list {0x40000000 0xbfffffff}]
configparams force-mem-access 1
targets -set -nocase -filter {name =~"APU*" && jtag_cable_name =~ "Digilent Zed 210248AC888E"} -index 0
ps7_init
ps7_post_config
targets -set -nocase -filter {name =~ "ARM*#0" && jtag_cable_name =~ "Digilent Zed 210248AC888E"} -index 0
dow /media/nguyenvietthi/DATA/nam4/HTN/embedded_system_20212/fpga/smart_toilet_system_top/smart_toilet_system_top.sdk/smart_toilet_system_sw/Debug/smart_toilet_system_sw.elf
configparams force-mem-access 0
----------------End of Script----------------

14:23:50 INFO  : Memory regions updated for context APU
14:23:50 INFO  : Context for processor 'ps7_cortexa9_0' is selected.
14:23:50 INFO  : 'con' command is executed.
14:23:50 INFO  : ----------------XSDB Script (After Launch)----------------
targets -set -nocase -filter {name =~ "ARM*#0" && jtag_cable_name =~ "Digilent Zed 210248AC888E"} -index 0
con
----------------End of Script----------------

14:23:50 INFO  : Launch script is exported to file '/media/nguyenvietthi/DATA/nam4/HTN/embedded_system_20212/fpga/smart_toilet_system_top/smart_toilet_system_top.sdk/.sdk/launch_scripts/xilinx_c-c++_application_(system_debugger)/system_debugger_using_debug_smart_toilet_system_sw.elf_on_local.tcl'
14:24:37 INFO  : Disconnected from the channel tcfchan#6.
14:24:38 INFO  : Connected to target on host '127.0.0.1' and port '3121'.
14:24:38 INFO  : Jtag cable 'Digilent Zed 210248AC888E' is selected.
14:24:38 INFO  : 'jtag frequency' command is executed.
14:24:38 INFO  : Sourcing of '/media/nguyenvietthi/DATA/nam4/HTN/embedded_system_20212/fpga/smart_toilet_system_top/smart_toilet_system_top.sdk/design_1_wrapper_hw_platform_0/ps7_init.tcl' is done.
14:24:39 INFO  : Context for 'APU' is selected.
14:24:39 INFO  : System reset is completed.
14:24:42 INFO  : 'after 3000' command is executed.
14:24:42 INFO  : 'targets -set -filter {jtag_cable_name =~ "Digilent Zed 210248AC888E" && level==0} -index 1' command is executed.
14:24:50 INFO  : FPGA configured successfully with bitstream "/media/nguyenvietthi/DATA/nam4/HTN/embedded_system_20212/fpga/smart_toilet_system_top/smart_toilet_system_top.sdk/design_1_wrapper_hw_platform_0/design_1_wrapper.bit"
14:24:50 INFO  : Context for 'APU' is selected.
14:24:52 INFO  : Hardware design information is loaded from '/media/nguyenvietthi/DATA/nam4/HTN/embedded_system_20212/fpga/smart_toilet_system_top/smart_toilet_system_top.sdk/design_1_wrapper_hw_platform_0/system.hdf'.
14:24:52 INFO  : 'configparams force-mem-access 1' command is executed.
14:24:52 INFO  : Context for 'APU' is selected.
14:24:52 INFO  : 'ps7_init' command is executed.
14:24:52 INFO  : 'ps7_post_config' command is executed.
14:24:52 INFO  : Context for processor 'ps7_cortexa9_0' is selected.
14:24:52 INFO  : The application '/media/nguyenvietthi/DATA/nam4/HTN/embedded_system_20212/fpga/smart_toilet_system_top/smart_toilet_system_top.sdk/smart_toilet_system_sw/Debug/smart_toilet_system_sw.elf' is downloaded to processor 'ps7_cortexa9_0'.
14:24:52 INFO  : 'configparams force-mem-access 0' command is executed.
14:24:52 INFO  : ----------------XSDB Script----------------
connect -url tcp:127.0.0.1:3121
source /media/nguyenvietthi/DATA/nam4/HTN/embedded_system_20212/fpga/smart_toilet_system_top/smart_toilet_system_top.sdk/design_1_wrapper_hw_platform_0/ps7_init.tcl
targets -set -nocase -filter {name =~"APU*" && jtag_cable_name =~ "Digilent Zed 210248AC888E"} -index 0
rst -system
after 3000
targets -set -filter {jtag_cable_name =~ "Digilent Zed 210248AC888E" && level==0} -index 1
fpga -file /media/nguyenvietthi/DATA/nam4/HTN/embedded_system_20212/fpga/smart_toilet_system_top/smart_toilet_system_top.sdk/design_1_wrapper_hw_platform_0/design_1_wrapper.bit
targets -set -nocase -filter {name =~"APU*" && jtag_cable_name =~ "Digilent Zed 210248AC888E"} -index 0
loadhw -hw /media/nguyenvietthi/DATA/nam4/HTN/embedded_system_20212/fpga/smart_toilet_system_top/smart_toilet_system_top.sdk/design_1_wrapper_hw_platform_0/system.hdf -mem-ranges [list {0x40000000 0xbfffffff}]
configparams force-mem-access 1
targets -set -nocase -filter {name =~"APU*" && jtag_cable_name =~ "Digilent Zed 210248AC888E"} -index 0
ps7_init
ps7_post_config
targets -set -nocase -filter {name =~ "ARM*#0" && jtag_cable_name =~ "Digilent Zed 210248AC888E"} -index 0
dow /media/nguyenvietthi/DATA/nam4/HTN/embedded_system_20212/fpga/smart_toilet_system_top/smart_toilet_system_top.sdk/smart_toilet_system_sw/Debug/smart_toilet_system_sw.elf
configparams force-mem-access 0
----------------End of Script----------------

14:24:52 INFO  : Memory regions updated for context APU
14:24:52 INFO  : Context for processor 'ps7_cortexa9_0' is selected.
14:24:52 INFO  : 'con' command is executed.
14:24:52 INFO  : ----------------XSDB Script (After Launch)----------------
targets -set -nocase -filter {name =~ "ARM*#0" && jtag_cable_name =~ "Digilent Zed 210248AC888E"} -index 0
con
----------------End of Script----------------

14:24:52 INFO  : Launch script is exported to file '/media/nguyenvietthi/DATA/nam4/HTN/embedded_system_20212/fpga/smart_toilet_system_top/smart_toilet_system_top.sdk/.sdk/launch_scripts/xilinx_c-c++_application_(system_debugger)/system_debugger_using_debug_smart_toilet_system_sw.elf_on_local.tcl'
14:33:08 INFO  : Disconnected from the channel tcfchan#7.
14:33:09 INFO  : Connected to target on host '127.0.0.1' and port '3121'.
14:33:09 INFO  : Jtag cable 'Digilent Zed 210248AC888E' is selected.
14:33:09 INFO  : 'jtag frequency' command is executed.
14:33:09 INFO  : Sourcing of '/media/nguyenvietthi/DATA/nam4/HTN/embedded_system_20212/fpga/smart_toilet_system_top/smart_toilet_system_top.sdk/design_1_wrapper_hw_platform_0/ps7_init.tcl' is done.
14:33:09 INFO  : Context for 'APU' is selected.
14:33:09 INFO  : System reset is completed.
14:33:12 INFO  : 'after 3000' command is executed.
14:33:12 INFO  : 'targets -set -filter {jtag_cable_name =~ "Digilent Zed 210248AC888E" && level==0} -index 1' command is executed.
14:33:21 INFO  : FPGA configured successfully with bitstream "/media/nguyenvietthi/DATA/nam4/HTN/embedded_system_20212/fpga/smart_toilet_system_top/smart_toilet_system_top.sdk/design_1_wrapper_hw_platform_0/design_1_wrapper.bit"
14:33:21 INFO  : Context for 'APU' is selected.
14:33:22 INFO  : Hardware design information is loaded from '/media/nguyenvietthi/DATA/nam4/HTN/embedded_system_20212/fpga/smart_toilet_system_top/smart_toilet_system_top.sdk/design_1_wrapper_hw_platform_0/system.hdf'.
14:33:22 INFO  : 'configparams force-mem-access 1' command is executed.
14:33:22 INFO  : Context for 'APU' is selected.
14:33:23 INFO  : 'ps7_init' command is executed.
14:33:23 INFO  : 'ps7_post_config' command is executed.
14:33:23 INFO  : Context for processor 'ps7_cortexa9_0' is selected.
14:33:23 INFO  : The application '/media/nguyenvietthi/DATA/nam4/HTN/embedded_system_20212/fpga/smart_toilet_system_top/smart_toilet_system_top.sdk/smart_toilet_system_sw/Debug/smart_toilet_system_sw.elf' is downloaded to processor 'ps7_cortexa9_0'.
14:33:23 INFO  : 'configparams force-mem-access 0' command is executed.
14:33:23 INFO  : ----------------XSDB Script----------------
connect -url tcp:127.0.0.1:3121
source /media/nguyenvietthi/DATA/nam4/HTN/embedded_system_20212/fpga/smart_toilet_system_top/smart_toilet_system_top.sdk/design_1_wrapper_hw_platform_0/ps7_init.tcl
targets -set -nocase -filter {name =~"APU*" && jtag_cable_name =~ "Digilent Zed 210248AC888E"} -index 0
rst -system
after 3000
targets -set -filter {jtag_cable_name =~ "Digilent Zed 210248AC888E" && level==0} -index 1
fpga -file /media/nguyenvietthi/DATA/nam4/HTN/embedded_system_20212/fpga/smart_toilet_system_top/smart_toilet_system_top.sdk/design_1_wrapper_hw_platform_0/design_1_wrapper.bit
targets -set -nocase -filter {name =~"APU*" && jtag_cable_name =~ "Digilent Zed 210248AC888E"} -index 0
loadhw -hw /media/nguyenvietthi/DATA/nam4/HTN/embedded_system_20212/fpga/smart_toilet_system_top/smart_toilet_system_top.sdk/design_1_wrapper_hw_platform_0/system.hdf -mem-ranges [list {0x40000000 0xbfffffff}]
configparams force-mem-access 1
targets -set -nocase -filter {name =~"APU*" && jtag_cable_name =~ "Digilent Zed 210248AC888E"} -index 0
ps7_init
ps7_post_config
targets -set -nocase -filter {name =~ "ARM*#0" && jtag_cable_name =~ "Digilent Zed 210248AC888E"} -index 0
dow /media/nguyenvietthi/DATA/nam4/HTN/embedded_system_20212/fpga/smart_toilet_system_top/smart_toilet_system_top.sdk/smart_toilet_system_sw/Debug/smart_toilet_system_sw.elf
configparams force-mem-access 0
----------------End of Script----------------

14:33:23 INFO  : Memory regions updated for context APU
14:33:23 INFO  : Context for processor 'ps7_cortexa9_0' is selected.
14:33:23 INFO  : 'con' command is executed.
14:33:23 INFO  : ----------------XSDB Script (After Launch)----------------
targets -set -nocase -filter {name =~ "ARM*#0" && jtag_cable_name =~ "Digilent Zed 210248AC888E"} -index 0
con
----------------End of Script----------------

14:33:23 INFO  : Launch script is exported to file '/media/nguyenvietthi/DATA/nam4/HTN/embedded_system_20212/fpga/smart_toilet_system_top/smart_toilet_system_top.sdk/.sdk/launch_scripts/xilinx_c-c++_application_(system_debugger)/system_debugger_using_debug_smart_toilet_system_sw.elf_on_local.tcl'
14:33:37 INFO  : Disconnected from the channel tcfchan#8.
14:33:38 INFO  : Connected to target on host '127.0.0.1' and port '3121'.
14:33:38 INFO  : Jtag cable 'Digilent Zed 210248AC888E' is selected.
14:33:38 INFO  : 'jtag frequency' command is executed.
14:33:38 INFO  : Sourcing of '/media/nguyenvietthi/DATA/nam4/HTN/embedded_system_20212/fpga/smart_toilet_system_top/smart_toilet_system_top.sdk/design_1_wrapper_hw_platform_0/ps7_init.tcl' is done.
14:33:38 INFO  : Context for 'APU' is selected.
14:33:38 INFO  : System reset is completed.
14:33:41 INFO  : 'after 3000' command is executed.
14:33:41 INFO  : 'targets -set -filter {jtag_cable_name =~ "Digilent Zed 210248AC888E" && level==0} -index 1' command is executed.
14:33:49 INFO  : FPGA configured successfully with bitstream "/media/nguyenvietthi/DATA/nam4/HTN/embedded_system_20212/fpga/smart_toilet_system_top/smart_toilet_system_top.sdk/design_1_wrapper_hw_platform_0/design_1_wrapper.bit"
14:33:49 INFO  : Context for 'APU' is selected.
14:33:50 INFO  : Hardware design information is loaded from '/media/nguyenvietthi/DATA/nam4/HTN/embedded_system_20212/fpga/smart_toilet_system_top/smart_toilet_system_top.sdk/design_1_wrapper_hw_platform_0/system.hdf'.
14:33:50 INFO  : 'configparams force-mem-access 1' command is executed.
14:33:50 INFO  : Context for 'APU' is selected.
14:33:51 INFO  : 'ps7_init' command is executed.
14:33:51 INFO  : 'ps7_post_config' command is executed.
14:33:51 INFO  : Context for processor 'ps7_cortexa9_0' is selected.
14:33:51 INFO  : The application '/media/nguyenvietthi/DATA/nam4/HTN/embedded_system_20212/fpga/smart_toilet_system_top/smart_toilet_system_top.sdk/smart_toilet_system_sw/Debug/smart_toilet_system_sw.elf' is downloaded to processor 'ps7_cortexa9_0'.
14:33:51 INFO  : 'configparams force-mem-access 0' command is executed.
14:33:51 INFO  : ----------------XSDB Script----------------
connect -url tcp:127.0.0.1:3121
source /media/nguyenvietthi/DATA/nam4/HTN/embedded_system_20212/fpga/smart_toilet_system_top/smart_toilet_system_top.sdk/design_1_wrapper_hw_platform_0/ps7_init.tcl
targets -set -nocase -filter {name =~"APU*" && jtag_cable_name =~ "Digilent Zed 210248AC888E"} -index 0
rst -system
after 3000
targets -set -filter {jtag_cable_name =~ "Digilent Zed 210248AC888E" && level==0} -index 1
fpga -file /media/nguyenvietthi/DATA/nam4/HTN/embedded_system_20212/fpga/smart_toilet_system_top/smart_toilet_system_top.sdk/design_1_wrapper_hw_platform_0/design_1_wrapper.bit
targets -set -nocase -filter {name =~"APU*" && jtag_cable_name =~ "Digilent Zed 210248AC888E"} -index 0
loadhw -hw /media/nguyenvietthi/DATA/nam4/HTN/embedded_system_20212/fpga/smart_toilet_system_top/smart_toilet_system_top.sdk/design_1_wrapper_hw_platform_0/system.hdf -mem-ranges [list {0x40000000 0xbfffffff}]
configparams force-mem-access 1
targets -set -nocase -filter {name =~"APU*" && jtag_cable_name =~ "Digilent Zed 210248AC888E"} -index 0
ps7_init
ps7_post_config
targets -set -nocase -filter {name =~ "ARM*#0" && jtag_cable_name =~ "Digilent Zed 210248AC888E"} -index 0
dow /media/nguyenvietthi/DATA/nam4/HTN/embedded_system_20212/fpga/smart_toilet_system_top/smart_toilet_system_top.sdk/smart_toilet_system_sw/Debug/smart_toilet_system_sw.elf
configparams force-mem-access 0
----------------End of Script----------------

14:33:51 INFO  : Memory regions updated for context APU
14:33:51 INFO  : Context for processor 'ps7_cortexa9_0' is selected.
14:33:51 INFO  : 'con' command is executed.
14:33:51 INFO  : ----------------XSDB Script (After Launch)----------------
targets -set -nocase -filter {name =~ "ARM*#0" && jtag_cable_name =~ "Digilent Zed 210248AC888E"} -index 0
con
----------------End of Script----------------

14:33:51 INFO  : Launch script is exported to file '/media/nguyenvietthi/DATA/nam4/HTN/embedded_system_20212/fpga/smart_toilet_system_top/smart_toilet_system_top.sdk/.sdk/launch_scripts/xilinx_c-c++_application_(system_debugger)/system_debugger_using_debug_smart_toilet_system_sw.elf_on_local.tcl'
17:48:12 INFO  : Registering command handlers for SDK TCF services
17:48:20 INFO  : Launching XSCT server: xsct -n -interactive /media/nguyenvietthi/DATA/nam4/HTN/embedded_system_20212/fpga/smart_toilet_system_top/smart_toilet_system_top.sdk/temp_xsdb_launch_script.tcl
17:48:30 INFO  : XSCT server has started successfully.
17:48:47 INFO  : Successfully done setting XSCT server connection channel  
17:48:47 INFO  : Successfully done setting SDK workspace  
17:48:47 INFO  : Processing command line option -hwspec /media/nguyenvietthi/DATA/nam4/HTN/embedded_system_20212/fpga/smart_toilet_system_top/smart_toilet_system_top.sdk/design_1_wrapper.hdf.
17:53:12 INFO  : Connected to target on host '127.0.0.1' and port '3121'.
17:53:16 INFO  : Connected to target on host '127.0.0.1' and port '3121'.
17:53:34 INFO  : ----------------XSDB Script----------------
connect -url tcp:127.0.0.1:3121
----------------End of Script----------------

17:53:37 INFO  : ----------------XSDB Script----------------
connect -url tcp:127.0.0.1:3121
----------------End of Script----------------

