#-----------------------------------------------------------
# Webtalk v2018.1 (64-bit)
# SW Build 2188600 on Wed Apr  4 18:39:19 MDT 2018
# 
# Start of session at: Sun Jun 12 15:44:47 2022
# Process ID: 42643
# Current directory: /data5/workspace/thinv0/BTL_NHUNG/smart_toilet_system/smart_controller_system_top/smart_controller_system_top.sdk/webtalk
# Command line: wbtcv -mode batch -source sdk_webtalk.tcl
# Log file: /data5/workspace/thinv0/BTL_NHUNG/smart_toilet_system/smart_controller_system_top/smart_controller_system_top.sdk/webtalk/webtalk.log
# Journal file: /data5/workspace/thinv0/BTL_NHUNG/smart_toilet_system/smart_controller_system_top/smart_controller_system_top.sdk/webtalk/webtalk.jou
#-----------------------------------------------------------
source sdk_webtalk.tcl
# webtalk_init -webtalk_dir /data5/workspace/thinv0/BTL_NHUNG/smart_toilet_system/smart_controller_system_top/smart_controller_system_top.sdk/webtalk
# webtalk_register_client -client project
# webtalk_add_data -client project -key date_generated -value "2022-06-12 15:44:46" -context "software_version_and_target_device"
# webtalk_add_data -client project -key product_version -value "SDK v2018.1" -context "software_version_and_target_device"
# webtalk_add_data -client project -key build_version -value "2018.1" -context "software_version_and_target_device"
# webtalk_add_data -client project -key os_platform -value "amd64" -context "software_version_and_target_device"
# webtalk_add_data -client project -key registration_id -value "" -context "software_version_and_target_device"
# webtalk_add_data -client project -key tool_flow -value "SDK" -context "software_version_and_target_device"
# webtalk_add_data -client project -key beta -value "false" -context "software_version_and_target_device"
# webtalk_add_data -client project -key route_design -value "NA" -context "software_version_and_target_device"
# webtalk_add_data -client project -key target_family -value "NA" -context "software_version_and_target_device"
# webtalk_add_data -client project -key target_device -value "NA" -context "software_version_and_target_device"
# webtalk_add_data -client project -key target_package -value "NA" -context "software_version_and_target_device"
# webtalk_add_data -client project -key target_speed -value "NA" -context "software_version_and_target_device"
# webtalk_add_data -client project -key random_id -value "8odfuvjak1j0m326vqs26c1b47" -context "software_version_and_target_device"
# webtalk_add_data -client project -key project_id -value "2018.1_2" -context "software_version_and_target_device"
# webtalk_add_data -client project -key project_iteration -value "2" -context "software_version_and_target_device"
# webtalk_add_data -client project -key os_name -value "CentOS" -context "user_environment"
# webtalk_add_data -client project -key os_release -value "CentOS Linux release 7.9.2009 (Core)" -context "user_environment"
# webtalk_add_data -client project -key cpu_name -value "Intel(R) Xeon(R) CPU E5-2687W v4 @ 3.00GHz" -context "user_environment"
# webtalk_add_data -client project -key cpu_speed -value "3199.951 MHz" -context "user_environment"
# webtalk_add_data -client project -key total_processors -value "2" -context "user_environment"
# webtalk_add_data -client project -key system_ram -value "168.745 GB" -context "user_environment"
# webtalk_register_client -client sdk
# webtalk_add_data -client sdk -key uid -value "1655023421000" -context "sdk\\\\bsp/1655023421000"
# webtalk_add_data -client sdk -key hwid -value "1655021804000" -context "sdk\\\\bsp/1655023421000"
# webtalk_add_data -client sdk -key os -value "standalone" -context "sdk\\\\bsp/1655023421000"
# webtalk_add_data -client sdk -key apptemplate -value "hello_world" -context "sdk\\\\bsp/1655023421000"
# webtalk_add_data -client sdk -key RecordType -value "BSPCreation" -context "sdk\\\\bsp/1655023421000"
# webtalk_add_data -client sdk -key uid -value "1655023423000" -context "sdk\\\\application/1655023423000"
# webtalk_add_data -client sdk -key hwid -value "1655021804000" -context "sdk\\\\application/1655023423000"
# webtalk_add_data -client sdk -key bspid -value "1655023421000" -context "sdk\\\\application/1655023423000"
# webtalk_add_data -client sdk -key newbsp -value "true" -context "sdk\\\\application/1655023423000"
# webtalk_add_data -client sdk -key os -value "standalone" -context "sdk\\\\application/1655023423000"
# webtalk_add_data -client sdk -key apptemplate -value "hello_world" -context "sdk\\\\application/1655023423000"
# webtalk_add_data -client sdk -key RecordType -value "APPCreation" -context "sdk\\\\application/1655023423000"
# webtalk_add_data -client sdk -key LangUsed -value "C" -context "sdk\\\\application/1655023423000"
# webtalk_add_data -client sdk -key Procused -value "ps7_cortexa9" -context "sdk\\\\application/1655023423000"
# webtalk_add_data -client sdk -key uid -value "NA" -context "sdk\\\\bsp/1655023486449"
# webtalk_add_data -client sdk -key RecordType -value "ToolUsage" -context "sdk\\\\bsp/1655023486449"
# webtalk_add_data -client sdk -key BootgenCount -value "0" -context "sdk\\\\bsp/1655023486449"
# webtalk_add_data -client sdk -key DebugCount -value "0" -context "sdk\\\\bsp/1655023486449"
# webtalk_add_data -client sdk -key PerfCount -value "0" -context "sdk\\\\bsp/1655023486449"
# webtalk_add_data -client sdk -key FlashCount -value "0" -context "sdk\\\\bsp/1655023486449"
# webtalk_add_data -client sdk -key CrossTriggCount -value "0" -context "sdk\\\\bsp/1655023486449"
# webtalk_add_data -client sdk -key QemuDebugCount -value "0" -context "sdk\\\\bsp/1655023486449"
# webtalk_transmit -clientid 1454951435 -regid "" -xml /data5/workspace/thinv0/BTL_NHUNG/smart_toilet_system/smart_controller_system_top/smart_controller_system_top.sdk/webtalk/usage_statistics_ext_sdk.xml -html /data5/workspace/thinv0/BTL_NHUNG/smart_toilet_system/smart_controller_system_top/smart_controller_system_top.sdk/webtalk/usage_statistics_ext_sdk.html -wdm /data5/workspace/thinv0/BTL_NHUNG/smart_toilet_system/smart_controller_system_top/smart_controller_system_top.sdk/webtalk/sdk_webtalk.wdm -intro "<H3>SDK Usage Report</H3><BR>"
webtalk_transmit: Time (s): cpu = 00:00:00.69 ; elapsed = 00:00:06 . Memory (MB): peak = 391.480 ; gain = 0.000 ; free physical = 77822 ; free virtual = 113683
# webtalk_terminate
INFO: [Common 17-206] Exiting Webtalk at Sun Jun 12 15:44:53 2022...
