#-----------------------------------------------------------
# Vivado v2018.1 (64-bit)
# SW Build 2188600 on Wed Apr  4 18:39:19 MDT 2018
# IP Build 2185939 on Wed Apr  4 20:55:05 MDT 2018
# Start of session at: Tue Jun 28 11:42:06 2022
# Process ID: 42916
# Current directory: /media/nguyenvietthi/DATA/nam4/HTN/embedded_system_20212/fpga/dht11_controller_v2
# Command line: vivado .
# Log file: /media/nguyenvietthi/DATA/nam4/HTN/embedded_system_20212/fpga/dht11_controller_v2/vivado.log
# Journal file: /media/nguyenvietthi/DATA/nam4/HTN/embedded_system_20212/fpga/dht11_controller_v2/vivado.jou
#-----------------------------------------------------------
start_gui
WARNING: [Board 49-26] cannot add Board Part em.avnet.com:ultrazed_7ev_cc_es2:part0:1.1 available at /media/nguyenvietthi/DATA/linux_tools/Xilinx/Vivado/2018.1/data/boards/board_files/bdf-master/ultrazed_7ev_cc_es2/1.1/board.xml as part xczu7ev-fbvb900-1-i-es2 specified in board_part file is either invalid or not available
WARNING: [Board 49-26] cannot add Board Part em.avnet.com:ultrazed_eg_iocc:part0:1.0 available at /media/nguyenvietthi/DATA/linux_tools/Xilinx/Vivado/2018.1/data/boards/board_files/bdf-master/ultrazed_3eg_iocc_es1/1.0/board.xml as part xczu3eg-sfva625-1-i-es1 specified in board_part file is either invalid or not available
WARNING: [Board 49-26] cannot add Board Part em.avnet.com:ultrazed_eg_pciecc:part0:1.0 available at /media/nguyenvietthi/DATA/linux_tools/Xilinx/Vivado/2018.1/data/boards/board_files/bdf-master/ultrazed_3eg_pciecc_es1/1.0/board.xml as part xczu3eg-sfva625-1-i-es1 specified in board_part file is either invalid or not available
WARNING: [Board 49-26] cannot add Board Part em.avnet.com:ultrazed_eg_som:part0:1.0 available at /media/nguyenvietthi/DATA/linux_tools/Xilinx/Vivado/2018.1/data/boards/board_files/bdf-master/ultrazed_3eg_som_es1/1.0/board.xml as part xczu3eg-sfva625-1-i-es1 specified in board_part file is either invalid or not available
WARNING: [Board 49-26] cannot add Board Part em.avnet.com:ultrazed_ev_som_es2:part0:1.1 available at /media/nguyenvietthi/DATA/linux_tools/Xilinx/Vivado/2018.1/data/boards/board_files/bdf-master/ultrazed_7ev_som_es2/1.1/board.xml as part xczu7ev-fbvb900-1-i-es2 specified in board_part file is either invalid or not available
WARNING: [Board 49-26] cannot add Board Part em.avnet.com:ultrazed_7ev_cc_es2:part0:1.1 available at /media/nguyenvietthi/DATA/linux_tools/Xilinx/Vivado/2018.1/data/boards/board_files/bdf-master/ultrazed_7ev_cc_es2/1.1/board.xml as part xczu7ev-fbvb900-1-i-es2 specified in board_part file is either invalid or not available
WARNING: [Board 49-26] cannot add Board Part em.avnet.com:ultrazed_eg_iocc:part0:1.0 available at /media/nguyenvietthi/DATA/linux_tools/Xilinx/Vivado/2018.1/data/boards/board_files/bdf-master/ultrazed_3eg_iocc_es1/1.0/board.xml as part xczu3eg-sfva625-1-i-es1 specified in board_part file is either invalid or not available
WARNING: [Board 49-26] cannot add Board Part em.avnet.com:ultrazed_eg_pciecc:part0:1.0 available at /media/nguyenvietthi/DATA/linux_tools/Xilinx/Vivado/2018.1/data/boards/board_files/bdf-master/ultrazed_3eg_pciecc_es1/1.0/board.xml as part xczu3eg-sfva625-1-i-es1 specified in board_part file is either invalid or not available
WARNING: [Board 49-26] cannot add Board Part em.avnet.com:ultrazed_eg_som:part0:1.0 available at /media/nguyenvietthi/DATA/linux_tools/Xilinx/Vivado/2018.1/data/boards/board_files/bdf-master/ultrazed_3eg_som_es1/1.0/board.xml as part xczu3eg-sfva625-1-i-es1 specified in board_part file is either invalid or not available
WARNING: [Board 49-26] cannot add Board Part em.avnet.com:ultrazed_ev_som_es2:part0:1.1 available at /media/nguyenvietthi/DATA/linux_tools/Xilinx/Vivado/2018.1/data/boards/board_files/bdf-master/ultrazed_7ev_som_es2/1.1/board.xml as part xczu7ev-fbvb900-1-i-es2 specified in board_part file is either invalid or not available
WARNING: [Board 49-26] cannot add Board Part em.avnet.com:ultrazed_7ev_cc_es2:part0:1.1 available at /media/nguyenvietthi/DATA/linux_tools/Xilinx/Vivado/2018.1/data/boards/board_files/bdf-master/ultrazed_7ev_cc_es2/1.1/board.xml as part xczu7ev-fbvb900-1-i-es2 specified in board_part file is either invalid or not available
WARNING: [Board 49-26] cannot add Board Part em.avnet.com:ultrazed_eg_iocc:part0:1.0 available at /media/nguyenvietthi/DATA/linux_tools/Xilinx/Vivado/2018.1/data/boards/board_files/bdf-master/ultrazed_3eg_iocc_es1/1.0/board.xml as part xczu3eg-sfva625-1-i-es1 specified in board_part file is either invalid or not available
WARNING: [Board 49-26] cannot add Board Part em.avnet.com:ultrazed_eg_pciecc:part0:1.0 available at /media/nguyenvietthi/DATA/linux_tools/Xilinx/Vivado/2018.1/data/boards/board_files/bdf-master/ultrazed_3eg_pciecc_es1/1.0/board.xml as part xczu3eg-sfva625-1-i-es1 specified in board_part file is either invalid or not available
WARNING: [Board 49-26] cannot add Board Part em.avnet.com:ultrazed_eg_som:part0:1.0 available at /media/nguyenvietthi/DATA/linux_tools/Xilinx/Vivado/2018.1/data/boards/board_files/bdf-master/ultrazed_3eg_som_es1/1.0/board.xml as part xczu3eg-sfva625-1-i-es1 specified in board_part file is either invalid or not available
WARNING: [Board 49-26] cannot add Board Part em.avnet.com:ultrazed_ev_som_es2:part0:1.1 available at /media/nguyenvietthi/DATA/linux_tools/Xilinx/Vivado/2018.1/data/boards/board_files/bdf-master/ultrazed_7ev_som_es2/1.1/board.xml as part xczu7ev-fbvb900-1-i-es2 specified in board_part file is either invalid or not available
WARNING: [Board 49-26] cannot add Board Part em.avnet.com:ultrazed_7ev_cc_es2:part0:1.1 available at /media/nguyenvietthi/DATA/linux_tools/Xilinx/Vivado/2018.1/data/boards/board_files/bdf-master/ultrazed_7ev_cc_es2/1.1/board.xml as part xczu7ev-fbvb900-1-i-es2 specified in board_part file is either invalid or not available
WARNING: [Board 49-26] cannot add Board Part em.avnet.com:ultrazed_eg_iocc:part0:1.0 available at /media/nguyenvietthi/DATA/linux_tools/Xilinx/Vivado/2018.1/data/boards/board_files/bdf-master/ultrazed_3eg_iocc_es1/1.0/board.xml as part xczu3eg-sfva625-1-i-es1 specified in board_part file is either invalid or not available
WARNING: [Board 49-26] cannot add Board Part em.avnet.com:ultrazed_eg_pciecc:part0:1.0 available at /media/nguyenvietthi/DATA/linux_tools/Xilinx/Vivado/2018.1/data/boards/board_files/bdf-master/ultrazed_3eg_pciecc_es1/1.0/board.xml as part xczu3eg-sfva625-1-i-es1 specified in board_part file is either invalid or not available
WARNING: [Board 49-26] cannot add Board Part em.avnet.com:ultrazed_eg_som:part0:1.0 available at /media/nguyenvietthi/DATA/linux_tools/Xilinx/Vivado/2018.1/data/boards/board_files/bdf-master/ultrazed_3eg_som_es1/1.0/board.xml as part xczu3eg-sfva625-1-i-es1 specified in board_part file is either invalid or not available
WARNING: [Board 49-26] cannot add Board Part em.avnet.com:ultrazed_ev_som_es2:part0:1.1 available at /media/nguyenvietthi/DATA/linux_tools/Xilinx/Vivado/2018.1/data/boards/board_files/bdf-master/ultrazed_7ev_som_es2/1.1/board.xml as part xczu7ev-fbvb900-1-i-es2 specified in board_part file is either invalid or not available
WARNING: [Board 49-26] cannot add Board Part em.avnet.com:ultrazed_7ev_cc_es2:part0:1.1 available at /media/nguyenvietthi/DATA/linux_tools/Xilinx/Vivado/2018.1/data/boards/board_files/bdf-master/ultrazed_7ev_cc_es2/1.1/board.xml as part xczu7ev-fbvb900-1-i-es2 specified in board_part file is either invalid or not available
WARNING: [Board 49-26] cannot add Board Part em.avnet.com:ultrazed_eg_iocc:part0:1.0 available at /media/nguyenvietthi/DATA/linux_tools/Xilinx/Vivado/2018.1/data/boards/board_files/bdf-master/ultrazed_3eg_iocc_es1/1.0/board.xml as part xczu3eg-sfva625-1-i-es1 specified in board_part file is either invalid or not available
WARNING: [Board 49-26] cannot add Board Part em.avnet.com:ultrazed_eg_pciecc:part0:1.0 available at /media/nguyenvietthi/DATA/linux_tools/Xilinx/Vivado/2018.1/data/boards/board_files/bdf-master/ultrazed_3eg_pciecc_es1/1.0/board.xml as part xczu3eg-sfva625-1-i-es1 specified in board_part file is either invalid or not available
WARNING: [Board 49-26] cannot add Board Part em.avnet.com:ultrazed_eg_som:part0:1.0 available at /media/nguyenvietthi/DATA/linux_tools/Xilinx/Vivado/2018.1/data/boards/board_files/bdf-master/ultrazed_3eg_som_es1/1.0/board.xml as part xczu3eg-sfva625-1-i-es1 specified in board_part file is either invalid or not available
WARNING: [Board 49-26] cannot add Board Part em.avnet.com:ultrazed_ev_som_es2:part0:1.1 available at /media/nguyenvietthi/DATA/linux_tools/Xilinx/Vivado/2018.1/data/boards/board_files/bdf-master/ultrazed_7ev_som_es2/1.1/board.xml as part xczu7ev-fbvb900-1-i-es2 specified in board_part file is either invalid or not available
WARNING: [Board 49-26] cannot add Board Part em.avnet.com:ultrazed_7ev_cc_es2:part0:1.1 available at /media/nguyenvietthi/DATA/linux_tools/Xilinx/Vivado/2018.1/data/boards/board_files/bdf-master/ultrazed_7ev_cc_es2/1.1/board.xml as part xczu7ev-fbvb900-1-i-es2 specified in board_part file is either invalid or not available
WARNING: [Board 49-26] cannot add Board Part em.avnet.com:ultrazed_eg_iocc:part0:1.0 available at /media/nguyenvietthi/DATA/linux_tools/Xilinx/Vivado/2018.1/data/boards/board_files/bdf-master/ultrazed_3eg_iocc_es1/1.0/board.xml as part xczu3eg-sfva625-1-i-es1 specified in board_part file is either invalid or not available
WARNING: [Board 49-26] cannot add Board Part em.avnet.com:ultrazed_eg_pciecc:part0:1.0 available at /media/nguyenvietthi/DATA/linux_tools/Xilinx/Vivado/2018.1/data/boards/board_files/bdf-master/ultrazed_3eg_pciecc_es1/1.0/board.xml as part xczu3eg-sfva625-1-i-es1 specified in board_part file is either invalid or not available
WARNING: [Board 49-26] cannot add Board Part em.avnet.com:ultrazed_eg_som:part0:1.0 available at /media/nguyenvietthi/DATA/linux_tools/Xilinx/Vivado/2018.1/data/boards/board_files/bdf-master/ultrazed_3eg_som_es1/1.0/board.xml as part xczu3eg-sfva625-1-i-es1 specified in board_part file is either invalid or not available
WARNING: [Board 49-26] cannot add Board Part em.avnet.com:ultrazed_ev_som_es2:part0:1.1 available at /media/nguyenvietthi/DATA/linux_tools/Xilinx/Vivado/2018.1/data/boards/board_files/bdf-master/ultrazed_7ev_som_es2/1.1/board.xml as part xczu7ev-fbvb900-1-i-es2 specified in board_part file is either invalid or not available
WARNING: [Board 49-26] cannot add Board Part em.avnet.com:ultrazed_7ev_cc_es2:part0:1.1 available at /media/nguyenvietthi/DATA/linux_tools/Xilinx/Vivado/2018.1/data/boards/board_files/bdf-master/ultrazed_7ev_cc_es2/1.1/board.xml as part xczu7ev-fbvb900-1-i-es2 specified in board_part file is either invalid or not available
WARNING: [Board 49-26] cannot add Board Part em.avnet.com:ultrazed_eg_iocc:part0:1.0 available at /media/nguyenvietthi/DATA/linux_tools/Xilinx/Vivado/2018.1/data/boards/board_files/bdf-master/ultrazed_3eg_iocc_es1/1.0/board.xml as part xczu3eg-sfva625-1-i-es1 specified in board_part file is either invalid or not available
WARNING: [Board 49-26] cannot add Board Part em.avnet.com:ultrazed_eg_pciecc:part0:1.0 available at /media/nguyenvietthi/DATA/linux_tools/Xilinx/Vivado/2018.1/data/boards/board_files/bdf-master/ultrazed_3eg_pciecc_es1/1.0/board.xml as part xczu3eg-sfva625-1-i-es1 specified in board_part file is either invalid or not available
WARNING: [Board 49-26] cannot add Board Part em.avnet.com:ultrazed_eg_som:part0:1.0 available at /media/nguyenvietthi/DATA/linux_tools/Xilinx/Vivado/2018.1/data/boards/board_files/bdf-master/ultrazed_3eg_som_es1/1.0/board.xml as part xczu3eg-sfva625-1-i-es1 specified in board_part file is either invalid or not available
WARNING: [Board 49-26] cannot add Board Part em.avnet.com:ultrazed_ev_som_es2:part0:1.1 available at /media/nguyenvietthi/DATA/linux_tools/Xilinx/Vivado/2018.1/data/boards/board_files/bdf-master/ultrazed_7ev_som_es2/1.1/board.xml as part xczu7ev-fbvb900-1-i-es2 specified in board_part file is either invalid or not available
WARNING: [Board 49-26] cannot add Board Part em.avnet.com:ultrazed_7ev_cc_es2:part0:1.1 available at /media/nguyenvietthi/DATA/linux_tools/Xilinx/Vivado/2018.1/data/boards/board_files/bdf-master/ultrazed_7ev_cc_es2/1.1/board.xml as part xczu7ev-fbvb900-1-i-es2 specified in board_part file is either invalid or not available
WARNING: [Board 49-26] cannot add Board Part em.avnet.com:ultrazed_eg_iocc:part0:1.0 available at /media/nguyenvietthi/DATA/linux_tools/Xilinx/Vivado/2018.1/data/boards/board_files/bdf-master/ultrazed_3eg_iocc_es1/1.0/board.xml as part xczu3eg-sfva625-1-i-es1 specified in board_part file is either invalid or not available
WARNING: [Board 49-26] cannot add Board Part em.avnet.com:ultrazed_eg_pciecc:part0:1.0 available at /media/nguyenvietthi/DATA/linux_tools/Xilinx/Vivado/2018.1/data/boards/board_files/bdf-master/ultrazed_3eg_pciecc_es1/1.0/board.xml as part xczu3eg-sfva625-1-i-es1 specified in board_part file is either invalid or not available
WARNING: [Board 49-26] cannot add Board Part em.avnet.com:ultrazed_eg_som:part0:1.0 available at /media/nguyenvietthi/DATA/linux_tools/Xilinx/Vivado/2018.1/data/boards/board_files/bdf-master/ultrazed_3eg_som_es1/1.0/board.xml as part xczu3eg-sfva625-1-i-es1 specified in board_part file is either invalid or not available
WARNING: [Board 49-26] cannot add Board Part em.avnet.com:ultrazed_ev_som_es2:part0:1.1 available at /media/nguyenvietthi/DATA/linux_tools/Xilinx/Vivado/2018.1/data/boards/board_files/bdf-master/ultrazed_7ev_som_es2/1.1/board.xml as part xczu7ev-fbvb900-1-i-es2 specified in board_part file is either invalid or not available
WARNING: [Board 49-26] cannot add Board Part em.avnet.com:ultrazed_7ev_cc_es2:part0:1.1 available at /media/nguyenvietthi/DATA/linux_tools/Xilinx/Vivado/2018.1/data/boards/board_files/bdf-master/ultrazed_7ev_cc_es2/1.1/board.xml as part xczu7ev-fbvb900-1-i-es2 specified in board_part file is either invalid or not available
WARNING: [Board 49-26] cannot add Board Part em.avnet.com:ultrazed_eg_iocc:part0:1.0 available at /media/nguyenvietthi/DATA/linux_tools/Xilinx/Vivado/2018.1/data/boards/board_files/bdf-master/ultrazed_3eg_iocc_es1/1.0/board.xml as part xczu3eg-sfva625-1-i-es1 specified in board_part file is either invalid or not available
WARNING: [Board 49-26] cannot add Board Part em.avnet.com:ultrazed_eg_pciecc:part0:1.0 available at /media/nguyenvietthi/DATA/linux_tools/Xilinx/Vivado/2018.1/data/boards/board_files/bdf-master/ultrazed_3eg_pciecc_es1/1.0/board.xml as part xczu3eg-sfva625-1-i-es1 specified in board_part file is either invalid or not available
WARNING: [Board 49-26] cannot add Board Part em.avnet.com:ultrazed_eg_som:part0:1.0 available at /media/nguyenvietthi/DATA/linux_tools/Xilinx/Vivado/2018.1/data/boards/board_files/bdf-master/ultrazed_3eg_som_es1/1.0/board.xml as part xczu3eg-sfva625-1-i-es1 specified in board_part file is either invalid or not available
WARNING: [Board 49-26] cannot add Board Part em.avnet.com:ultrazed_ev_som_es2:part0:1.1 available at /media/nguyenvietthi/DATA/linux_tools/Xilinx/Vivado/2018.1/data/boards/board_files/bdf-master/ultrazed_7ev_som_es2/1.1/board.xml as part xczu7ev-fbvb900-1-i-es2 specified in board_part file is either invalid or not available
WARNING: [Board 49-26] cannot add Board Part em.avnet.com:ultrazed_7ev_cc_es2:part0:1.1 available at /media/nguyenvietthi/DATA/linux_tools/Xilinx/Vivado/2018.1/data/boards/board_files/bdf-master/ultrazed_7ev_cc_es2/1.1/board.xml as part xczu7ev-fbvb900-1-i-es2 specified in board_part file is either invalid or not available
WARNING: [Board 49-26] cannot add Board Part em.avnet.com:ultrazed_eg_iocc:part0:1.0 available at /media/nguyenvietthi/DATA/linux_tools/Xilinx/Vivado/2018.1/data/boards/board_files/bdf-master/ultrazed_3eg_iocc_es1/1.0/board.xml as part xczu3eg-sfva625-1-i-es1 specified in board_part file is either invalid or not available
WARNING: [Board 49-26] cannot add Board Part em.avnet.com:ultrazed_eg_pciecc:part0:1.0 available at /media/nguyenvietthi/DATA/linux_tools/Xilinx/Vivado/2018.1/data/boards/board_files/bdf-master/ultrazed_3eg_pciecc_es1/1.0/board.xml as part xczu3eg-sfva625-1-i-es1 specified in board_part file is either invalid or not available
WARNING: [Board 49-26] cannot add Board Part em.avnet.com:ultrazed_eg_som:part0:1.0 available at /media/nguyenvietthi/DATA/linux_tools/Xilinx/Vivado/2018.1/data/boards/board_files/bdf-master/ultrazed_3eg_som_es1/1.0/board.xml as part xczu3eg-sfva625-1-i-es1 specified in board_part file is either invalid or not available
WARNING: [Board 49-26] cannot add Board Part em.avnet.com:ultrazed_ev_som_es2:part0:1.1 available at /media/nguyenvietthi/DATA/linux_tools/Xilinx/Vivado/2018.1/data/boards/board_files/bdf-master/ultrazed_7ev_som_es2/1.1/board.xml as part xczu7ev-fbvb900-1-i-es2 specified in board_part file is either invalid or not available
WARNING: [Board 49-26] cannot add Board Part em.avnet.com:ultrazed_7ev_cc_es2:part0:1.1 available at /media/nguyenvietthi/DATA/linux_tools/Xilinx/Vivado/2018.1/data/boards/board_files/bdf-master/ultrazed_7ev_cc_es2/1.1/board.xml as part xczu7ev-fbvb900-1-i-es2 specified in board_part file is either invalid or not available
WARNING: [Board 49-26] cannot add Board Part em.avnet.com:ultrazed_eg_iocc:part0:1.0 available at /media/nguyenvietthi/DATA/linux_tools/Xilinx/Vivado/2018.1/data/boards/board_files/bdf-master/ultrazed_3eg_iocc_es1/1.0/board.xml as part xczu3eg-sfva625-1-i-es1 specified in board_part file is either invalid or not available
WARNING: [Board 49-26] cannot add Board Part em.avnet.com:ultrazed_eg_pciecc:part0:1.0 available at /media/nguyenvietthi/DATA/linux_tools/Xilinx/Vivado/2018.1/data/boards/board_files/bdf-master/ultrazed_3eg_pciecc_es1/1.0/board.xml as part xczu3eg-sfva625-1-i-es1 specified in board_part file is either invalid or not available
WARNING: [Board 49-26] cannot add Board Part em.avnet.com:ultrazed_eg_som:part0:1.0 available at /media/nguyenvietthi/DATA/linux_tools/Xilinx/Vivado/2018.1/data/boards/board_files/bdf-master/ultrazed_3eg_som_es1/1.0/board.xml as part xczu3eg-sfva625-1-i-es1 specified in board_part file is either invalid or not available
WARNING: [Board 49-26] cannot add Board Part em.avnet.com:ultrazed_ev_som_es2:part0:1.1 available at /media/nguyenvietthi/DATA/linux_tools/Xilinx/Vivado/2018.1/data/boards/board_files/bdf-master/ultrazed_7ev_som_es2/1.1/board.xml as part xczu7ev-fbvb900-1-i-es2 specified in board_part file is either invalid or not available
WARNING: [Board 49-26] cannot add Board Part em.avnet.com:ultrazed_7ev_cc_es2:part0:1.1 available at /media/nguyenvietthi/DATA/linux_tools/Xilinx/Vivado/2018.1/data/boards/board_files/bdf-master/ultrazed_7ev_cc_es2/1.1/board.xml as part xczu7ev-fbvb900-1-i-es2 specified in board_part file is either invalid or not available
WARNING: [Board 49-26] cannot add Board Part em.avnet.com:ultrazed_eg_iocc:part0:1.0 available at /media/nguyenvietthi/DATA/linux_tools/Xilinx/Vivado/2018.1/data/boards/board_files/bdf-master/ultrazed_3eg_iocc_es1/1.0/board.xml as part xczu3eg-sfva625-1-i-es1 specified in board_part file is either invalid or not available
WARNING: [Board 49-26] cannot add Board Part em.avnet.com:ultrazed_eg_pciecc:part0:1.0 available at /media/nguyenvietthi/DATA/linux_tools/Xilinx/Vivado/2018.1/data/boards/board_files/bdf-master/ultrazed_3eg_pciecc_es1/1.0/board.xml as part xczu3eg-sfva625-1-i-es1 specified in board_part file is either invalid or not available
WARNING: [Board 49-26] cannot add Board Part em.avnet.com:ultrazed_eg_som:part0:1.0 available at /media/nguyenvietthi/DATA/linux_tools/Xilinx/Vivado/2018.1/data/boards/board_files/bdf-master/ultrazed_3eg_som_es1/1.0/board.xml as part xczu3eg-sfva625-1-i-es1 specified in board_part file is either invalid or not available
WARNING: [Board 49-26] cannot add Board Part em.avnet.com:ultrazed_ev_som_es2:part0:1.1 available at /media/nguyenvietthi/DATA/linux_tools/Xilinx/Vivado/2018.1/data/boards/board_files/bdf-master/ultrazed_7ev_som_es2/1.1/board.xml as part xczu7ev-fbvb900-1-i-es2 specified in board_part file is either invalid or not available
create_project dht11_controller_v2 . -part xc7z020clg484-1
INFO: [IP_Flow 19-234] Refreshing IP repositories
INFO: [IP_Flow 19-1704] No user IP repositories specified
INFO: [IP_Flow 19-2313] Loaded Vivado IP repository '/media/nguyenvietthi/DATA/linux_tools/Xilinx/Vivado/2018.1/data/ip'.
set_property board_part em.avnet.com:zed:part0:1.4 [current_project]
add_files -norecurse {/media/nguyenvietthi/DATA/nam4/HTN/embedded_system_20212/fpga/dht11_controller_v2/src/dht_top.vhd /media/nguyenvietthi/DATA/nam4/HTN/embedded_system_20212/fpga/dht11_controller_v2/src/myperipheral_v1_0_S00_AXI.vhd /media/nguyenvietthi/DATA/nam4/HTN/embedded_system_20212/fpga/dht11_controller_v2/src/myperipheral_v1_0.vhd}
update_compile_order -fileset sources_1
update_compile_order -fileset sources_1
WARNING: [IP_Flow 19-3899] Cannot get the environment domain name variable for the component vendor name. Setting the vendor name to 'user.org'.
ipx::package_project -root_dir /media/nguyenvietthi/DATA/nam4/HTN/embedded_system_20212/fpga/dht11_controller_v2 -vendor user.org -library user -taxonomy /UserIP
INFO: [IP_Flow 19-5107] Inferred bus interface 's00_axi' of definition 'xilinx.com:interface:aximm:1.0' (from Xilinx Repository).
INFO: [IP_Flow 19-5107] Inferred bus interface 's00_axi_aresetn' of definition 'xilinx.com:signal:reset:1.0' (from Xilinx Repository).
INFO: [IP_Flow 19-5107] Inferred bus interface 's00_axi_aclk' of definition 'xilinx.com:signal:clock:1.0' (from Xilinx Repository).
INFO: [IP_Flow 19-5107] Inferred bus interface 'irq' of definition 'xilinx.com:signal:interrupt:1.0' (from Xilinx Repository).
INFO: [IP_Flow 19-4728] Bus Interface 's00_axi_aresetn': Added interface parameter 'POLARITY' with value 'ACTIVE_LOW'.
INFO: [IP_Flow 19-4728] Bus Interface 'irq': Added interface parameter 'SENSITIVITY' with value 'LEVEL_HIGH'.
INFO: [IP_Flow 19-4728] Bus Interface 's00_axi_aclk': Added interface parameter 'ASSOCIATED_BUSIF' with value 's00_axi'.
INFO: [IP_Flow 19-4728] Bus Interface 's00_axi_aclk': Added interface parameter 'ASSOCIATED_RESET' with value 's00_axi_aresetn'.
INFO: [IP_Flow 19-2181] Payment Required is not set for this core.
INFO: [IP_Flow 19-2187] The Product Guide file is missing.
set_property core_revision 2 [ipx::current_core]
ipx::create_xgui_files [ipx::current_core]
ipx::update_checksums [ipx::current_core]
ipx::save_core [ipx::current_core]
set_property  ip_repo_paths  /media/nguyenvietthi/DATA/nam4/HTN/embedded_system_20212/fpga/dht11_controller_v2 [current_project]
update_ip_catalog
INFO: [IP_Flow 19-234] Refreshing IP repositories
INFO: [IP_Flow 19-1700] Loaded user IP repository '/media/nguyenvietthi/DATA/nam4/HTN/embedded_system_20212/fpga/dht11_controller_v2'.
exit
INFO: [Common 17-206] Exiting Vivado at Tue Jun 28 11:48:22 2022...
