#-----------------------------------------------------------
# Vivado v2018.1 (64-bit)
# SW Build 2188600 on Wed Apr  4 18:39:19 MDT 2018
# IP Build 2185939 on Wed Apr  4 20:55:05 MDT 2018
# Start of session at: Mon Jun 27 21:55:30 2022
# Process ID: 35638
# Current directory: /media/nguyenvietthi/DATA/nam4/HTN/embedded_system_20212/fpga/smart_toilet_system_controller
# Command line: vivado .
# Log file: /media/nguyenvietthi/DATA/nam4/HTN/embedded_system_20212/fpga/smart_toilet_system_controller/vivado.log
# Journal file: /media/nguyenvietthi/DATA/nam4/HTN/embedded_system_20212/fpga/smart_toilet_system_controller/vivado.jou
#-----------------------------------------------------------
start_gui
WARNING: [Board 49-26] cannot add Board Part em.avnet.com:ultrazed_7ev_cc_es2:part0:1.1 available at /media/nguyenvietthi/DATA/linux_tools/Xilinx/Vivado/2018.1/data/boards/board_files/bdf-master/ultrazed_7ev_cc_es2/1.1/board.xml as part xczu7ev-fbvb900-1-i-es2 specified in board_part file is either invalid or not available
WARNING: [Board 49-26] cannot add Board Part em.avnet.com:ultrazed_eg_iocc:part0:1.0 available at /media/nguyenvietthi/DATA/linux_tools/Xilinx/Vivado/2018.1/data/boards/board_files/bdf-master/ultrazed_3eg_iocc_es1/1.0/board.xml as part xczu3eg-sfva625-1-i-es1 specified in board_part file is either invalid or not available
WARNING: [Board 49-26] cannot add Board Part em.avnet.com:ultrazed_eg_pciecc:part0:1.0 available at /media/nguyenvietthi/DATA/linux_tools/Xilinx/Vivado/2018.1/data/boards/board_files/bdf-master/ultrazed_3eg_pciecc_es1/1.0/board.xml as part xczu3eg-sfva625-1-i-es1 specified in board_part file is either invalid or not available
WARNING: [Board 49-26] cannot add Board Part em.avnet.com:ultrazed_eg_som:part0:1.0 available at /media/nguyenvietthi/DATA/linux_tools/Xilinx/Vivado/2018.1/data/boards/board_files/bdf-master/ultrazed_3eg_som_es1/1.0/board.xml as part xczu3eg-sfva625-1-i-es1 specified in board_part file is either invalid or not available
WARNING: [Board 49-26] cannot add Board Part em.avnet.com:ultrazed_ev_som_es2:part0:1.1 available at /media/nguyenvietthi/DATA/linux_tools/Xilinx/Vivado/2018.1/data/boards/board_files/bdf-master/ultrazed_7ev_som_es2/1.1/board.xml as part xczu7ev-fbvb900-1-i-es2 specified in board_part file is either invalid or not available
WARNING: [Board 49-26] cannot add Board Part em.avnet.com:ultrazed_7ev_cc_es2:part0:1.1 available at /media/nguyenvietthi/DATA/linux_tools/Xilinx/Vivado/2018.1/data/boards/board_files/bdf-master/ultrazed_7ev_cc_es2/1.1/board.xml as part xczu7ev-fbvb900-1-i-es2 specified in board_part file is either invalid or not available
WARNING: [Board 49-26] cannot add Board Part em.avnet.com:ultrazed_eg_iocc:part0:1.0 available at /media/nguyenvietthi/DATA/linux_tools/Xilinx/Vivado/2018.1/data/boards/board_files/bdf-master/ultrazed_3eg_iocc_es1/1.0/board.xml as part xczu3eg-sfva625-1-i-es1 specified in board_part file is either invalid or not available
WARNING: [Board 49-26] cannot add Board Part em.avnet.com:ultrazed_eg_pciecc:part0:1.0 available at /media/nguyenvietthi/DATA/linux_tools/Xilinx/Vivado/2018.1/data/boards/board_files/bdf-master/ultrazed_3eg_pciecc_es1/1.0/board.xml as part xczu3eg-sfva625-1-i-es1 specified in board_part file is either invalid or not available
WARNING: [Board 49-26] cannot add Board Part em.avnet.com:ultrazed_eg_som:part0:1.0 available at /media/nguyenvietthi/DATA/linux_tools/Xilinx/Vivado/2018.1/data/boards/board_files/bdf-master/ultrazed_3eg_som_es1/1.0/board.xml as part xczu3eg-sfva625-1-i-es1 specified in board_part file is either invalid or not available
WARNING: [Board 49-26] cannot add Board Part em.avnet.com:ultrazed_ev_som_es2:part0:1.1 available at /media/nguyenvietthi/DATA/linux_tools/Xilinx/Vivado/2018.1/data/boards/board_files/bdf-master/ultrazed_7ev_som_es2/1.1/board.xml as part xczu7ev-fbvb900-1-i-es2 specified in board_part file is either invalid or not available
WARNING: [Board 49-26] cannot add Board Part em.avnet.com:ultrazed_7ev_cc_es2:part0:1.1 available at /media/nguyenvietthi/DATA/linux_tools/Xilinx/Vivado/2018.1/data/boards/board_files/bdf-master/ultrazed_7ev_cc_es2/1.1/board.xml as part xczu7ev-fbvb900-1-i-es2 specified in board_part file is either invalid or not available
WARNING: [Board 49-26] cannot add Board Part em.avnet.com:ultrazed_eg_iocc:part0:1.0 available at /media/nguyenvietthi/DATA/linux_tools/Xilinx/Vivado/2018.1/data/boards/board_files/bdf-master/ultrazed_3eg_iocc_es1/1.0/board.xml as part xczu3eg-sfva625-1-i-es1 specified in board_part file is either invalid or not available
WARNING: [Board 49-26] cannot add Board Part em.avnet.com:ultrazed_eg_pciecc:part0:1.0 available at /media/nguyenvietthi/DATA/linux_tools/Xilinx/Vivado/2018.1/data/boards/board_files/bdf-master/ultrazed_3eg_pciecc_es1/1.0/board.xml as part xczu3eg-sfva625-1-i-es1 specified in board_part file is either invalid or not available
WARNING: [Board 49-26] cannot add Board Part em.avnet.com:ultrazed_eg_som:part0:1.0 available at /media/nguyenvietthi/DATA/linux_tools/Xilinx/Vivado/2018.1/data/boards/board_files/bdf-master/ultrazed_3eg_som_es1/1.0/board.xml as part xczu3eg-sfva625-1-i-es1 specified in board_part file is either invalid or not available
WARNING: [Board 49-26] cannot add Board Part em.avnet.com:ultrazed_ev_som_es2:part0:1.1 available at /media/nguyenvietthi/DATA/linux_tools/Xilinx/Vivado/2018.1/data/boards/board_files/bdf-master/ultrazed_7ev_som_es2/1.1/board.xml as part xczu7ev-fbvb900-1-i-es2 specified in board_part file is either invalid or not available
WARNING: [Board 49-26] cannot add Board Part em.avnet.com:ultrazed_7ev_cc_es2:part0:1.1 available at /media/nguyenvietthi/DATA/linux_tools/Xilinx/Vivado/2018.1/data/boards/board_files/bdf-master/ultrazed_7ev_cc_es2/1.1/board.xml as part xczu7ev-fbvb900-1-i-es2 specified in board_part file is either invalid or not available
WARNING: [Board 49-26] cannot add Board Part em.avnet.com:ultrazed_eg_iocc:part0:1.0 available at /media/nguyenvietthi/DATA/linux_tools/Xilinx/Vivado/2018.1/data/boards/board_files/bdf-master/ultrazed_3eg_iocc_es1/1.0/board.xml as part xczu3eg-sfva625-1-i-es1 specified in board_part file is either invalid or not available
WARNING: [Board 49-26] cannot add Board Part em.avnet.com:ultrazed_eg_pciecc:part0:1.0 available at /media/nguyenvietthi/DATA/linux_tools/Xilinx/Vivado/2018.1/data/boards/board_files/bdf-master/ultrazed_3eg_pciecc_es1/1.0/board.xml as part xczu3eg-sfva625-1-i-es1 specified in board_part file is either invalid or not available
WARNING: [Board 49-26] cannot add Board Part em.avnet.com:ultrazed_eg_som:part0:1.0 available at /media/nguyenvietthi/DATA/linux_tools/Xilinx/Vivado/2018.1/data/boards/board_files/bdf-master/ultrazed_3eg_som_es1/1.0/board.xml as part xczu3eg-sfva625-1-i-es1 specified in board_part file is either invalid or not available
WARNING: [Board 49-26] cannot add Board Part em.avnet.com:ultrazed_ev_som_es2:part0:1.1 available at /media/nguyenvietthi/DATA/linux_tools/Xilinx/Vivado/2018.1/data/boards/board_files/bdf-master/ultrazed_7ev_som_es2/1.1/board.xml as part xczu7ev-fbvb900-1-i-es2 specified in board_part file is either invalid or not available
WARNING: [Board 49-26] cannot add Board Part em.avnet.com:ultrazed_7ev_cc_es2:part0:1.1 available at /media/nguyenvietthi/DATA/linux_tools/Xilinx/Vivado/2018.1/data/boards/board_files/bdf-master/ultrazed_7ev_cc_es2/1.1/board.xml as part xczu7ev-fbvb900-1-i-es2 specified in board_part file is either invalid or not available
WARNING: [Board 49-26] cannot add Board Part em.avnet.com:ultrazed_eg_iocc:part0:1.0 available at /media/nguyenvietthi/DATA/linux_tools/Xilinx/Vivado/2018.1/data/boards/board_files/bdf-master/ultrazed_3eg_iocc_es1/1.0/board.xml as part xczu3eg-sfva625-1-i-es1 specified in board_part file is either invalid or not available
WARNING: [Board 49-26] cannot add Board Part em.avnet.com:ultrazed_eg_pciecc:part0:1.0 available at /media/nguyenvietthi/DATA/linux_tools/Xilinx/Vivado/2018.1/data/boards/board_files/bdf-master/ultrazed_3eg_pciecc_es1/1.0/board.xml as part xczu3eg-sfva625-1-i-es1 specified in board_part file is either invalid or not available
WARNING: [Board 49-26] cannot add Board Part em.avnet.com:ultrazed_eg_som:part0:1.0 available at /media/nguyenvietthi/DATA/linux_tools/Xilinx/Vivado/2018.1/data/boards/board_files/bdf-master/ultrazed_3eg_som_es1/1.0/board.xml as part xczu3eg-sfva625-1-i-es1 specified in board_part file is either invalid or not available
WARNING: [Board 49-26] cannot add Board Part em.avnet.com:ultrazed_ev_som_es2:part0:1.1 available at /media/nguyenvietthi/DATA/linux_tools/Xilinx/Vivado/2018.1/data/boards/board_files/bdf-master/ultrazed_7ev_som_es2/1.1/board.xml as part xczu7ev-fbvb900-1-i-es2 specified in board_part file is either invalid or not available
WARNING: [Board 49-26] cannot add Board Part em.avnet.com:ultrazed_7ev_cc_es2:part0:1.1 available at /media/nguyenvietthi/DATA/linux_tools/Xilinx/Vivado/2018.1/data/boards/board_files/bdf-master/ultrazed_7ev_cc_es2/1.1/board.xml as part xczu7ev-fbvb900-1-i-es2 specified in board_part file is either invalid or not available
WARNING: [Board 49-26] cannot add Board Part em.avnet.com:ultrazed_eg_iocc:part0:1.0 available at /media/nguyenvietthi/DATA/linux_tools/Xilinx/Vivado/2018.1/data/boards/board_files/bdf-master/ultrazed_3eg_iocc_es1/1.0/board.xml as part xczu3eg-sfva625-1-i-es1 specified in board_part file is either invalid or not available
WARNING: [Board 49-26] cannot add Board Part em.avnet.com:ultrazed_eg_pciecc:part0:1.0 available at /media/nguyenvietthi/DATA/linux_tools/Xilinx/Vivado/2018.1/data/boards/board_files/bdf-master/ultrazed_3eg_pciecc_es1/1.0/board.xml as part xczu3eg-sfva625-1-i-es1 specified in board_part file is either invalid or not available
WARNING: [Board 49-26] cannot add Board Part em.avnet.com:ultrazed_eg_som:part0:1.0 available at /media/nguyenvietthi/DATA/linux_tools/Xilinx/Vivado/2018.1/data/boards/board_files/bdf-master/ultrazed_3eg_som_es1/1.0/board.xml as part xczu3eg-sfva625-1-i-es1 specified in board_part file is either invalid or not available
WARNING: [Board 49-26] cannot add Board Part em.avnet.com:ultrazed_ev_som_es2:part0:1.1 available at /media/nguyenvietthi/DATA/linux_tools/Xilinx/Vivado/2018.1/data/boards/board_files/bdf-master/ultrazed_7ev_som_es2/1.1/board.xml as part xczu7ev-fbvb900-1-i-es2 specified in board_part file is either invalid or not available
WARNING: [Board 49-26] cannot add Board Part em.avnet.com:ultrazed_7ev_cc_es2:part0:1.1 available at /media/nguyenvietthi/DATA/linux_tools/Xilinx/Vivado/2018.1/data/boards/board_files/bdf-master/ultrazed_7ev_cc_es2/1.1/board.xml as part xczu7ev-fbvb900-1-i-es2 specified in board_part file is either invalid or not available
WARNING: [Board 49-26] cannot add Board Part em.avnet.com:ultrazed_eg_iocc:part0:1.0 available at /media/nguyenvietthi/DATA/linux_tools/Xilinx/Vivado/2018.1/data/boards/board_files/bdf-master/ultrazed_3eg_iocc_es1/1.0/board.xml as part xczu3eg-sfva625-1-i-es1 specified in board_part file is either invalid or not available
WARNING: [Board 49-26] cannot add Board Part em.avnet.com:ultrazed_eg_pciecc:part0:1.0 available at /media/nguyenvietthi/DATA/linux_tools/Xilinx/Vivado/2018.1/data/boards/board_files/bdf-master/ultrazed_3eg_pciecc_es1/1.0/board.xml as part xczu3eg-sfva625-1-i-es1 specified in board_part file is either invalid or not available
WARNING: [Board 49-26] cannot add Board Part em.avnet.com:ultrazed_eg_som:part0:1.0 available at /media/nguyenvietthi/DATA/linux_tools/Xilinx/Vivado/2018.1/data/boards/board_files/bdf-master/ultrazed_3eg_som_es1/1.0/board.xml as part xczu3eg-sfva625-1-i-es1 specified in board_part file is either invalid or not available
WARNING: [Board 49-26] cannot add Board Part em.avnet.com:ultrazed_ev_som_es2:part0:1.1 available at /media/nguyenvietthi/DATA/linux_tools/Xilinx/Vivado/2018.1/data/boards/board_files/bdf-master/ultrazed_7ev_som_es2/1.1/board.xml as part xczu7ev-fbvb900-1-i-es2 specified in board_part file is either invalid or not available
WARNING: [Board 49-26] cannot add Board Part em.avnet.com:ultrazed_7ev_cc_es2:part0:1.1 available at /media/nguyenvietthi/DATA/linux_tools/Xilinx/Vivado/2018.1/data/boards/board_files/bdf-master/ultrazed_7ev_cc_es2/1.1/board.xml as part xczu7ev-fbvb900-1-i-es2 specified in board_part file is either invalid or not available
WARNING: [Board 49-26] cannot add Board Part em.avnet.com:ultrazed_eg_iocc:part0:1.0 available at /media/nguyenvietthi/DATA/linux_tools/Xilinx/Vivado/2018.1/data/boards/board_files/bdf-master/ultrazed_3eg_iocc_es1/1.0/board.xml as part xczu3eg-sfva625-1-i-es1 specified in board_part file is either invalid or not available
WARNING: [Board 49-26] cannot add Board Part em.avnet.com:ultrazed_eg_pciecc:part0:1.0 available at /media/nguyenvietthi/DATA/linux_tools/Xilinx/Vivado/2018.1/data/boards/board_files/bdf-master/ultrazed_3eg_pciecc_es1/1.0/board.xml as part xczu3eg-sfva625-1-i-es1 specified in board_part file is either invalid or not available
WARNING: [Board 49-26] cannot add Board Part em.avnet.com:ultrazed_eg_som:part0:1.0 available at /media/nguyenvietthi/DATA/linux_tools/Xilinx/Vivado/2018.1/data/boards/board_files/bdf-master/ultrazed_3eg_som_es1/1.0/board.xml as part xczu3eg-sfva625-1-i-es1 specified in board_part file is either invalid or not available
WARNING: [Board 49-26] cannot add Board Part em.avnet.com:ultrazed_ev_som_es2:part0:1.1 available at /media/nguyenvietthi/DATA/linux_tools/Xilinx/Vivado/2018.1/data/boards/board_files/bdf-master/ultrazed_7ev_som_es2/1.1/board.xml as part xczu7ev-fbvb900-1-i-es2 specified in board_part file is either invalid or not available
WARNING: [Board 49-26] cannot add Board Part em.avnet.com:ultrazed_7ev_cc_es2:part0:1.1 available at /media/nguyenvietthi/DATA/linux_tools/Xilinx/Vivado/2018.1/data/boards/board_files/bdf-master/ultrazed_7ev_cc_es2/1.1/board.xml as part xczu7ev-fbvb900-1-i-es2 specified in board_part file is either invalid or not available
WARNING: [Board 49-26] cannot add Board Part em.avnet.com:ultrazed_eg_iocc:part0:1.0 available at /media/nguyenvietthi/DATA/linux_tools/Xilinx/Vivado/2018.1/data/boards/board_files/bdf-master/ultrazed_3eg_iocc_es1/1.0/board.xml as part xczu3eg-sfva625-1-i-es1 specified in board_part file is either invalid or not available
WARNING: [Board 49-26] cannot add Board Part em.avnet.com:ultrazed_eg_pciecc:part0:1.0 available at /media/nguyenvietthi/DATA/linux_tools/Xilinx/Vivado/2018.1/data/boards/board_files/bdf-master/ultrazed_3eg_pciecc_es1/1.0/board.xml as part xczu3eg-sfva625-1-i-es1 specified in board_part file is either invalid or not available
WARNING: [Board 49-26] cannot add Board Part em.avnet.com:ultrazed_eg_som:part0:1.0 available at /media/nguyenvietthi/DATA/linux_tools/Xilinx/Vivado/2018.1/data/boards/board_files/bdf-master/ultrazed_3eg_som_es1/1.0/board.xml as part xczu3eg-sfva625-1-i-es1 specified in board_part file is either invalid or not available
WARNING: [Board 49-26] cannot add Board Part em.avnet.com:ultrazed_ev_som_es2:part0:1.1 available at /media/nguyenvietthi/DATA/linux_tools/Xilinx/Vivado/2018.1/data/boards/board_files/bdf-master/ultrazed_7ev_som_es2/1.1/board.xml as part xczu7ev-fbvb900-1-i-es2 specified in board_part file is either invalid or not available
WARNING: [Board 49-26] cannot add Board Part em.avnet.com:ultrazed_7ev_cc_es2:part0:1.1 available at /media/nguyenvietthi/DATA/linux_tools/Xilinx/Vivado/2018.1/data/boards/board_files/bdf-master/ultrazed_7ev_cc_es2/1.1/board.xml as part xczu7ev-fbvb900-1-i-es2 specified in board_part file is either invalid or not available
WARNING: [Board 49-26] cannot add Board Part em.avnet.com:ultrazed_eg_iocc:part0:1.0 available at /media/nguyenvietthi/DATA/linux_tools/Xilinx/Vivado/2018.1/data/boards/board_files/bdf-master/ultrazed_3eg_iocc_es1/1.0/board.xml as part xczu3eg-sfva625-1-i-es1 specified in board_part file is either invalid or not available
WARNING: [Board 49-26] cannot add Board Part em.avnet.com:ultrazed_eg_pciecc:part0:1.0 available at /media/nguyenvietthi/DATA/linux_tools/Xilinx/Vivado/2018.1/data/boards/board_files/bdf-master/ultrazed_3eg_pciecc_es1/1.0/board.xml as part xczu3eg-sfva625-1-i-es1 specified in board_part file is either invalid or not available
WARNING: [Board 49-26] cannot add Board Part em.avnet.com:ultrazed_eg_som:part0:1.0 available at /media/nguyenvietthi/DATA/linux_tools/Xilinx/Vivado/2018.1/data/boards/board_files/bdf-master/ultrazed_3eg_som_es1/1.0/board.xml as part xczu3eg-sfva625-1-i-es1 specified in board_part file is either invalid or not available
WARNING: [Board 49-26] cannot add Board Part em.avnet.com:ultrazed_ev_som_es2:part0:1.1 available at /media/nguyenvietthi/DATA/linux_tools/Xilinx/Vivado/2018.1/data/boards/board_files/bdf-master/ultrazed_7ev_som_es2/1.1/board.xml as part xczu7ev-fbvb900-1-i-es2 specified in board_part file is either invalid or not available
WARNING: [Board 49-26] cannot add Board Part em.avnet.com:ultrazed_7ev_cc_es2:part0:1.1 available at /media/nguyenvietthi/DATA/linux_tools/Xilinx/Vivado/2018.1/data/boards/board_files/bdf-master/ultrazed_7ev_cc_es2/1.1/board.xml as part xczu7ev-fbvb900-1-i-es2 specified in board_part file is either invalid or not available
WARNING: [Board 49-26] cannot add Board Part em.avnet.com:ultrazed_eg_iocc:part0:1.0 available at /media/nguyenvietthi/DATA/linux_tools/Xilinx/Vivado/2018.1/data/boards/board_files/bdf-master/ultrazed_3eg_iocc_es1/1.0/board.xml as part xczu3eg-sfva625-1-i-es1 specified in board_part file is either invalid or not available
WARNING: [Board 49-26] cannot add Board Part em.avnet.com:ultrazed_eg_pciecc:part0:1.0 available at /media/nguyenvietthi/DATA/linux_tools/Xilinx/Vivado/2018.1/data/boards/board_files/bdf-master/ultrazed_3eg_pciecc_es1/1.0/board.xml as part xczu3eg-sfva625-1-i-es1 specified in board_part file is either invalid or not available
WARNING: [Board 49-26] cannot add Board Part em.avnet.com:ultrazed_eg_som:part0:1.0 available at /media/nguyenvietthi/DATA/linux_tools/Xilinx/Vivado/2018.1/data/boards/board_files/bdf-master/ultrazed_3eg_som_es1/1.0/board.xml as part xczu3eg-sfva625-1-i-es1 specified in board_part file is either invalid or not available
WARNING: [Board 49-26] cannot add Board Part em.avnet.com:ultrazed_ev_som_es2:part0:1.1 available at /media/nguyenvietthi/DATA/linux_tools/Xilinx/Vivado/2018.1/data/boards/board_files/bdf-master/ultrazed_7ev_som_es2/1.1/board.xml as part xczu7ev-fbvb900-1-i-es2 specified in board_part file is either invalid or not available
WARNING: [Board 49-26] cannot add Board Part em.avnet.com:ultrazed_7ev_cc_es2:part0:1.1 available at /media/nguyenvietthi/DATA/linux_tools/Xilinx/Vivado/2018.1/data/boards/board_files/bdf-master/ultrazed_7ev_cc_es2/1.1/board.xml as part xczu7ev-fbvb900-1-i-es2 specified in board_part file is either invalid or not available
WARNING: [Board 49-26] cannot add Board Part em.avnet.com:ultrazed_eg_iocc:part0:1.0 available at /media/nguyenvietthi/DATA/linux_tools/Xilinx/Vivado/2018.1/data/boards/board_files/bdf-master/ultrazed_3eg_iocc_es1/1.0/board.xml as part xczu3eg-sfva625-1-i-es1 specified in board_part file is either invalid or not available
WARNING: [Board 49-26] cannot add Board Part em.avnet.com:ultrazed_eg_pciecc:part0:1.0 available at /media/nguyenvietthi/DATA/linux_tools/Xilinx/Vivado/2018.1/data/boards/board_files/bdf-master/ultrazed_3eg_pciecc_es1/1.0/board.xml as part xczu3eg-sfva625-1-i-es1 specified in board_part file is either invalid or not available
WARNING: [Board 49-26] cannot add Board Part em.avnet.com:ultrazed_eg_som:part0:1.0 available at /media/nguyenvietthi/DATA/linux_tools/Xilinx/Vivado/2018.1/data/boards/board_files/bdf-master/ultrazed_3eg_som_es1/1.0/board.xml as part xczu3eg-sfva625-1-i-es1 specified in board_part file is either invalid or not available
WARNING: [Board 49-26] cannot add Board Part em.avnet.com:ultrazed_ev_som_es2:part0:1.1 available at /media/nguyenvietthi/DATA/linux_tools/Xilinx/Vivado/2018.1/data/boards/board_files/bdf-master/ultrazed_7ev_som_es2/1.1/board.xml as part xczu7ev-fbvb900-1-i-es2 specified in board_part file is either invalid or not available
create_project smart_toilet_system_controller . -part xc7z020clg484-1
INFO: [IP_Flow 19-234] Refreshing IP repositories
INFO: [IP_Flow 19-1704] No user IP repositories specified
INFO: [IP_Flow 19-2313] Loaded Vivado IP repository '/media/nguyenvietthi/DATA/linux_tools/Xilinx/Vivado/2018.1/data/ip'.
create_project: Time (s): cpu = 00:00:08 ; elapsed = 00:00:05 . Memory (MB): peak = 6152.547 ; gain = 29.500 ; free physical = 2839 ; free virtual = 20350
set_property board_part em.avnet.com:zed:part0:1.4 [current_project]
add_files -norecurse {/media/nguyenvietthi/DATA/nam4/HTN/embedded_system_20212/fpga/smart_toilet_system_controller/src/libs/dti_reg_blk/hdl/regs.v /media/nguyenvietthi/DATA/nam4/HTN/embedded_system_20212/fpga/smart_toilet_system_controller/src/libs/dti_reg_blk/hdl/rb_apb_bridge.sv /media/nguyenvietthi/DATA/nam4/HTN/embedded_system_20212/fpga/smart_toilet_system_controller/src/hdl/controller.v /media/nguyenvietthi/DATA/nam4/HTN/embedded_system_20212/fpga/smart_toilet_system_controller/src/hdl/core.v /media/nguyenvietthi/DATA/nam4/HTN/embedded_system_20212/fpga/smart_toilet_system_controller/src/hdl/warm_up.v /media/nguyenvietthi/DATA/nam4/HTN/embedded_system_20212/fpga/smart_toilet_system_controller/src/libs/dti_reg_blk/hdl/register_block.sv /media/nguyenvietthi/DATA/nam4/HTN/embedded_system_20212/fpga/smart_toilet_system_controller/src/hdl/clock_generator.v /media/nguyenvietthi/DATA/nam4/HTN/embedded_system_20212/fpga/smart_toilet_system_controller/src/hdl/counter.v /media/nguyenvietthi/DATA/nam4/HTN/embedded_system_20212/fpga/smart_toilet_system_controller/src/hdl/smart_toilet_system_top.v}
update_compile_order -fileset sources_1
update_compile_order -fileset sources_1
WARNING: [IP_Flow 19-3899] Cannot get the environment domain name variable for the component vendor name. Setting the vendor name to 'user.org'.
ipx::package_project -root_dir /media/nguyenvietthi/DATA/nam4/HTN/embedded_system_20212/fpga/smart_toilet_system_controller -vendor user.org -library user -taxonomy /UserIP
INFO: [IP_Flow 19-5169] Module 'smart_toilet_system_top' uses SystemVerilog sources with a Verilog top file. These SystemVerilog files will not be analysed by the packager.
INFO: [IP_Flow 19-5107] Inferred bus interface 'reset_n' of definition 'xilinx.com:signal:reset:1.0' (from Xilinx Repository).
INFO: [IP_Flow 19-5107] Inferred bus interface 'clk' of definition 'xilinx.com:signal:clock:1.0' (from Xilinx Repository).
WARNING: [IP_Flow 19-3153] Bus Interface 'clk': ASSOCIATED_BUSIF bus parameter is missing.
INFO: [IP_Flow 19-2181] Payment Required is not set for this core.
INFO: [IP_Flow 19-2187] The Product Guide file is missing.
ipx::infer_bus_interfaces xilinx.com:interface:apb_rtl:1.0 [ipx::current_core]
INFO: [IP_Flow 19-5107] Inferred bus interface 'interface_apb' of definition 'xilinx.com:interface:apb:1.0' (from TCL Argument).
set_property core_revision 2 [ipx::current_core]
ipx::create_xgui_files [ipx::current_core]
ipx::update_checksums [ipx::current_core]
ipx::save_core [ipx::current_core]
set_property  ip_repo_paths  /media/nguyenvietthi/DATA/nam4/HTN/embedded_system_20212/fpga/smart_toilet_system_controller [current_project]
update_ip_catalog
INFO: [IP_Flow 19-234] Refreshing IP repositories
INFO: [IP_Flow 19-1700] Loaded user IP repository '/media/nguyenvietthi/DATA/nam4/HTN/embedded_system_20212/fpga/smart_toilet_system_controller'.
exit
INFO: [Common 17-206] Exiting Vivado at Mon Jun 27 22:00:20 2022...
